06, 27, 2003 (23:08:46): Opening rpy file C:\Rhapsody40\Share/Properties\PredefinedTypes.sbs
06, 27, 2003 (23:08:46): 
 Started loading C:\Rhapsody40\Share/Properties\PredefinedTypes.sbs on Friday, June 27, 2003 (23:08:46).-

06, 27, 2003 (23:08:46): 

Starting inUnit resolution phase


06, 27, 2003 (23:08:46): 

Finished inUnit resolution phase


06, 27, 2003 (23:08:46): 
 Finished loading C:\Rhapsody40\Share/Properties\PredefinedTypes.sbs on Friday, June 27, 2003 (23:08:46).-

06, 27, 2003 (23:08:46): Opening rpy file C:\Rhapsody40\Share/Properties\PredefinedTypesC++.sbs
06, 27, 2003 (23:08:46): 
 Started loading C:\Rhapsody40\Share/Properties\PredefinedTypesC++.sbs on Friday, June 27, 2003 (23:08:46).-

06, 27, 2003 (23:08:47): 

Starting inUnit resolution phase


06, 27, 2003 (23:08:47): 

Finished inUnit resolution phase


06, 27, 2003 (23:08:47): 
 Finished loading C:\Rhapsody40\Share/Properties\PredefinedTypesC++.sbs on Friday, June 27, 2003 (23:08:47).-

06, 27, 2003 (23:08:47): Opening rpy file C:\DistComponents\ShiftLogic\ShiftLogic.rpy
06, 27, 2003 (23:08:47): 
 Started loading C:\DistComponents\ShiftLogic\ShiftLogic.rpy on Friday, June 27, 2003 (23:08:47).-

06, 27, 2003 (23:08:47): Opening rpy file Default.sbs
06, 27, 2003 (23:08:47): 
 Started loading Default.sbs on Friday, June 27, 2003 (23:08:47).-

06, 27, 2003 (23:08:47): 
 Finished loading Default.sbs on Friday, June 27, 2003 (23:08:47).-

06, 27, 2003 (23:08:47): Opening rpy file C:\DistComponents\ShiftLogic\ShiftLogic_rpy\Default.sbs
06, 27, 2003 (23:08:47): 
 Started loading C:\DistComponents\ShiftLogic\ShiftLogic_rpy\Default.sbs on Friday, June 27, 2003 (23:08:47).-

06, 27, 2003 (23:08:47): 

Starting inUnit resolution phase


06, 27, 2003 (23:08:47): 

Finished inUnit resolution phase


06, 27, 2003 (23:08:47): 
 Finished loading C:\DistComponents\ShiftLogic\ShiftLogic_rpy\Default.sbs on Friday, June 27, 2003 (23:08:47).-

06, 27, 2003 (23:08:47): Opening rpy file StandardModels.sbs
06, 27, 2003 (23:08:47): 
 Started loading StandardModels.sbs on Friday, June 27, 2003 (23:08:47).-

06, 27, 2003 (23:08:47): 
 Finished loading StandardModels.sbs on Friday, June 27, 2003 (23:08:47).-

06, 27, 2003 (23:08:47): Opening rpy file C:\DistComponents\ShiftLogic\ShiftLogic_rpy\StandardModels.sbs
06, 27, 2003 (23:08:47): 
 Started loading C:\DistComponents\ShiftLogic\ShiftLogic_rpy\StandardModels.sbs on Friday, June 27, 2003 (23:08:47).-

06, 27, 2003 (23:08:47): 

Starting inUnit resolution phase


06, 27, 2003 (23:08:47): 

Finished inUnit resolution phase


06, 27, 2003 (23:08:47): 
 Finished loading C:\DistComponents\ShiftLogic\ShiftLogic_rpy\StandardModels.sbs on Friday, June 27, 2003 (23:08:47).-

06, 27, 2003 (23:08:47): Opening rpy file TransmissionModels.sbs
06, 27, 2003 (23:08:47): 
 Started loading TransmissionModels.sbs on Friday, June 27, 2003 (23:08:47).-

06, 27, 2003 (23:08:47): 
 Finished loading TransmissionModels.sbs on Friday, June 27, 2003 (23:08:47).-

06, 27, 2003 (23:08:47): Opening rpy file C:\DistComponents\ShiftLogic\ShiftLogic_rpy\TransmissionModels.sbs
06, 27, 2003 (23:08:47): 
 Started loading C:\DistComponents\ShiftLogic\ShiftLogic_rpy\TransmissionModels.sbs on Friday, June 27, 2003 (23:08:47).-

06, 27, 2003 (23:08:48): 

Starting inUnit resolution phase


06, 27, 2003 (23:08:48): 

Finished inUnit resolution phase


06, 27, 2003 (23:08:48): 
 Finished loading C:\DistComponents\ShiftLogic\ShiftLogic_rpy\TransmissionModels.sbs on Friday, June 27, 2003 (23:08:48).-

06, 27, 2003 (23:08:48): Opening rpy file TransmissionControlModels.sbs
06, 27, 2003 (23:08:48): 
 Started loading TransmissionControlModels.sbs on Friday, June 27, 2003 (23:08:48).-

06, 27, 2003 (23:08:48): 
 Finished loading TransmissionControlModels.sbs on Friday, June 27, 2003 (23:08:48).-

06, 27, 2003 (23:08:48): Opening rpy file C:\DistComponents\ShiftLogic\ShiftLogic_rpy\TransmissionControlModels.sbs
06, 27, 2003 (23:08:48): 
 Started loading C:\DistComponents\ShiftLogic\ShiftLogic_rpy\TransmissionControlModels.sbs on Friday, June 27, 2003 (23:08:48).-

06, 27, 2003 (23:08:48): 

Starting inUnit resolution phase


06, 27, 2003 (23:08:48): 

Finished inUnit resolution phase


06, 27, 2003 (23:08:48): 
 Finished loading C:\DistComponents\ShiftLogic\ShiftLogic_rpy\TransmissionControlModels.sbs on Friday, June 27, 2003 (23:08:48).-

06, 27, 2003 (23:08:48): Opening rpy file VehicleModels.sbs
06, 27, 2003 (23:08:48): 
 Started loading VehicleModels.sbs on Friday, June 27, 2003 (23:08:48).-

06, 27, 2003 (23:08:48): 
 Finished loading VehicleModels.sbs on Friday, June 27, 2003 (23:08:48).-

06, 27, 2003 (23:08:48): Opening rpy file C:\DistComponents\ShiftLogic\ShiftLogic_rpy\VehicleModels.sbs
06, 27, 2003 (23:08:48): 
 Started loading C:\DistComponents\ShiftLogic\ShiftLogic_rpy\VehicleModels.sbs on Friday, June 27, 2003 (23:08:48).-

06, 27, 2003 (23:08:48): 

Starting inUnit resolution phase


06, 27, 2003 (23:08:48): 

Finished inUnit resolution phase


06, 27, 2003 (23:08:48): 
 Finished loading C:\DistComponents\ShiftLogic\ShiftLogic_rpy\VehicleModels.sbs on Friday, June 27, 2003 (23:08:48).-

06, 27, 2003 (23:08:48): Opening rpy file GUIModels.sbs
06, 27, 2003 (23:08:48): 
 Started loading GUIModels.sbs on Friday, June 27, 2003 (23:08:48).-

06, 27, 2003 (23:08:48): 
 Finished loading GUIModels.sbs on Friday, June 27, 2003 (23:08:48).-

06, 27, 2003 (23:08:48): Opening rpy file C:\DistComponents\ShiftLogic\ShiftLogic_rpy\GUIModels.sbs
06, 27, 2003 (23:08:48): 
 Started loading C:\DistComponents\ShiftLogic\ShiftLogic_rpy\GUIModels.sbs on Friday, June 27, 2003 (23:08:48).-

06, 27, 2003 (23:08:49): 

Starting inUnit resolution phase


06, 27, 2003 (23:08:49): 

Finished inUnit resolution phase


06, 27, 2003 (23:08:49): 
 Finished loading C:\DistComponents\ShiftLogic\ShiftLogic_rpy\GUIModels.sbs on Friday, June 27, 2003 (23:08:49).-

06, 27, 2003 (23:08:49): Opening rpy file Application.sbs
06, 27, 2003 (23:08:49): 
 Started loading Application.sbs on Friday, June 27, 2003 (23:08:49).-

06, 27, 2003 (23:08:49): 
 Finished loading Application.sbs on Friday, June 27, 2003 (23:08:49).-

06, 27, 2003 (23:08:49): Opening rpy file C:\DistComponents\ShiftLogic\ShiftLogic_rpy\Application.sbs
06, 27, 2003 (23:08:49): 
 Started loading C:\DistComponents\ShiftLogic\ShiftLogic_rpy\Application.sbs on Friday, June 27, 2003 (23:08:49).-

06, 27, 2003 (23:08:49): 

Starting inUnit resolution phase


06, 27, 2003 (23:08:49): 

Finished inUnit resolution phase


06, 27, 2003 (23:08:49): 
 Finished loading C:\DistComponents\ShiftLogic\ShiftLogic_rpy\Application.sbs on Friday, June 27, 2003 (23:08:49).-

06, 27, 2003 (23:08:49): Opening rpy file ReverseEngineering.sbs
06, 27, 2003 (23:08:49): 
 Started loading ReverseEngineering.sbs on Friday, June 27, 2003 (23:08:49).-

06, 27, 2003 (23:08:49): 
 Finished loading ReverseEngineering.sbs on Friday, June 27, 2003 (23:08:49).-

06, 27, 2003 (23:08:49): Opening rpy file C:\DistComponents\ShiftLogic\ShiftLogic_rpy\ReverseEngineering.sbs
06, 27, 2003 (23:08:49): 
 Started loading C:\DistComponents\ShiftLogic\ShiftLogic_rpy\ReverseEngineering.sbs on Friday, June 27, 2003 (23:08:49).-

06, 27, 2003 (23:08:49): 

Starting inUnit resolution phase


06, 27, 2003 (23:08:49): 

Finished inUnit resolution phase


06, 27, 2003 (23:08:49): 
 Finished loading C:\DistComponents\ShiftLogic\ShiftLogic_rpy\ReverseEngineering.sbs on Friday, June 27, 2003 (23:08:49).-

06, 27, 2003 (23:08:49): Opening rpy file UI.sbs
06, 27, 2003 (23:08:49): 
 Started loading UI.sbs on Friday, June 27, 2003 (23:08:49).-

06, 27, 2003 (23:08:49): 
 Finished loading UI.sbs on Friday, June 27, 2003 (23:08:49).-

06, 27, 2003 (23:08:49): Opening rpy file C:\DistComponents\ShiftLogic\ShiftLogic_rpy\UI.sbs
06, 27, 2003 (23:08:49): 
 Started loading C:\DistComponents\ShiftLogic\ShiftLogic_rpy\UI.sbs on Friday, June 27, 2003 (23:08:49).-

06, 27, 2003 (23:08:49): 

Starting inUnit resolution phase


06, 27, 2003 (23:08:49): 

Finished inUnit resolution phase


06, 27, 2003 (23:08:49): 
 Finished loading C:\DistComponents\ShiftLogic\ShiftLogic_rpy\UI.sbs on Friday, June 27, 2003 (23:08:49).-

06, 27, 2003 (23:08:49): Opening rpy file DemoApp.sbs
06, 27, 2003 (23:08:49): 
 Started loading DemoApp.sbs on Friday, June 27, 2003 (23:08:49).-

06, 27, 2003 (23:08:49): 
 Finished loading DemoApp.sbs on Friday, June 27, 2003 (23:08:49).-

06, 27, 2003 (23:08:49): Opening rpy file C:\DistComponents\ShiftLogic\ShiftLogic_rpy\DemoApp.sbs
06, 27, 2003 (23:08:49): 
 Started loading C:\DistComponents\ShiftLogic\ShiftLogic_rpy\DemoApp.sbs on Friday, June 27, 2003 (23:08:49).-

06, 27, 2003 (23:08:49): 

Starting inUnit resolution phase


06, 27, 2003 (23:08:49): 

Finished inUnit resolution phase


06, 27, 2003 (23:08:49): 
 Finished loading C:\DistComponents\ShiftLogic\ShiftLogic_rpy\DemoApp.sbs on Friday, June 27, 2003 (23:08:49).-

06, 27, 2003 (23:08:49): Opening rpy file Application1.sbs
06, 27, 2003 (23:08:49): 
 Started loading Application1.sbs on Friday, June 27, 2003 (23:08:49).-

06, 27, 2003 (23:08:49): 
 Finished loading Application1.sbs on Friday, June 27, 2003 (23:08:49).-

06, 27, 2003 (23:08:49): Opening rpy file C:\DistComponents\ShiftLogic\ShiftLogic_rpy\Application1.sbs
06, 27, 2003 (23:08:49): 
 Started loading C:\DistComponents\ShiftLogic\ShiftLogic_rpy\Application1.sbs on Friday, June 27, 2003 (23:08:49).-

06, 27, 2003 (23:08:50): 

Starting inUnit resolution phase


06, 27, 2003 (23:08:50): 

Finished inUnit resolution phase


06, 27, 2003 (23:08:50): 
 Finished loading C:\DistComponents\ShiftLogic\ShiftLogic_rpy\Application1.sbs on Friday, June 27, 2003 (23:08:50).-

06, 27, 2003 (23:08:50): Opening rpy file DiscreteTransmissionModels.sbs
06, 27, 2003 (23:08:50): 
 Started loading DiscreteTransmissionModels.sbs on Friday, June 27, 2003 (23:08:50).-

06, 27, 2003 (23:08:50): 
 Finished loading DiscreteTransmissionModels.sbs on Friday, June 27, 2003 (23:08:50).-

06, 27, 2003 (23:08:50): Opening rpy file C:\DistComponents\ShiftLogic\ShiftLogic_rpy\DiscreteTransmissionModels.sbs
06, 27, 2003 (23:08:50): 
 Started loading C:\DistComponents\ShiftLogic\ShiftLogic_rpy\DiscreteTransmissionModels.sbs on Friday, June 27, 2003 (23:08:50).-

06, 27, 2003 (23:08:50): 

Starting inUnit resolution phase


06, 27, 2003 (23:08:50): 

Finished inUnit resolution phase


06, 27, 2003 (23:08:50): 
 Finished loading C:\DistComponents\ShiftLogic\ShiftLogic_rpy\DiscreteTransmissionModels.sbs on Friday, June 27, 2003 (23:08:50).-

06, 27, 2003 (23:08:50): Opening rpy file AppSimple.sbs
06, 27, 2003 (23:08:50): 
 Started loading AppSimple.sbs on Friday, June 27, 2003 (23:08:50).-

06, 27, 2003 (23:08:50): 
 Finished loading AppSimple.sbs on Friday, June 27, 2003 (23:08:50).-

06, 27, 2003 (23:08:50): Opening rpy file C:\DistComponents\ShiftLogic\ShiftLogic_rpy\AppSimple.sbs
06, 27, 2003 (23:08:50): 
 Started loading C:\DistComponents\ShiftLogic\ShiftLogic_rpy\AppSimple.sbs on Friday, June 27, 2003 (23:08:50).-

06, 27, 2003 (23:08:50): 

Starting inUnit resolution phase


06, 27, 2003 (23:08:50): 

Finished inUnit resolution phase


06, 27, 2003 (23:08:50): 
 Finished loading C:\DistComponents\ShiftLogic\ShiftLogic_rpy\AppSimple.sbs on Friday, June 27, 2003 (23:08:50).-

06, 27, 2003 (23:08:50): Opening rpy file Actuator.omd
06, 27, 2003 (23:08:50): 
 Started loading Actuator.omd on Friday, June 27, 2003 (23:08:50).-

06, 27, 2003 (23:08:50): 
 Finished loading Actuator.omd on Friday, June 27, 2003 (23:08:50).-

06, 27, 2003 (23:08:50): Opening rpy file C:\DistComponents\ShiftLogic\ShiftLogic_rpy\Actuator.omd
06, 27, 2003 (23:08:50): 
 Started loading C:\DistComponents\ShiftLogic\ShiftLogic_rpy\Actuator.omd on Friday, June 27, 2003 (23:08:50).-

06, 27, 2003 (23:08:50): 

Starting inUnit resolution phase


06, 27, 2003 (23:08:50): 

Finished inUnit resolution phase


06, 27, 2003 (23:08:50): 
 Finished loading C:\DistComponents\ShiftLogic\ShiftLogic_rpy\Actuator.omd on Friday, June 27, 2003 (23:08:50).-

06, 27, 2003 (23:08:50): Opening rpy file StandardModels.omd
06, 27, 2003 (23:08:50): 
 Started loading StandardModels.omd on Friday, June 27, 2003 (23:08:50).-

06, 27, 2003 (23:08:50): 
 Finished loading StandardModels.omd on Friday, June 27, 2003 (23:08:50).-

06, 27, 2003 (23:08:50): Opening rpy file C:\DistComponents\ShiftLogic\ShiftLogic_rpy\StandardModels.omd
06, 27, 2003 (23:08:50): 
 Started loading C:\DistComponents\ShiftLogic\ShiftLogic_rpy\StandardModels.omd on Friday, June 27, 2003 (23:08:50).-

06, 27, 2003 (23:08:50): 

Starting inUnit resolution phase


06, 27, 2003 (23:08:50): 

Finished inUnit resolution phase


06, 27, 2003 (23:08:50): 
 Finished loading C:\DistComponents\ShiftLogic\ShiftLogic_rpy\StandardModels.omd on Friday, June 27, 2003 (23:08:50).-

06, 27, 2003 (23:08:50): Opening rpy file ClutchModels.omd
06, 27, 2003 (23:08:50): 
 Started loading ClutchModels.omd on Friday, June 27, 2003 (23:08:50).-

06, 27, 2003 (23:08:50): 
 Finished loading ClutchModels.omd on Friday, June 27, 2003 (23:08:50).-

06, 27, 2003 (23:08:50): Opening rpy file C:\DistComponents\ShiftLogic\ShiftLogic_rpy\ClutchModels.omd
06, 27, 2003 (23:08:50): 
 Started loading C:\DistComponents\ShiftLogic\ShiftLogic_rpy\ClutchModels.omd on Friday, June 27, 2003 (23:08:50).-

06, 27, 2003 (23:08:50): 

Starting inUnit resolution phase


06, 27, 2003 (23:08:50): 

Finished inUnit resolution phase


06, 27, 2003 (23:08:50): 
 Finished loading C:\DistComponents\ShiftLogic\ShiftLogic_rpy\ClutchModels.omd on Friday, June 27, 2003 (23:08:50).-

06, 27, 2003 (23:08:50): Opening rpy file ClutchSchedule.omd
06, 27, 2003 (23:08:50): 
 Started loading ClutchSchedule.omd on Friday, June 27, 2003 (23:08:50).-

06, 27, 2003 (23:08:50): 
 Finished loading ClutchSchedule.omd on Friday, June 27, 2003 (23:08:50).-

06, 27, 2003 (23:08:50): Opening rpy file C:\DistComponents\ShiftLogic\ShiftLogic_rpy\ClutchSchedule.omd
06, 27, 2003 (23:08:50): 
 Started loading C:\DistComponents\ShiftLogic\ShiftLogic_rpy\ClutchSchedule.omd on Friday, June 27, 2003 (23:08:50).-

06, 27, 2003 (23:08:50): 

Starting inUnit resolution phase


06, 27, 2003 (23:08:50): 

Finished inUnit resolution phase


06, 27, 2003 (23:08:50): 
 Finished loading C:\DistComponents\ShiftLogic\ShiftLogic_rpy\ClutchSchedule.omd on Friday, June 27, 2003 (23:08:50).-

06, 27, 2003 (23:08:50): Opening rpy file TransmissionController.omd
06, 27, 2003 (23:08:50): 
 Started loading TransmissionController.omd on Friday, June 27, 2003 (23:08:50).-

06, 27, 2003 (23:08:50): 
 Finished loading TransmissionController.omd on Friday, June 27, 2003 (23:08:50).-

06, 27, 2003 (23:08:50): Opening rpy file C:\DistComponents\ShiftLogic\ShiftLogic_rpy\TransmissionController.omd
06, 27, 2003 (23:08:50): 
 Started loading C:\DistComponents\ShiftLogic\ShiftLogic_rpy\TransmissionController.omd on Friday, June 27, 2003 (23:08:50).-

06, 27, 2003 (23:08:50): 

Starting inUnit resolution phase


06, 27, 2003 (23:08:50): 

Finished inUnit resolution phase


06, 27, 2003 (23:08:51): 
 Finished loading C:\DistComponents\ShiftLogic\ShiftLogic_rpy\TransmissionController.omd on Friday, June 27, 2003 (23:08:51).-

06, 27, 2003 (23:08:51): Opening rpy file Engine.omd
06, 27, 2003 (23:08:51): 
 Started loading Engine.omd on Friday, June 27, 2003 (23:08:51).-

06, 27, 2003 (23:08:51): 
 Finished loading Engine.omd on Friday, June 27, 2003 (23:08:51).-

06, 27, 2003 (23:08:51): Opening rpy file C:\DistComponents\ShiftLogic\ShiftLogic_rpy\Engine.omd
06, 27, 2003 (23:08:51): 
 Started loading C:\DistComponents\ShiftLogic\ShiftLogic_rpy\Engine.omd on Friday, June 27, 2003 (23:08:51).-

06, 27, 2003 (23:08:51): 

Starting inUnit resolution phase


06, 27, 2003 (23:08:51): 

Finished inUnit resolution phase


06, 27, 2003 (23:08:51): 
 Finished loading C:\DistComponents\ShiftLogic\ShiftLogic_rpy\Engine.omd on Friday, June 27, 2003 (23:08:51).-

06, 27, 2003 (23:08:51): Opening rpy file Ravigneaux.omd
06, 27, 2003 (23:08:51): 
 Started loading Ravigneaux.omd on Friday, June 27, 2003 (23:08:51).-

06, 27, 2003 (23:08:51): 
 Finished loading Ravigneaux.omd on Friday, June 27, 2003 (23:08:51).-

06, 27, 2003 (23:08:51): Opening rpy file C:\DistComponents\ShiftLogic\ShiftLogic_rpy\Ravigneaux.omd
06, 27, 2003 (23:08:51): 
 Started loading C:\DistComponents\ShiftLogic\ShiftLogic_rpy\Ravigneaux.omd on Friday, June 27, 2003 (23:08:51).-

06, 27, 2003 (23:08:51): 

Starting inUnit resolution phase


06, 27, 2003 (23:08:51): 

Finished inUnit resolution phase


06, 27, 2003 (23:08:51): 
 Finished loading C:\DistComponents\ShiftLogic\ShiftLogic_rpy\Ravigneaux.omd on Friday, June 27, 2003 (23:08:51).-

06, 27, 2003 (23:08:51): Opening rpy file TorqueConverter.omd
06, 27, 2003 (23:08:51): 
 Started loading TorqueConverter.omd on Friday, June 27, 2003 (23:08:51).-

06, 27, 2003 (23:08:51): 
 Finished loading TorqueConverter.omd on Friday, June 27, 2003 (23:08:51).-

06, 27, 2003 (23:08:51): Opening rpy file C:\DistComponents\ShiftLogic\ShiftLogic_rpy\TorqueConverter.omd
06, 27, 2003 (23:08:51): 
 Started loading C:\DistComponents\ShiftLogic\ShiftLogic_rpy\TorqueConverter.omd on Friday, June 27, 2003 (23:08:51).-

06, 27, 2003 (23:08:51): 

Starting inUnit resolution phase


06, 27, 2003 (23:08:51): 

Finished inUnit resolution phase


06, 27, 2003 (23:08:51): 
 Finished loading C:\DistComponents\ShiftLogic\ShiftLogic_rpy\TorqueConverter.omd on Friday, June 27, 2003 (23:08:51).-

06, 27, 2003 (23:08:51): Opening rpy file Vehicle.omd
06, 27, 2003 (23:08:51): 
 Started loading Vehicle.omd on Friday, June 27, 2003 (23:08:51).-

06, 27, 2003 (23:08:51): 
 Finished loading Vehicle.omd on Friday, June 27, 2003 (23:08:51).-

06, 27, 2003 (23:08:51): Opening rpy file C:\DistComponents\ShiftLogic\ShiftLogic_rpy\Vehicle.omd
06, 27, 2003 (23:08:51): 
 Started loading C:\DistComponents\ShiftLogic\ShiftLogic_rpy\Vehicle.omd on Friday, June 27, 2003 (23:08:51).-

06, 27, 2003 (23:08:51): 

Starting inUnit resolution phase


06, 27, 2003 (23:08:51): 

Finished inUnit resolution phase


06, 27, 2003 (23:08:51): 
 Finished loading C:\DistComponents\ShiftLogic\ShiftLogic_rpy\Vehicle.omd on Friday, June 27, 2003 (23:08:51).-

06, 27, 2003 (23:08:51): Opening rpy file Gears.omd
06, 27, 2003 (23:08:51): 
 Started loading Gears.omd on Friday, June 27, 2003 (23:08:51).-

06, 27, 2003 (23:08:51): 
 Finished loading Gears.omd on Friday, June 27, 2003 (23:08:51).-

06, 27, 2003 (23:08:51): Opening rpy file C:\DistComponents\ShiftLogic\ShiftLogic_rpy\Gears.omd
06, 27, 2003 (23:08:51): 
 Started loading C:\DistComponents\ShiftLogic\ShiftLogic_rpy\Gears.omd on Friday, June 27, 2003 (23:08:51).-

06, 27, 2003 (23:08:51): 

Starting inUnit resolution phase


06, 27, 2003 (23:08:51): 

Finished inUnit resolution phase


06, 27, 2003 (23:08:51): 
 Finished loading C:\DistComponents\ShiftLogic\ShiftLogic_rpy\Gears.omd on Friday, June 27, 2003 (23:08:51).-

06, 27, 2003 (23:08:51): Opening rpy file Application.omd
06, 27, 2003 (23:08:51): 
 Started loading Application.omd on Friday, June 27, 2003 (23:08:51).-

06, 27, 2003 (23:08:51): 
 Finished loading Application.omd on Friday, June 27, 2003 (23:08:51).-

06, 27, 2003 (23:08:51): Opening rpy file C:\DistComponents\ShiftLogic\ShiftLogic_rpy\Application.omd
06, 27, 2003 (23:08:51): 
 Started loading C:\DistComponents\ShiftLogic\ShiftLogic_rpy\Application.omd on Friday, June 27, 2003 (23:08:51).-

06, 27, 2003 (23:08:51): 

Starting inUnit resolution phase


06, 27, 2003 (23:08:51): 

Finished inUnit resolution phase


06, 27, 2003 (23:08:51): 
 Finished loading C:\DistComponents\ShiftLogic\ShiftLogic_rpy\Application.omd on Friday, June 27, 2003 (23:08:51).-

06, 27, 2003 (23:08:51): Opening rpy file DriveTrain.omd
06, 27, 2003 (23:08:51): 
 Started loading DriveTrain.omd on Friday, June 27, 2003 (23:08:51).-

06, 27, 2003 (23:08:51): 
 Finished loading DriveTrain.omd on Friday, June 27, 2003 (23:08:51).-

06, 27, 2003 (23:08:51): Opening rpy file C:\DistComponents\ShiftLogic\ShiftLogic_rpy\DriveTrain.omd
06, 27, 2003 (23:08:51): 
 Started loading C:\DistComponents\ShiftLogic\ShiftLogic_rpy\DriveTrain.omd on Friday, June 27, 2003 (23:08:51).-

06, 27, 2003 (23:08:51): 

Starting inUnit resolution phase


06, 27, 2003 (23:08:51): 

Finished inUnit resolution phase


06, 27, 2003 (23:08:51): 
 Finished loading C:\DistComponents\ShiftLogic\ShiftLogic_rpy\DriveTrain.omd on Friday, June 27, 2003 (23:08:51).-

06, 27, 2003 (23:08:51): Opening rpy file DriveTrainApplication.omd
06, 27, 2003 (23:08:51): 
 Started loading DriveTrainApplication.omd on Friday, June 27, 2003 (23:08:51).-

06, 27, 2003 (23:08:51): 
 Finished loading DriveTrainApplication.omd on Friday, June 27, 2003 (23:08:51).-

06, 27, 2003 (23:08:51): Opening rpy file C:\DistComponents\ShiftLogic\ShiftLogic_rpy\DriveTrainApplication.omd
06, 27, 2003 (23:08:51): 
 Started loading C:\DistComponents\ShiftLogic\ShiftLogic_rpy\DriveTrainApplication.omd on Friday, June 27, 2003 (23:08:51).-

06, 27, 2003 (23:08:51): 

Starting inUnit resolution phase


06, 27, 2003 (23:08:51): 

Finished inUnit resolution phase


06, 27, 2003 (23:08:51): 
 Finished loading C:\DistComponents\ShiftLogic\ShiftLogic_rpy\DriveTrainApplication.omd on Friday, June 27, 2003 (23:08:51).-

06, 27, 2003 (23:08:51): Opening rpy file DrivetrainSubsystem.omd
06, 27, 2003 (23:08:51): 
 Started loading DrivetrainSubsystem.omd on Friday, June 27, 2003 (23:08:51).-

06, 27, 2003 (23:08:51): 
 Finished loading DrivetrainSubsystem.omd on Friday, June 27, 2003 (23:08:51).-

06, 27, 2003 (23:08:51): Opening rpy file C:\DistComponents\ShiftLogic\ShiftLogic_rpy\DrivetrainSubsystem.omd
06, 27, 2003 (23:08:51): 
 Started loading C:\DistComponents\ShiftLogic\ShiftLogic_rpy\DrivetrainSubsystem.omd on Friday, June 27, 2003 (23:08:51).-

06, 27, 2003 (23:08:51): 

Starting inUnit resolution phase


06, 27, 2003 (23:08:51): 

Finished inUnit resolution phase


06, 27, 2003 (23:08:51): 
 Finished loading C:\DistComponents\ShiftLogic\ShiftLogic_rpy\DrivetrainSubsystem.omd on Friday, June 27, 2003 (23:08:51).-

06, 27, 2003 (23:08:51): Opening rpy file DefaultComponent.cmp
06, 27, 2003 (23:08:51): 
 Started loading DefaultComponent.cmp on Friday, June 27, 2003 (23:08:51).-

06, 27, 2003 (23:08:51): 
 Finished loading DefaultComponent.cmp on Friday, June 27, 2003 (23:08:51).-

06, 27, 2003 (23:08:51): Opening rpy file C:\DistComponents\ShiftLogic\ShiftLogic_rpy\DefaultComponent.cmp
06, 27, 2003 (23:08:51): 
 Started loading C:\DistComponents\ShiftLogic\ShiftLogic_rpy\DefaultComponent.cmp on Friday, June 27, 2003 (23:08:51).-

06, 27, 2003 (23:08:51): 

Starting inUnit resolution phase


06, 27, 2003 (23:08:51): 

Finished inUnit resolution phase


06, 27, 2003 (23:08:51): 
 Finished loading C:\DistComponents\ShiftLogic\ShiftLogic_rpy\DefaultComponent.cmp on Friday, June 27, 2003 (23:08:51).-

06, 27, 2003 (23:08:51): Opening rpy file AnimationComponent.cmp
06, 27, 2003 (23:08:51): 
 Started loading AnimationComponent.cmp on Friday, June 27, 2003 (23:08:51).-

06, 27, 2003 (23:08:51): 
 Finished loading AnimationComponent.cmp on Friday, June 27, 2003 (23:08:51).-

06, 27, 2003 (23:08:51): Opening rpy file C:\DistComponents\ShiftLogic\ShiftLogic_rpy\AnimationComponent.cmp
06, 27, 2003 (23:08:51): 
 Started loading C:\DistComponents\ShiftLogic\ShiftLogic_rpy\AnimationComponent.cmp on Friday, June 27, 2003 (23:08:51).-

06, 27, 2003 (23:08:51): 

Starting inUnit resolution phase


06, 27, 2003 (23:08:51): 

Finished inUnit resolution phase


06, 27, 2003 (23:08:51): 
 Finished loading C:\DistComponents\ShiftLogic\ShiftLogic_rpy\AnimationComponent.cmp on Friday, June 27, 2003 (23:08:51).-

06, 27, 2003 (23:08:51): 

Starting inUnit resolution phase


06, 27, 2003 (23:08:51): 

Finished inUnit resolution phase


06, 27, 2003 (23:08:51): 

Starting inUnit resolution phase


06, 27, 2003 (23:08:51): 

Finished inUnit resolution phase


06, 27, 2003 (23:08:51): 

Starting inUnit resolution phase


06, 27, 2003 (23:08:51): 

Finished inUnit resolution phase


06, 27, 2003 (23:08:51): 
 Finished loading C:\DistComponents\ShiftLogic\ShiftLogic.rpy on Friday, June 27, 2003 (23:08:51).-

06, 27, 2003 (23:08:51): Opening rpy file C:\DistComponents\ShiftLogic\AnimationComponent\DefaultConfig\DefaultConfig.cg_info
06, 27, 2003 (23:08:51): 
 Started loading C:\DistComponents\ShiftLogic\AnimationComponent\DefaultConfig\DefaultConfig.cg_info on Friday, June 27, 2003 (23:08:51).-

06, 27, 2003 (23:08:51): 
 Finished loading C:\DistComponents\ShiftLogic\AnimationComponent\DefaultConfig\DefaultConfig.cg_info on Friday, June 27, 2003 (23:08:51).-

06, 27, 2003 (23:08:51): Starting checks of EventsBaseID conflicts
06, 27, 2003 (23:08:51): Finished checks of EventsBaseID conflicts
06, 27, 2003 (23:08:51): End Log
