06, 27, 2003 (23:22:06): Creating C:\DistComponents\ShiftLogic\ShiftLogic.rpy
06, 27, 2003 (23:22:06): 
Started writing C:\DistComponents\ShiftLogic\ShiftLogic.rpy on Friday, June 27, 2003 (23:22:06)

06, 27, 2003 (23:22:06): 
Started writing C:\DistComponents\ShiftLogic\ShiftLogic_rpy\filesTable.dat on Friday, June 27, 2003 (23:22:06)

06, 27, 2003 (23:22:06): Finished writing C:\DistComponents\ShiftLogic\ShiftLogic_rpy\filesTable.dat on Friday, June 27, 2003 (23:22:06)

06, 27, 2003 (23:22:06): Creating C:\DistComponents\ShiftLogic\ShiftLogic_rpy\Default.sbs
06, 27, 2003 (23:22:06): 
Started writing C:\DistComponents\ShiftLogic\ShiftLogic_rpy\Default.sbs on Friday, June 27, 2003 (23:22:06)

06, 27, 2003 (23:22:07): Finished writing C:\DistComponents\ShiftLogic\ShiftLogic_rpy\Default.sbs on Friday, June 27, 2003 (23:22:07)

06, 27, 2003 (23:22:07): Creating C:\DistComponents\ShiftLogic\ShiftLogic_rpy\StandardModels.sbs
06, 27, 2003 (23:22:07): 
Started writing C:\DistComponents\ShiftLogic\ShiftLogic_rpy\StandardModels.sbs on Friday, June 27, 2003 (23:22:07)

06, 27, 2003 (23:22:07): Finished writing C:\DistComponents\ShiftLogic\ShiftLogic_rpy\StandardModels.sbs on Friday, June 27, 2003 (23:22:07)

06, 27, 2003 (23:22:07): Creating C:\DistComponents\ShiftLogic\ShiftLogic_rpy\TransmissionModels.sbs
06, 27, 2003 (23:22:07): 
Started writing C:\DistComponents\ShiftLogic\ShiftLogic_rpy\TransmissionModels.sbs on Friday, June 27, 2003 (23:22:07)

06, 27, 2003 (23:22:08): Finished writing C:\DistComponents\ShiftLogic\ShiftLogic_rpy\TransmissionModels.sbs on Friday, June 27, 2003 (23:22:08)

06, 27, 2003 (23:22:08): Creating C:\DistComponents\ShiftLogic\ShiftLogic_rpy\TransmissionControlModels.sbs
06, 27, 2003 (23:22:08): 
Started writing C:\DistComponents\ShiftLogic\ShiftLogic_rpy\TransmissionControlModels.sbs on Friday, June 27, 2003 (23:22:08)

06, 27, 2003 (23:22:09): Finished writing C:\DistComponents\ShiftLogic\ShiftLogic_rpy\TransmissionControlModels.sbs on Friday, June 27, 2003 (23:22:09)

06, 27, 2003 (23:22:09): Creating C:\DistComponents\ShiftLogic\ShiftLogic_rpy\VehicleModels.sbs
06, 27, 2003 (23:22:09): 
Started writing C:\DistComponents\ShiftLogic\ShiftLogic_rpy\VehicleModels.sbs on Friday, June 27, 2003 (23:22:09)

06, 27, 2003 (23:22:09): Finished writing C:\DistComponents\ShiftLogic\ShiftLogic_rpy\VehicleModels.sbs on Friday, June 27, 2003 (23:22:09)

06, 27, 2003 (23:22:09): Creating C:\DistComponents\ShiftLogic\ShiftLogic_rpy\GUIModels.sbs
06, 27, 2003 (23:22:09): 
Started writing C:\DistComponents\ShiftLogic\ShiftLogic_rpy\GUIModels.sbs on Friday, June 27, 2003 (23:22:09)

06, 27, 2003 (23:22:09): Finished writing C:\DistComponents\ShiftLogic\ShiftLogic_rpy\GUIModels.sbs on Friday, June 27, 2003 (23:22:09)

06, 27, 2003 (23:22:09): Creating C:\DistComponents\ShiftLogic\ShiftLogic_rpy\Application.sbs
06, 27, 2003 (23:22:09): 
Started writing C:\DistComponents\ShiftLogic\ShiftLogic_rpy\Application.sbs on Friday, June 27, 2003 (23:22:09)

06, 27, 2003 (23:22:09): Finished writing C:\DistComponents\ShiftLogic\ShiftLogic_rpy\Application.sbs on Friday, June 27, 2003 (23:22:09)

06, 27, 2003 (23:22:09): Creating C:\DistComponents\ShiftLogic\ShiftLogic_rpy\ReverseEngineering.sbs
06, 27, 2003 (23:22:09): 
Started writing C:\DistComponents\ShiftLogic\ShiftLogic_rpy\ReverseEngineering.sbs on Friday, June 27, 2003 (23:22:09)

06, 27, 2003 (23:22:09): Finished writing C:\DistComponents\ShiftLogic\ShiftLogic_rpy\ReverseEngineering.sbs on Friday, June 27, 2003 (23:22:09)

06, 27, 2003 (23:22:09): Creating C:\DistComponents\ShiftLogic\ShiftLogic_rpy\UI.sbs
06, 27, 2003 (23:22:09): 
Started writing C:\DistComponents\ShiftLogic\ShiftLogic_rpy\UI.sbs on Friday, June 27, 2003 (23:22:09)

06, 27, 2003 (23:22:09): Finished writing C:\DistComponents\ShiftLogic\ShiftLogic_rpy\UI.sbs on Friday, June 27, 2003 (23:22:09)

06, 27, 2003 (23:22:09): Creating C:\DistComponents\ShiftLogic\ShiftLogic_rpy\DemoApp.sbs
06, 27, 2003 (23:22:09): 
Started writing C:\DistComponents\ShiftLogic\ShiftLogic_rpy\DemoApp.sbs on Friday, June 27, 2003 (23:22:09)

06, 27, 2003 (23:22:09): Finished writing C:\DistComponents\ShiftLogic\ShiftLogic_rpy\DemoApp.sbs on Friday, June 27, 2003 (23:22:09)

06, 27, 2003 (23:22:09): Creating C:\DistComponents\ShiftLogic\ShiftLogic_rpy\Application1.sbs
06, 27, 2003 (23:22:09): 
Started writing C:\DistComponents\ShiftLogic\ShiftLogic_rpy\Application1.sbs on Friday, June 27, 2003 (23:22:09)

06, 27, 2003 (23:22:09): Finished writing C:\DistComponents\ShiftLogic\ShiftLogic_rpy\Application1.sbs on Friday, June 27, 2003 (23:22:09)

06, 27, 2003 (23:22:09): Creating C:\DistComponents\ShiftLogic\ShiftLogic_rpy\DiscreteTransmissionModels.sbs
06, 27, 2003 (23:22:09): 
Started writing C:\DistComponents\ShiftLogic\ShiftLogic_rpy\DiscreteTransmissionModels.sbs on Friday, June 27, 2003 (23:22:09)

06, 27, 2003 (23:22:09): Finished writing C:\DistComponents\ShiftLogic\ShiftLogic_rpy\DiscreteTransmissionModels.sbs on Friday, June 27, 2003 (23:22:09)

06, 27, 2003 (23:22:09): Creating C:\DistComponents\ShiftLogic\ShiftLogic_rpy\AppSimple.sbs
06, 27, 2003 (23:22:09): 
Started writing C:\DistComponents\ShiftLogic\ShiftLogic_rpy\AppSimple.sbs on Friday, June 27, 2003 (23:22:09)

06, 27, 2003 (23:22:09): Finished writing C:\DistComponents\ShiftLogic\ShiftLogic_rpy\AppSimple.sbs on Friday, June 27, 2003 (23:22:09)

06, 27, 2003 (23:22:09): Creating C:\DistComponents\ShiftLogic\ShiftLogic_rpy\Actuator.omd
06, 27, 2003 (23:22:09): 
Started writing C:\DistComponents\ShiftLogic\ShiftLogic_rpy\Actuator.omd on Friday, June 27, 2003 (23:22:09)

06, 27, 2003 (23:22:10): Finished writing C:\DistComponents\ShiftLogic\ShiftLogic_rpy\Actuator.omd on Friday, June 27, 2003 (23:22:10)

06, 27, 2003 (23:22:10): Creating C:\DistComponents\ShiftLogic\ShiftLogic_rpy\StandardModels.omd
06, 27, 2003 (23:22:10): 
Started writing C:\DistComponents\ShiftLogic\ShiftLogic_rpy\StandardModels.omd on Friday, June 27, 2003 (23:22:10)

06, 27, 2003 (23:22:10): Finished writing C:\DistComponents\ShiftLogic\ShiftLogic_rpy\StandardModels.omd on Friday, June 27, 2003 (23:22:10)

06, 27, 2003 (23:22:10): Creating C:\DistComponents\ShiftLogic\ShiftLogic_rpy\ClutchModels.omd
06, 27, 2003 (23:22:10): 
Started writing C:\DistComponents\ShiftLogic\ShiftLogic_rpy\ClutchModels.omd on Friday, June 27, 2003 (23:22:10)

06, 27, 2003 (23:22:10): Finished writing C:\DistComponents\ShiftLogic\ShiftLogic_rpy\ClutchModels.omd on Friday, June 27, 2003 (23:22:10)

06, 27, 2003 (23:22:10): Creating C:\DistComponents\ShiftLogic\ShiftLogic_rpy\ClutchSchedule.omd
06, 27, 2003 (23:22:10): 
Started writing C:\DistComponents\ShiftLogic\ShiftLogic_rpy\ClutchSchedule.omd on Friday, June 27, 2003 (23:22:10)

06, 27, 2003 (23:22:10): Finished writing C:\DistComponents\ShiftLogic\ShiftLogic_rpy\ClutchSchedule.omd on Friday, June 27, 2003 (23:22:10)

06, 27, 2003 (23:22:10): Creating C:\DistComponents\ShiftLogic\ShiftLogic_rpy\TransmissionController.omd
06, 27, 2003 (23:22:10): 
Started writing C:\DistComponents\ShiftLogic\ShiftLogic_rpy\TransmissionController.omd on Friday, June 27, 2003 (23:22:10)

06, 27, 2003 (23:22:10): Finished writing C:\DistComponents\ShiftLogic\ShiftLogic_rpy\TransmissionController.omd on Friday, June 27, 2003 (23:22:10)

06, 27, 2003 (23:22:10): Creating C:\DistComponents\ShiftLogic\ShiftLogic_rpy\Engine.omd
06, 27, 2003 (23:22:10): 
Started writing C:\DistComponents\ShiftLogic\ShiftLogic_rpy\Engine.omd on Friday, June 27, 2003 (23:22:10)

06, 27, 2003 (23:22:10): Finished writing C:\DistComponents\ShiftLogic\ShiftLogic_rpy\Engine.omd on Friday, June 27, 2003 (23:22:10)

06, 27, 2003 (23:22:10): Creating C:\DistComponents\ShiftLogic\ShiftLogic_rpy\Ravigneaux.omd
06, 27, 2003 (23:22:10): 
Started writing C:\DistComponents\ShiftLogic\ShiftLogic_rpy\Ravigneaux.omd on Friday, June 27, 2003 (23:22:10)

06, 27, 2003 (23:22:10): Finished writing C:\DistComponents\ShiftLogic\ShiftLogic_rpy\Ravigneaux.omd on Friday, June 27, 2003 (23:22:10)

06, 27, 2003 (23:22:10): Creating C:\DistComponents\ShiftLogic\ShiftLogic_rpy\TorqueConverter.omd
06, 27, 2003 (23:22:10): 
Started writing C:\DistComponents\ShiftLogic\ShiftLogic_rpy\TorqueConverter.omd on Friday, June 27, 2003 (23:22:10)

06, 27, 2003 (23:22:10): Finished writing C:\DistComponents\ShiftLogic\ShiftLogic_rpy\TorqueConverter.omd on Friday, June 27, 2003 (23:22:10)

06, 27, 2003 (23:22:10): Creating C:\DistComponents\ShiftLogic\ShiftLogic_rpy\Vehicle.omd
06, 27, 2003 (23:22:10): 
Started writing C:\DistComponents\ShiftLogic\ShiftLogic_rpy\Vehicle.omd on Friday, June 27, 2003 (23:22:10)

06, 27, 2003 (23:22:10): Finished writing C:\DistComponents\ShiftLogic\ShiftLogic_rpy\Vehicle.omd on Friday, June 27, 2003 (23:22:10)

06, 27, 2003 (23:22:10): Creating C:\DistComponents\ShiftLogic\ShiftLogic_rpy\Gears.omd
06, 27, 2003 (23:22:10): 
Started writing C:\DistComponents\ShiftLogic\ShiftLogic_rpy\Gears.omd on Friday, June 27, 2003 (23:22:10)

06, 27, 2003 (23:22:10): Finished writing C:\DistComponents\ShiftLogic\ShiftLogic_rpy\Gears.omd on Friday, June 27, 2003 (23:22:10)

06, 27, 2003 (23:22:10): Creating C:\DistComponents\ShiftLogic\ShiftLogic_rpy\Application.omd
06, 27, 2003 (23:22:10): 
Started writing C:\DistComponents\ShiftLogic\ShiftLogic_rpy\Application.omd on Friday, June 27, 2003 (23:22:10)

06, 27, 2003 (23:22:10): Finished writing C:\DistComponents\ShiftLogic\ShiftLogic_rpy\Application.omd on Friday, June 27, 2003 (23:22:10)

06, 27, 2003 (23:22:10): Creating C:\DistComponents\ShiftLogic\ShiftLogic_rpy\DriveTrain.omd
06, 27, 2003 (23:22:10): 
Started writing C:\DistComponents\ShiftLogic\ShiftLogic_rpy\DriveTrain.omd on Friday, June 27, 2003 (23:22:10)

06, 27, 2003 (23:22:10): Finished writing C:\DistComponents\ShiftLogic\ShiftLogic_rpy\DriveTrain.omd on Friday, June 27, 2003 (23:22:10)

06, 27, 2003 (23:22:10): Creating C:\DistComponents\ShiftLogic\ShiftLogic_rpy\DriveTrainApplication.omd
06, 27, 2003 (23:22:10): 
Started writing C:\DistComponents\ShiftLogic\ShiftLogic_rpy\DriveTrainApplication.omd on Friday, June 27, 2003 (23:22:10)

06, 27, 2003 (23:22:10): Finished writing C:\DistComponents\ShiftLogic\ShiftLogic_rpy\DriveTrainApplication.omd on Friday, June 27, 2003 (23:22:10)

06, 27, 2003 (23:22:10): Creating C:\DistComponents\ShiftLogic\ShiftLogic_rpy\DrivetrainSubsystem.omd
06, 27, 2003 (23:22:10): 
Started writing C:\DistComponents\ShiftLogic\ShiftLogic_rpy\DrivetrainSubsystem.omd on Friday, June 27, 2003 (23:22:10)

06, 27, 2003 (23:22:10): Finished writing C:\DistComponents\ShiftLogic\ShiftLogic_rpy\DrivetrainSubsystem.omd on Friday, June 27, 2003 (23:22:10)

06, 27, 2003 (23:22:10): Creating C:\DistComponents\ShiftLogic\ShiftLogic_rpy\DefaultComponent.cmp
06, 27, 2003 (23:22:10): 
Started writing C:\DistComponents\ShiftLogic\ShiftLogic_rpy\DefaultComponent.cmp on Friday, June 27, 2003 (23:22:10)

06, 27, 2003 (23:22:10): Finished writing C:\DistComponents\ShiftLogic\ShiftLogic_rpy\DefaultComponent.cmp on Friday, June 27, 2003 (23:22:10)

06, 27, 2003 (23:22:10): Creating C:\DistComponents\ShiftLogic\ShiftLogic_rpy\AnimationComponent.cmp
06, 27, 2003 (23:22:10): 
Started writing C:\DistComponents\ShiftLogic\ShiftLogic_rpy\AnimationComponent.cmp on Friday, June 27, 2003 (23:22:10)

06, 27, 2003 (23:22:10): Finished writing C:\DistComponents\ShiftLogic\ShiftLogic_rpy\AnimationComponent.cmp on Friday, June 27, 2003 (23:22:10)

06, 27, 2003 (23:22:10): Finished writing C:\DistComponents\ShiftLogic\ShiftLogic.rpy on Friday, June 27, 2003 (23:22:10)

06, 27, 2003 (23:22:10): End Log
