11, 02, 2002 (22:49:43): Opening rpy file C:\Rhapsody40\Share/Properties\PredefinedTypes.sbs
11, 02, 2002 (22:49:43): 
 Started loading C:\Rhapsody40\Share/Properties\PredefinedTypes.sbs on Saturday, November 02, 2002 (22:49:43).-

11, 02, 2002 (22:49:43): 

Starting inUnit resolution phase


11, 02, 2002 (22:49:43): 

Finished inUnit resolution phase


11, 02, 2002 (22:49:43): 
 Finished loading C:\Rhapsody40\Share/Properties\PredefinedTypes.sbs on Saturday, November 02, 2002 (22:49:43).-

11, 02, 2002 (22:49:43): Opening rpy file C:\Rhapsody40\Share/Properties\PredefinedTypesC++.sbs
11, 02, 2002 (22:49:43): 
 Started loading C:\Rhapsody40\Share/Properties\PredefinedTypesC++.sbs on Saturday, November 02, 2002 (22:49:43).-

11, 02, 2002 (22:49:43): 

Starting inUnit resolution phase


11, 02, 2002 (22:49:43): 

Finished inUnit resolution phase


11, 02, 2002 (22:49:43): 
 Finished loading C:\Rhapsody40\Share/Properties\PredefinedTypesC++.sbs on Saturday, November 02, 2002 (22:49:43).-

11, 02, 2002 (22:49:43): Opening rpy file C:\Rhapsody40\PDEReactor\PDEReactor.rpy
11, 02, 2002 (22:49:43): 
 Started loading C:\Rhapsody40\PDEReactor\PDEReactor.rpy on Saturday, November 02, 2002 (22:49:43).-

11, 02, 2002 (22:49:43): Opening rpy file Default.sbs
11, 02, 2002 (22:49:43): 
 Started loading Default.sbs on Saturday, November 02, 2002 (22:49:43).-

11, 02, 2002 (22:49:43): 
 Finished loading Default.sbs on Saturday, November 02, 2002 (22:49:43).-

11, 02, 2002 (22:49:43): Opening rpy file C:\Rhapsody40\PDEReactor\PDEReactor_rpy\Default.sbs
11, 02, 2002 (22:49:43): 
 Started loading C:\Rhapsody40\PDEReactor\PDEReactor_rpy\Default.sbs on Saturday, November 02, 2002 (22:49:43).-

11, 02, 2002 (22:49:43): 

Starting inUnit resolution phase


11, 02, 2002 (22:49:43): 

Finished inUnit resolution phase


11, 02, 2002 (22:49:43): 
 Finished loading C:\Rhapsody40\PDEReactor\PDEReactor_rpy\Default.sbs on Saturday, November 02, 2002 (22:49:43).-

11, 02, 2002 (22:49:43): Opening rpy file Models.sbs
11, 02, 2002 (22:49:43): 
 Started loading Models.sbs on Saturday, November 02, 2002 (22:49:43).-

11, 02, 2002 (22:49:43): 
 Finished loading Models.sbs on Saturday, November 02, 2002 (22:49:43).-

11, 02, 2002 (22:49:43): Opening rpy file C:\Rhapsody40\PDEReactor\PDEReactor_rpy\Models.sbs
11, 02, 2002 (22:49:43): 
 Started loading C:\Rhapsody40\PDEReactor\PDEReactor_rpy\Models.sbs on Saturday, November 02, 2002 (22:49:43).-

11, 02, 2002 (22:49:43): 

Starting inUnit resolution phase


11, 02, 2002 (22:49:43): 

Finished inUnit resolution phase


11, 02, 2002 (22:49:43): 
 Finished loading C:\Rhapsody40\PDEReactor\PDEReactor_rpy\Models.sbs on Saturday, November 02, 2002 (22:49:43).-

11, 02, 2002 (22:49:43): Opening rpy file ReverseEngineering.sbs
11, 02, 2002 (22:49:43): 
 Started loading ReverseEngineering.sbs on Saturday, November 02, 2002 (22:49:43).-

11, 02, 2002 (22:49:43): 
 Finished loading ReverseEngineering.sbs on Saturday, November 02, 2002 (22:49:43).-

11, 02, 2002 (22:49:43): Opening rpy file C:\Rhapsody40\PDEReactor\PDEReactor_rpy\ReverseEngineering.sbs
11, 02, 2002 (22:49:43): 
 Started loading C:\Rhapsody40\PDEReactor\PDEReactor_rpy\ReverseEngineering.sbs on Saturday, November 02, 2002 (22:49:43).-

11, 02, 2002 (22:49:43): 

Starting inUnit resolution phase


11, 02, 2002 (22:49:43): 

Finished inUnit resolution phase


11, 02, 2002 (22:49:43): 
 Finished loading C:\Rhapsody40\PDEReactor\PDEReactor_rpy\ReverseEngineering.sbs on Saturday, November 02, 2002 (22:49:43).-

11, 02, 2002 (22:49:43): Opening rpy file Model1.omd
11, 02, 2002 (22:49:43): 
 Started loading Model1.omd on Saturday, November 02, 2002 (22:49:43).-

11, 02, 2002 (22:49:43): 
 Finished loading Model1.omd on Saturday, November 02, 2002 (22:49:43).-

11, 02, 2002 (22:49:43): Opening rpy file C:\Rhapsody40\PDEReactor\PDEReactor_rpy\Model1.omd
11, 02, 2002 (22:49:43): 
 Started loading C:\Rhapsody40\PDEReactor\PDEReactor_rpy\Model1.omd on Saturday, November 02, 2002 (22:49:43).-

11, 02, 2002 (22:49:43): 

Starting inUnit resolution phase


11, 02, 2002 (22:49:43): 

Finished inUnit resolution phase


11, 02, 2002 (22:49:43): 
 Finished loading C:\Rhapsody40\PDEReactor\PDEReactor_rpy\Model1.omd on Saturday, November 02, 2002 (22:49:43).-

11, 02, 2002 (22:49:43): Opening rpy file DefaultComponent.cmp
11, 02, 2002 (22:49:43): 
 Started loading DefaultComponent.cmp on Saturday, November 02, 2002 (22:49:43).-

11, 02, 2002 (22:49:43): 
 Finished loading DefaultComponent.cmp on Saturday, November 02, 2002 (22:49:43).-

11, 02, 2002 (22:49:43): Opening rpy file C:\Rhapsody40\PDEReactor\PDEReactor_rpy\DefaultComponent.cmp
11, 02, 2002 (22:49:43): 
 Started loading C:\Rhapsody40\PDEReactor\PDEReactor_rpy\DefaultComponent.cmp on Saturday, November 02, 2002 (22:49:43).-

11, 02, 2002 (22:49:43): 

Starting inUnit resolution phase


11, 02, 2002 (22:49:43): 

Finished inUnit resolution phase


11, 02, 2002 (22:49:43): 
 Finished loading C:\Rhapsody40\PDEReactor\PDEReactor_rpy\DefaultComponent.cmp on Saturday, November 02, 2002 (22:49:43).-

11, 02, 2002 (22:49:43): 

Starting inUnit resolution phase


11, 02, 2002 (22:49:43): 

Finished inUnit resolution phase


11, 02, 2002 (22:49:43): 

Starting inUnit resolution phase


11, 02, 2002 (22:49:43): 

Finished inUnit resolution phase


11, 02, 2002 (22:49:43): 

Starting inUnit resolution phase


11, 02, 2002 (22:49:43): 

Finished inUnit resolution phase


11, 02, 2002 (22:49:43): 
 Finished loading C:\Rhapsody40\PDEReactor\PDEReactor.rpy on Saturday, November 02, 2002 (22:49:43).-

11, 02, 2002 (22:49:43): Starting checks of EventsBaseID conflicts
11, 02, 2002 (22:49:43): Finished checks of EventsBaseID conflicts
11, 02, 2002 (22:49:43): End Log
