10, 20, 2002 (23:05:12): Creating C:\Rhapsody40\PDEReactor\PDEReactor.rpy
10, 20, 2002 (23:05:12): 
Started writing C:\Rhapsody40\PDEReactor\PDEReactor.rpy on Sunday, October 20, 2002 (23:05:12)

10, 20, 2002 (23:05:12): 
Started writing C:\Rhapsody40\PDEReactor\PDEReactor_rpy\filesTable.dat on Sunday, October 20, 2002 (23:05:12)

10, 20, 2002 (23:05:12): Finished writing C:\Rhapsody40\PDEReactor\PDEReactor_rpy\filesTable.dat on Sunday, October 20, 2002 (23:05:12)

10, 20, 2002 (23:05:12): Creating C:\Rhapsody40\PDEReactor\PDEReactor_rpy\Default.sbs
10, 20, 2002 (23:05:12): 
Started writing C:\Rhapsody40\PDEReactor\PDEReactor_rpy\Default.sbs on Sunday, October 20, 2002 (23:05:12)

10, 20, 2002 (23:05:12): Finished writing C:\Rhapsody40\PDEReactor\PDEReactor_rpy\Default.sbs on Sunday, October 20, 2002 (23:05:12)

10, 20, 2002 (23:05:12): Creating C:\Rhapsody40\PDEReactor\PDEReactor_rpy\Models.sbs
10, 20, 2002 (23:05:12): 
Started writing C:\Rhapsody40\PDEReactor\PDEReactor_rpy\Models.sbs on Sunday, October 20, 2002 (23:05:12)

10, 20, 2002 (23:05:12): Finished writing C:\Rhapsody40\PDEReactor\PDEReactor_rpy\Models.sbs on Sunday, October 20, 2002 (23:05:12)

10, 20, 2002 (23:05:12): Creating C:\Rhapsody40\PDEReactor\PDEReactor_rpy\ReverseEngineering.sbs
10, 20, 2002 (23:05:12): 
Started writing C:\Rhapsody40\PDEReactor\PDEReactor_rpy\ReverseEngineering.sbs on Sunday, October 20, 2002 (23:05:12)

10, 20, 2002 (23:05:12): Finished writing C:\Rhapsody40\PDEReactor\PDEReactor_rpy\ReverseEngineering.sbs on Sunday, October 20, 2002 (23:05:12)

10, 20, 2002 (23:05:12): Creating C:\Rhapsody40\PDEReactor\PDEReactor_rpy\Model1.omd
10, 20, 2002 (23:05:12): 
Started writing C:\Rhapsody40\PDEReactor\PDEReactor_rpy\Model1.omd on Sunday, October 20, 2002 (23:05:12)

10, 20, 2002 (23:05:12): Finished writing C:\Rhapsody40\PDEReactor\PDEReactor_rpy\Model1.omd on Sunday, October 20, 2002 (23:05:12)

10, 20, 2002 (23:05:12): Creating C:\Rhapsody40\PDEReactor\PDEReactor_rpy\DefaultComponent.cmp
10, 20, 2002 (23:05:12): 
Started writing C:\Rhapsody40\PDEReactor\PDEReactor_rpy\DefaultComponent.cmp on Sunday, October 20, 2002 (23:05:12)

10, 20, 2002 (23:05:12): Finished writing C:\Rhapsody40\PDEReactor\PDEReactor_rpy\DefaultComponent.cmp on Sunday, October 20, 2002 (23:05:12)

10, 20, 2002 (23:05:12): Finished writing C:\Rhapsody40\PDEReactor\PDEReactor.rpy on Sunday, October 20, 2002 (23:05:12)

10, 20, 2002 (23:05:12): End Log
