***  Installation Started 10/15/2002 23:21  ***
Title: VTK 40 MSVC++ Installation
Source: E:\Documents\VTK 4.0\vtk40Cpp.exe | 10-14-2002 | 23:15:02 | 2748581
Made Dir: E:\Program Files\vtk40\include
File Copy: E:\Program Files\vtk40\include\UNWISE.EXE | 05-10-2001 | 10:04:28 | | 162304 | 432c52a3
RegDB Key: Software\Microsoft\Windows\CurrentVersion\Uninstall\VTK 40 MSVC++
RegDB Val: VTK 40 MSVC++
RegDB Name: DisplayName
RegDB Root: 2
RegDB Key: Software\Microsoft\Windows\CurrentVersion\Uninstall\VTK 40 MSVC++
RegDB Val: E:\PROGRA~1\vtk40\include\UNWISE.EXE E:\PROGRA~1\vtk40\include\INSTALL.LOG
RegDB Name: UninstallString
RegDB Root: 2
Made Dir: E:\Program Files\vtk40\include\vtk
File Copy: E:\Program Files\vtk40\include\vtk\UseVTK.cmake | 01-24-2002 | 10:58:18 | | 3624 | 440bcbdb
File Copy: E:\Program Files\vtk40\include\vtk\CMakeCache.txt | 01-16-2002 | 07:02:02 | | 21066 | 4ce91d7
Made Dir: E:\Program Files\vtk40\lib
Made Dir: E:\Program Files\vtk40\lib\vtk
Made Dir: E:\Program Files\vtk40\CxxExample
File Copy: E:\Program Files\vtk40\CxxExample\Cone.cxx | 09-19-2001 | 13:53:34 | | 2455 | 455a2d0c
File Copy: E:\Program Files\vtk40\lib\vtk\vtkjpeg.lib | 11-30-2001 | 10:20:48 | | 24372 | 3a80fc92
File Copy: E:\Program Files\vtk40\lib\vtk\vtkzlib.lib | 11-30-2001 | 10:20:10 | | 9506 | 48cd7fdd
File Copy: E:\Program Files\vtk40\lib\vtk\vtkParallel.lib | 01-30-2002 | 07:08:12 | | 307772 | 79f85b69
File Copy: E:\Program Files\vtk40\lib\vtk\vtkRendering.lib | 01-30-2002 | 07:06:50 | | 1362810 | 49f9f3b
File Copy: E:\Program Files\vtk40\lib\vtk\vtkIO.lib | 01-24-2002 | 12:08:48 | | 538278 | 210c5813
File Copy: E:\Program Files\vtk40\lib\vtk\vtkImaging.lib | 01-24-2002 | 11:30:02 | | 1025630 | 7fccad97
File Copy: E:\Program Files\vtk40\lib\vtk\vtkHybrid.lib | 01-30-2002 | 07:07:54 | | 464798 | 90b2ed4a
File Copy: E:\Program Files\vtk40\lib\vtk\vtkGraphics.lib | 01-30-2002 | 07:03:56 | | 1606580 | 8ae7ae3a
File Copy: E:\Program Files\vtk40\lib\vtk\vtkFiltering.lib | 01-24-2002 | 11:23:58 | | 354124 | 286344ca
File Copy: E:\Program Files\vtk40\lib\vtk\vtkCommon.lib | 01-24-2002 | 11:09:14 | | 1472190 | 72bf0dcc
File Copy: E:\Program Files\vtk40\lib\vtk\vtkpng.lib | 11-30-2001 | 10:20:40 | | 42902 | ad39b683
File Copy: E:\Program Files\vtk40\include\vtk\vtkToolkits.h | 12-22-2001 | 07:17:10 | | 788 | a74c1a42
File Copy: E:\Program Files\vtk40\include\vtk\vtkConfigure.h | 11-30-2001 | 09:47:12 | | 892 | a6409c98
File Copy: E:\Program Files\vtk40\include\vtk\vtkBranchExtentTranslator.h | 10-11-2001 | 08:37:58 | | 4188 | 413ede5d
File Copy: E:\Program Files\vtk40\include\vtk\vtkClipPlane.h | 10-31-2001 | 11:36:12 | | 3205 | 567b9105
File Copy: E:\Program Files\vtk40\include\vtk\vtkCommunicator.h | 11-13-2001 | 09:25:56 | | 6429 | dde679b
File Copy: E:\Program Files\vtk40\include\vtk\vtkCompositeManager.h | 10-31-2001 | 11:36:12 | | 8364 | 4da5c1bb
File Copy: E:\Program Files\vtk40\include\vtk\vtkCutMaterial.h | 11-06-2001 | 09:11:38 | | 4180 | 568e1d06
File Copy: E:\Program Files\vtk40\include\vtk\vtkCutPlane.h | 10-31-2001 | 11:36:12 | | 3177 | 505751f3
File Copy: E:\Program Files\vtk40\include\vtk\vtkExtractPolyDataPiece.h | 11-13-2001 | 09:25:56 | | 3441 | 23ae1625
File Copy: E:\Program Files\vtk40\include\vtk\vtkExtractUnstructuredGridPiece.h | 11-13-2001 | 09:25:58 | | 3593 | 12fd575d
File Copy: E:\Program Files\vtk40\include\vtk\vtkImageBlockReader.h | 10-11-2001 | 08:37:58 | | 4840 | c25af5df
File Copy: E:\Program Files\vtk40\include\vtk\vtkImageBlockWriter.h | 10-11-2001 | 08:37:58 | | 3703 | be2b0294
File Copy: E:\Program Files\vtk40\include\vtk\vtkInputPort.h | 10-11-2001 | 08:38:00 | | 5872 | e86735d5
File Copy: E:\Program Files\vtk40\include\vtk\vtkMPICommunicator.h | 11-13-2001 | 09:25:58 | | 9832 | da59b6bc
File Copy: E:\Program Files\vtk40\include\vtk\vtkMPIController.h | 11-13-2001 | 09:25:58 | | 9740 | bc35d455
File Copy: E:\Program Files\vtk40\include\vtk\vtkMPIEventLog.h | 10-11-2001 | 08:38:00 | | 4334 | 91de7501
File Copy: E:\Program Files\vtk40\include\vtk\vtkMPIGroup.h | 10-11-2001 | 08:38:00 | | 4781 | 12628aae
File Copy: E:\Program Files\vtk40\include\vtk\vtkMemoryLimitImageDataStreamer.h | 10-11-2001 | 08:38:00 | | 3341 | 24a1bfef
File Copy: E:\Program Files\vtk40\include\vtk\vtkMultiProcessController.h | 11-13-2001 | 09:25:58 | | 18805 | 9df9e0e
File Copy: E:\Program Files\vtk40\include\vtk\vtkMultiProcessLog.h | 10-11-2001 | 08:38:00 | | 3368 | 7d6656d2
File Copy: E:\Program Files\vtk40\include\vtk\vtkOutputPort.h | 10-11-2001 | 08:38:00 | | 5560 | 43daaaf3
File Copy: E:\Program Files\vtk40\include\vtk\vtkPDataSetReader.h | 11-20-2001 | 14:01:42 | | 4078 | 14e7244d
File Copy: E:\Program Files\vtk40\include\vtk\vtkPDataSetWriter.h | 11-15-2001 | 09:20:24 | | 5058 | 4b1ec07b
File Copy: E:\Program Files\vtk40\include\vtk\vtkPImageWriter.h | 10-11-2001 | 08:38:00 | | 3666 | b00adee9
File Copy: E:\Program Files\vtk40\include\vtk\vtkPLinearExtrusionFilter.h | 10-11-2001 | 08:38:00 | | 3586 | bea5787b
File Copy: E:\Program Files\vtk40\include\vtk\vtkPOPReader.h | 10-31-2001 | 11:36:14 | | 4640 | 216bfb74
File Copy: E:\Program Files\vtk40\include\vtk\vtkPPolyDataNormals.h | 10-11-2001 | 08:38:00 | | 3133 | 2cb68f02
File Copy: E:\Program Files\vtk40\include\vtk\vtkPSphereSource.h | 10-11-2001 | 08:38:00 | | 2902 | 7925705b
File Copy: E:\Program Files\vtk40\include\vtk\vtkParallelFactory.h | 10-11-2001 | 08:38:00 | | 1878 | 6290231a
File Copy: E:\Program Files\vtk40\include\vtk\vtkPieceScalars.h | 10-11-2001 | 08:38:00 | | 3770 | 98dec00
File Copy: E:\Program Files\vtk40\include\vtk\vtkPipelineSize.h | 10-11-2001 | 08:38:00 | | 4206 | 3dbaaa58
File Copy: E:\Program Files\vtk40\include\vtk\vtkRTAnalyticSource.h | 11-13-2001 | 09:25:58 | | 4260 | 280bcf6
File Copy: E:\Program Files\vtk40\include\vtk\vtkSharedMemoryCommunicator.h | 11-13-2001 | 09:25:58 | | 8129 | 18143730
File Copy: E:\Program Files\vtk40\include\vtk\vtkSocketCommunicator.h | 11-02-2001 | 11:43:02 | | 6627 | 5be0bc4a
File Copy: E:\Program Files\vtk40\include\vtk\vtkSocketController.h | 10-11-2001 | 08:38:02 | | 5459 | e5c557ee
File Copy: E:\Program Files\vtk40\include\vtk\vtkThreadSafeLog.h | 10-11-2001 | 08:38:02 | | 3599 | a5feca47
File Copy: E:\Program Files\vtk40\include\vtk\vtkThreadedController.h | 10-11-2001 | 08:38:02 | | 6272 | eb991053
File Copy: E:\Program Files\vtk40\include\vtk\vtkTransmitPolyDataPiece.h | 10-31-2001 | 11:36:16 | | 3872 | f20447ca
File Copy: E:\Program Files\vtk40\include\vtk\vtkTransmitUnstructuredGridPiece.h | 10-31-2001 | 11:36:16 | | 3919 | f8086fa7
File Copy: E:\Program Files\vtk40\include\vtk\vtkTreeComposite.h | 10-31-2001 | 11:36:16 | | 4415 | c5ee1dae
File Copy: E:\Program Files\vtk40\include\vtk\vtkPVGeometryFilter.h | 12-11-2001 | 04:32:08 | | 3352 | 29d66ee3
File Copy: E:\Program Files\vtk40\include\vtk\vtkQuartzGLView.h | 12-11-2001 | 10:01:52 | | 741 | d53c6a96
File Copy: E:\Program Files\vtk40\include\vtk\vtkTkImageViewerWidget.h | 11-13-2001 | 09:17:30 | | 3287 | e4853c81
File Copy: E:\Program Files\vtk40\include\vtk\vtkAbstractMapper3D.h | 10-11-2001 | 08:38:06 | | 4358 | e5192836
File Copy: E:\Program Files\vtk40\include\vtk\vtkAbstractPicker.h | 11-13-2001 | 09:17:18 | | 8096 | b3e1c0
File Copy: E:\Program Files\vtk40\include\vtk\vtkAbstractPropPicker.h | 10-11-2001 | 08:38:06 | | 7770 | 282d7f73
File Copy: E:\Program Files\vtk40\include\vtk\vtkTkImageWindowWidget.h | 11-13-2001 | 09:17:30 | | 3285 | 371ea92d
File Copy: E:\Program Files\vtk40\include\vtk\vtkActor.h | 10-11-2001 | 08:38:06 | | 8468 | 6440f06c
File Copy: E:\Program Files\vtk40\include\vtk\vtkActorCollection.h | 10-11-2001 | 08:38:06 | | 4385 | b811378e
File Copy: E:\Program Files\vtk40\include\vtk\vtkTkRenderWidget.h | 11-13-2001 | 09:17:30 | | 3397 | 3fedd87e
File Copy: E:\Program Files\vtk40\include\vtk\vtkAssembly.h | 10-11-2001 | 08:38:06 | | 7918 | 962a505
File Copy: E:\Program Files\vtk40\include\vtk\vtkAxisActor2D.h | 11-13-2001 | 09:17:18 | | 11647 | 7a53b866
File Copy: E:\Program Files\vtk40\include\vtk\vtkCamera.h | 11-18-2001 | 12:53:26 | | 17888 | f6713bd5
File Copy: E:\Program Files\vtk40\include\vtk\vtkCellPicker.h | 10-11-2001 | 08:38:08 | | 3889 | dc7131ab
File Copy: E:\Program Files\vtk40\include\vtk\vtkVRMLExporter.h | 11-13-2001 | 09:17:34 | | 3686 | 1ae2b31c
File Copy: E:\Program Files\vtk40\include\vtk\vtkCuller.h | 11-13-2001 | 09:17:18 | | 3089 | c6ea4186
File Copy: E:\Program Files\vtk40\include\vtk\vtkCullerCollection.h | 10-11-2001 | 08:38:08 | | 3642 | 5c246b46
File Copy: E:\Program Files\vtk40\include\vtk\vtkDataSetMapper.h | 10-11-2001 | 08:38:08 | | 3955 | b60df7ed
File Copy: E:\Program Files\vtk40\include\vtk\vtkDirectionEncoder.h | 10-11-2001 | 08:38:08 | | 3918 | 4c2198da
File Copy: E:\Program Files\vtk40\include\vtk\vtkEncodedGradientEstimator.h | 10-11-2001 | 08:38:08 | | 9238 | 6f92ac43
File Copy: E:\Program Files\vtk40\include\vtk\vtkVolumeCollection.h | 10-11-2001 | 08:38:28 | | 3708 | 705da0d0
File Copy: E:\Program Files\vtk40\include\vtk\vtkEncodedGradientShader.h | 11-13-2001 | 09:17:20 | | 6671 | d445a6a2
File Copy: E:\Program Files\vtk40\include\vtk\vtkExporter.h | 10-11-2001 | 08:38:08 | | 5289 | 4e30e681
File Copy: E:\Program Files\vtk40\include\vtk\vtkVolume.h | 10-11-2001 | 08:38:28 | | 10051 | 629768b9
File Copy: E:\Program Files\vtk40\include\vtk\vtkFiniteDifferenceGradientEstimator.h | 10-11-2001 | 08:38:08 | | 4292 | 3def95a6
File Copy: E:\Program Files\vtk40\include\vtk\vtkFollower.h | 10-21-2001 | 09:06:36 | | 4539 | 89fdea92
File Copy: E:\Program Files\vtk40\include\vtk\vtkVolumeMapper.h | 11-26-2001 | 12:16:46 | | 7043 | 9969d4f7
File Copy: E:\Program Files\vtk40\include\vtk\vtkFrustumCoverageCuller.h | 11-13-2001 | 09:17:20 | | 5345 | f5736b80
File Copy: E:\Program Files\vtk40\include\vtk\vtkVolumeProMapper.h | 11-13-2001 | 09:17:32 | | 12316 | c143c35a
File Copy: E:\Program Files\vtk40\include\vtk\vtkGraphicsFactory.h | 10-11-2001 | 08:38:10 | | 2940 | 3edb1deb
File Copy: E:\Program Files\vtk40\include\vtk\vtkIVExporter.h | 11-13-2001 | 09:17:22 | | 3298 | cae10833
File Copy: E:\Program Files\vtk40\include\vtk\vtkImageActor.h | 10-11-2001 | 08:38:10 | | 5876 | 651e8f9
File Copy: E:\Program Files\vtk40\include\vtk\vtkImageMapper.h | 10-11-2001 | 08:38:10 | | 5837 | 21166399
File Copy: E:\Program Files\vtk40\include\vtk\vtkImageViewer.h | 10-17-2001 | 08:27:36 | | 6437 | 814b7277
File Copy: E:\Program Files\vtk40\include\vtk\vtkImageViewer2.h | 12-11-2001 | 04:32:16 | | 5868 | 16928f34
File Copy: E:\Program Files\vtk40\include\vtk\vtkImageWindow.h | 10-11-2001 | 08:38:10 | | 6522 | fba2670a
File Copy: E:\Program Files\vtk40\include\vtk\vtkVolumeProVG500Mapper.h | 11-13-2001 | 09:17:32 | | 6301 | 5ca056fa
File Copy: E:\Program Files\vtk40\include\vtk\vtkImager.h | 10-11-2001 | 08:38:10 | | 4055 | aa75277b
File Copy: E:\Program Files\vtk40\include\vtk\vtkImagerCollection.h | 10-11-2001 | 08:38:10 | | 3592 | cec710cc
File Copy: E:\Program Files\vtk40\include\vtk\vtkImagingFactory.h | 10-11-2001 | 08:38:12 | | 2811 | c05e6787
File Copy: E:\Program Files\vtk40\include\vtk\vtkVolumeProVP1000Mapper.h | 11-13-2001 | 09:17:32 | | 6115 | b930a70a
File Copy: E:\Program Files\vtk40\include\vtk\vtkImporter.h | 10-11-2001 | 08:38:12 | | 5155 | 933dc34a
File Copy: E:\Program Files\vtk40\include\vtk\vtkInteractorStyle.h | 11-16-2001 | 11:36:14 | | 14042 | 96189862
File Copy: E:\Program Files\vtk40\include\vtk\vtkInteractorStyleFlight.h | 10-11-2001 | 08:38:12 | | 7556 | d306cdff
File Copy: E:\Program Files\vtk40\include\vtk\vtkVolumeProperty.h | 11-13-2001 | 09:17:32 | | 9646 | 3af608f8
File Copy: E:\Program Files\vtk40\include\vtk\vtkInteractorStyleImage.h | 10-11-2001 | 08:38:12 | | 4624 | 8112f75d
File Copy: E:\Program Files\vtk40\include\vtk\vtkInteractorStyleJoystickActor.h | 10-11-2001 | 08:38:12 | | 5591 | 4fc7d59d
File Copy: E:\Program Files\vtk40\include\vtk\vtkInteractorStyleJoystickCamera.h | 10-11-2001 | 08:38:12 | | 4524 | b5311025
File Copy: E:\Program Files\vtk40\include\vtk\vtkVolumeRayCastCompositeFunction.h | 11-13-2001 | 09:17:32 | | 4286 | bfc2f9bb
File Copy: E:\Program Files\vtk40\include\vtk\vtkInteractorStyleSwitch.h | 11-16-2001 | 11:36:14 | | 4859 | a0056b0
File Copy: E:\Program Files\vtk40\include\vtk\vtkInteractorStyleTrackball.h | 10-11-2001 | 08:38:12 | | 7107 | 30844242
File Copy: E:\Program Files\vtk40\include\vtk\vtkInteractorStyleTrackballActor.h | 10-11-2001 | 08:38:12 | | 5562 | c700265d
File Copy: E:\Program Files\vtk40\include\vtk\vtkVolumeRayCastFunction.h | 11-13-2001 | 09:17:34 | | 8461 | 65bab8b3
File Copy: E:\Program Files\vtk40\include\vtk\vtkInteractorStyleTrackballCamera.h | 10-11-2001 | 08:38:12 | | 4675 | 1f674a6e
File Copy: E:\Program Files\vtk40\include\vtk\vtkVolumeRayCastIsosurfaceFunction.h | 11-13-2001 | 09:17:34 | | 4426 | 39d7f889
File Copy: E:\Program Files\vtk40\include\vtk\vtkInteractorStyleUnicam.h | 11-13-2001 | 09:17:20 | | 8018 | 14e17a2f
File Copy: E:\Program Files\vtk40\include\vtk\vtkVolumeRayCastMIPFunction.h | 11-13-2001 | 09:17:34 | | 4565 | 7073d712
File Copy: E:\Program Files\vtk40\include\vtk\vtkVolumeRayCastStructures.h | 12-10-2000 | 15:09:00 | | 4661 | b04e4306
File Copy: E:\Program Files\vtk40\include\vtk\vtkInteractorStyleUser.h | 11-13-2001 | 09:17:22 | | 10339 | 737da74d
File Copy: E:\Program Files\vtk40\include\vtk\vtkLODActor.h | 10-21-2001 | 09:06:46 | | 6618 | b85600da
File Copy: E:\Program Files\vtk40\include\vtk\vtkLODProp3D.h | 10-11-2001 | 08:38:14 | | 11563 | d6b73e13
File Copy: E:\Program Files\vtk40\include\vtk\vtkVolumeRayCastMapper.h | 11-13-2001 | 09:17:34 | | 11259 | 2a4928c9
File Copy: E:\Program Files\vtk40\include\vtk\vtkLabeledDataMapper.h | 11-13-2001 | 09:17:22 | | 8819 | dc4609ba
File Copy: E:\Program Files\vtk40\include\vtk\vtkVolumeTextureMapper.h | 10-11-2001 | 08:38:32 | | 5855 | c09a9b17
File Copy: E:\Program Files\vtk40\include\vtk\vtkLight.h | 10-11-2001 | 08:38:14 | | 9622 | 96c3211a
File Copy: E:\Program Files\vtk40\include\vtk\vtkWin32ImageMapper.h | 11-13-2001 | 09:17:34 | | 5143 | 7db1be21
File Copy: E:\Program Files\vtk40\include\vtk\vtkLightCollection.h | 10-11-2001 | 08:38:14 | | 3241 | 59fbf2b2
File Copy: E:\Program Files\vtk40\include\vtk\vtkVolumeTextureMapper2D.h | 10-11-2001 | 08:38:32 | | 5912 | b391927b
File Copy: E:\Program Files\vtk40\include\vtk\vtkLightKit.h | 10-11-2001 | 08:38:14 | | 12546 | 2864b542
File Copy: E:\Program Files\vtk40\include\vtk\vtkMapper.h | 11-02-2001 | 11:43:16 | | 15028 | f5848e58
File Copy: E:\Program Files\vtk40\include\vtk\vtkWin32ImageWindow.h | 11-13-2001 | 09:17:36 | | 6043 | 8cad6e88
File Copy: E:\Program Files\vtk40\include\vtk\vtkMapperCollection.h | 10-11-2001 | 08:38:14 | | 3642 | 2ff7eafd
File Copy: E:\Program Files\vtk40\include\vtk\vtkMesaActor.h | 10-11-2001 | 08:38:14 | | 2982 | a8ad91bf
File Copy: E:\Program Files\vtk40\include\vtk\vtkMesaCamera.h | 10-11-2001 | 08:38:14 | | 2844 | 7220d27f
File Copy: E:\Program Files\vtk40\include\vtk\vtkMesaImageActor.h | 10-11-2001 | 08:38:16 | | 3521 | 715baef3
File Copy: E:\Program Files\vtk40\include\vtk\vtkWin32OpenGLImageWindow.h | 12-11-2001 | 04:32:20 | | 7875 | 56d82238
File Copy: E:\Program Files\vtk40\include\vtk\vtkMesaImageMapper.h | 11-13-2001 | 09:17:24 | | 3208 | 6464faf6
File Copy: E:\Program Files\vtk40\include\vtk\vtkMesaImageWindow.h | 11-13-2001 | 09:17:24 | | 5194 | 2c93a1bb
File Copy: E:\Program Files\vtk40\include\vtk\vtkMesaImager.h | 10-11-2001 | 08:38:16 | | 2987 | 20306ad7
File Copy: E:\Program Files\vtk40\include\vtk\vtkMesaLight.h | 10-11-2001 | 08:38:16 | | 2797 | 1af70415
File Copy: E:\Program Files\vtk40\include\vtk\vtkWin32OpenGLRenderWindow.h | 12-11-2001 | 04:32:20 | | 8727 | f443333a
File Copy: E:\Program Files\vtk40\include\vtk\vtkMesaPolyDataMapper.h | 10-11-2001 | 08:38:16 | | 3998 | 6e67b70e
File Copy: E:\Program Files\vtk40\include\vtk\vtkMesaPolyDataMapper2D.h | 10-11-2001 | 08:38:16 | | 3078 | ec805743
File Copy: E:\Program Files\vtk40\include\vtk\vtkMesaProperty.h | 10-11-2001 | 08:38:16 | | 2957 | 3e35f8e7
File Copy: E:\Program Files\vtk40\include\vtk\vtkMesaRenderWindow.h | 11-13-2001 | 09:17:24 | | 5110 | 6c839f43
File Copy: E:\Program Files\vtk40\include\vtk\vtkMesaRenderer.h | 10-11-2001 | 08:38:16 | | 3921 | f8149d65
File Copy: E:\Program Files\vtk40\include\vtk\vtkMesaTexture.h | 10-11-2001 | 08:38:16 | | 3485 | c493dd4b
File Copy: E:\Program Files\vtk40\include\vtk\vtkMesaVolumeRayCastMapper.h | 10-11-2001 | 08:38:16 | | 3218 | f37ba3fe
File Copy: E:\Program Files\vtk40\include\vtk\vtkMesaVolumeTextureMapper2D.h | 10-11-2001 | 08:38:16 | | 3343 | 4b793f0b
File Copy: E:\Program Files\vtk40\include\vtk\vtkOBJExporter.h | 10-11-2001 | 08:38:18 | | 3312 | 392445ba
File Copy: E:\Program Files\vtk40\include\vtk\vtkOOGLExporter.h | 11-02-2001 | 11:43:18 | | 3167 | 575347c6
File Copy: E:\Program Files\vtk40\include\vtk\vtkOpenGLActor.h | 10-11-2001 | 08:38:18 | | 2850 | b7f47a5c
File Copy: E:\Program Files\vtk40\include\vtk\vtkOpenGLCamera.h | 10-11-2001 | 08:38:18 | | 2878 | b9685c3
File Copy: E:\Program Files\vtk40\include\vtk\vtkWin32OpenGLTextMapper.h | 10-11-2001 | 08:38:34 | | 3736 | f539474a
File Copy: E:\Program Files\vtk40\include\vtk\vtkOpenGLImageActor.h | 10-11-2001 | 08:38:18 | | 3525 | ae5b6b69
File Copy: E:\Program Files\vtk40\include\vtk\vtkWin32PolyDataMapper2D.h | 10-11-2001 | 08:38:34 | | 3140 | e0fbbd26
File Copy: E:\Program Files\vtk40\include\vtk\vtkOpenGLImageMapper.h | 11-13-2001 | 09:17:24 | | 3251 | 2e3734ae
File Copy: E:\Program Files\vtk40\include\vtk\vtkWin32RenderWindowInteractor.h | 10-11-2001 | 10:24:02 | | 7477 | 7aba928c
File Copy: E:\Program Files\vtk40\include\vtk\vtkWin32TextMapper.h | 10-11-2001 | 08:38:34 | | 3123 | 96cee656
File Copy: E:\Program Files\vtk40\include\vtk\vtkOpenGLImageWindow.h | 11-13-2001 | 09:17:24 | | 4842 | 8697fa3
File Copy: E:\Program Files\vtk40\include\vtk\vtkOpenGLImager.h | 10-11-2001 | 08:38:18 | | 3010 | 39c234e4
File Copy: E:\Program Files\vtk40\include\vtk\vtkOpenGLLight.h | 10-11-2001 | 08:38:18 | | 2832 | 11d707c5
File Copy: E:\Program Files\vtk40\include\vtk\vtkOpenGLPolyDataMapper.h | 10-11-2001 | 08:38:18 | | 3957 | 364857b9
File Copy: E:\Program Files\vtk40\include\vtk\vtkOpenGLPolyDataMapper2D.h | 10-11-2001 | 08:38:18 | | 3101 | 61c62823
File Copy: E:\Program Files\vtk40\include\vtk\vtkOpenGLProperty.h | 10-11-2001 | 08:38:20 | | 2992 | 791c4c56
File Copy: E:\Program Files\vtk40\include\vtk\vtkWorldPointPicker.h | 10-11-2001 | 08:38:36 | | 3535 | 9cbc2d85
File Copy: E:\Program Files\vtk40\include\vtk\vtkOpenGLRenderWindow.h | 11-13-2001 | 09:17:26 | | 5130 | 309a3b67
File Copy: E:\Program Files\vtk40\include\vtk\vtkOpenGLRenderer.h | 10-11-2001 | 08:38:20 | | 3602 | 90fb89ec
File Copy: E:\Program Files\vtk40\include\vtk\vtkOpenGLStateCache.h | 11-14-2001 | 16:06:18 | | 20374 | 8d6be5d2
File Copy: E:\Program Files\vtk40\include\vtk\vtkOpenGLTexture.h | 10-11-2001 | 08:38:20 | | 3490 | f1c6234f
File Copy: E:\Program Files\vtk40\include\vtk\vtkOpenGLVolumeProVG500Mapper.h | 11-13-2001 | 09:17:26 | | 4051 | 69eb2f5
File Copy: E:\Program Files\vtk40\include\vtk\vtkQuartzRenderWindowInteractor.h | 12-11-2001 | 10:01:52 | | 7766 | f8a2def5
File Copy: E:\Program Files\vtk40\include\vtk\vtkOpenGLVolumeProVP1000Mapper.h | 11-08-2001 | 16:21:58 | | 4144 | f4e4443
File Copy: E:\Program Files\vtk40\include\vtk\vtkOpenGLVolumeRayCastMapper.h | 10-11-2001 | 08:38:20 | | 3268 | 1e0e2a0
File Copy: E:\Program Files\vtk40\include\vtk\vtkOpenGLVolumeTextureMapper2D.h | 10-11-2001 | 08:38:20 | | 3369 | e9061baf
File Copy: E:\Program Files\vtk40\include\vtk\vtkParallelCoordinatesActor.h | 11-13-2001 | 09:17:26 | | 8529 | c33caec
File Copy: E:\Program Files\vtk40\include\vtk\vtkXImageMapper.h | 11-13-2001 | 09:17:36 | | 4402 | 9eb2fc8f
File Copy: E:\Program Files\vtk40\include\vtk\vtkPicker.h | 11-13-2001 | 09:17:26 | | 7225 | ee7873e3
File Copy: E:\Program Files\vtk40\include\vtk\vtkPointPicker.h | 10-11-2001 | 08:38:20 | | 3393 | f2978fea
File Copy: E:\Program Files\vtk40\include\vtk\vtkPolyDataMapper.h | 10-21-2001 | 09:06:48 | | 4618 | 17359b5b
File Copy: E:\Program Files\vtk40\include\vtk\vtkXImageWindow.h | 11-13-2001 | 09:17:36 | | 7569 | b5fb5155
File Copy: E:\Program Files\vtk40\include\vtk\vtkPolyDataMapper2D.h | 11-02-2001 | 11:43:20 | | 9194 | a1a78df5
File Copy: E:\Program Files\vtk40\include\vtk\vtkXMesaRenderWindow.h | 10-11-2001 | 08:38:36 | | 7875 | b6c6996a
File Copy: E:\Program Files\vtk40\include\vtk\vtkProp3D.h | 10-11-2001 | 08:38:22 | | 12639 | 9ac471de
File Copy: E:\Program Files\vtk40\include\vtk\vtkXMesaTextMapper.h | 11-13-2001 | 09:17:38 | | 3485 | b78b46d
File Copy: E:\Program Files\vtk40\include\vtk\vtkProp3DCollection.h | 10-11-2001 | 08:38:22 | | 3862 | 77e4477b
File Copy: E:\Program Files\vtk40\include\vtk\vtkPropPicker.h | 11-13-2001 | 09:17:26 | | 4319 | ccb370ab
File Copy: E:\Program Files\vtk40\include\vtk\vtkProperty.h | 10-11-2001 | 08:38:22 | | 10650 | 461732e3
File Copy: E:\Program Files\vtk40\include\vtk\vtkQuartzRenderWindow.h | 12-11-2001 | 10:01:52 | | 8514 | f52ed642
File Copy: E:\Program Files\vtk40\include\vtk\vtkQuartzImageMapper.h | 11-13-2001 | 09:17:28 | | 3450 | 4da44bc1
File Copy: E:\Program Files\vtk40\include\vtk\vtkXOpenGLRenderWindow.h | 10-11-2001 | 08:38:36 | | 7894 | c76849b4
File Copy: E:\Program Files\vtk40\include\vtk\vtkQuartzImageWindow.h | 11-13-2001 | 09:17:28 | | 6867 | a6cb87e3
File Copy: E:\Program Files\vtk40\include\vtk\vtkXOpenGLTextMapper.h | 11-13-2001 | 09:17:38 | | 3635 | 73bc0d57
File Copy: E:\Program Files\vtk40\include\vtk\vtkQuartzWindow.h | 12-11-2001 | 04:32:18 | | 816 | 8f862968
File Copy: E:\Program Files\vtk40\include\vtk\vtkQuartzTextMapper.h | 10-11-2001 | 08:38:24 | | 3256 | c129a9d8
File Copy: E:\Program Files\vtk40\include\vtk\vtkQuartzWindowController.h | 10-09-2001 | 07:27:48 | | 797 | 53ced91e
File Copy: E:\Program Files\vtk40\include\vtk\vtkRayCaster.h | 10-11-2001 | 08:38:24 | | 5561 | 36446f0f
File Copy: E:\Program Files\vtk40\include\vtk\vtkXPolyDataMapper2D.h | 10-11-2001 | 08:38:36 | | 3069 | ddd7157e
File Copy: E:\Program Files\vtk40\include\vtk\vtkXRenderWindow.h | 10-11-2001 | 08:38:38 | | 6090 | ec2ab459
File Copy: E:\Program Files\vtk40\include\vtk\vtkRecursiveSphereDirectionEncoder.h | 11-13-2001 | 09:17:28 | | 6031 | 417dec8f
File Copy: E:\Program Files\vtk40\include\vtk\vtkRender.h | 12-10-2000 | 15:08:50 | | 2288 | f472eb91
File Copy: E:\Program Files\vtk40\include\vtk\vtkRenderWindow.h | 11-13-2001 | 09:17:30 | | 16161 | 3e813289
File Copy: E:\Program Files\vtk40\include\vtk\vtkRenderWindowCollection.h | 10-11-2001 | 08:38:24 | | 3496 | 19e3dc3c
File Copy: E:\Program Files\vtk40\include\vtk\vtkRenderWindowInteractor.h | 10-11-2001 | 08:38:24 | | 12066 | 2880f4f1
File Copy: E:\Program Files\vtk40\include\vtk\vtkXTextMapper.h | 10-11-2001 | 08:38:38 | | 3614 | 5682b2ff
File Copy: E:\Program Files\vtk40\include\vtk\vtkRenderer.h | 11-13-2001 | 09:17:28 | | 16456 | bf04b482
File Copy: E:\Program Files\vtk40\include\vtk\vtkXRenderWindowInteractor.h | 11-19-2001 | 16:55:18 | | 9275 | 64eb2768
File Copy: E:\Program Files\vtk40\include\vtk\vtkRendererCollection.h | 10-11-2001 | 08:38:26 | | 3571 | f39a1538
File Copy: E:\Program Files\vtk40\include\vtk\vtkRendererSource.h | 10-11-2001 | 08:38:26 | | 4611 | 3180ade0
File Copy: E:\Program Files\vtk40\include\vtk\vtkScalarBarActor.h | 11-13-2001 | 09:17:30 | | 8632 | 78e3fef2
File Copy: E:\Program Files\vtk40\include\vtk\vtkScaledTextActor.h | 10-11-2001 | 08:38:26 | | 4834 | d119bb9a
File Copy: E:\Program Files\vtk40\include\vtk\vtkXRenderWindowTclInteractor.h | 10-11-2001 | 08:38:38 | | 8610 | 5c113a69
File Copy: E:\Program Files\vtk40\include\vtk\vtkgluPickMatrix.h | 12-10-2000 | 15:08:22 | | 3071 | a7b53978
File Copy: E:\Program Files\vtk40\include\vtk\vtkSelectVisiblePoints.h | 11-13-2001 | 09:17:30 | | 5835 | 72190b4f
File Copy: E:\Program Files\vtk40\include\vtk\vtkTextMapper.h | 10-11-2001 | 08:38:26 | | 8038 | dee0168c
File Copy: E:\Program Files\vtk40\include\vtk\vtkTexture.h | 11-02-2001 | 11:43:22 | | 6989 | 138b3c0e
File Copy: E:\Program Files\vtk40\include\vtk\vtk3DSImporter.h | 10-11-2001 | 08:37:22 | | 3840 | a5513f42
File Copy: E:\Program Files\vtk40\include\vtk\vtkArcPlotter.h | 10-11-2001 | 08:37:24 | | 7602 | 91f3bf06
File Copy: E:\Program Files\vtk40\include\vtk\vtkCaptionActor2D.h | 10-11-2001 | 08:37:24 | | 11230 | 6f1bde16
File Copy: E:\Program Files\vtk40\include\vtk\vtkCubeAxesActor2D.h | 11-05-2001 | 16:13:26 | | 12264 | 5be3c481
File Copy: E:\Program Files\vtk40\include\vtk\vtkDepthSortPolyData.h | 10-11-2001 | 08:37:24 | | 6931 | 6b0a7655
File Copy: E:\Program Files\vtk40\include\vtk\vtkEarthSource.h | 10-11-2001 | 08:37:24 | | 4108 | 1475c087
File Copy: E:\Program Files\vtk40\include\vtk\vtkGLUTesselatorTriangleFilter.h | 10-11-2001 | 08:37:24 | | 3858 | 92529ac0
File Copy: E:\Program Files\vtk40\include\vtk\vtkGridTransform.h | 10-11-2001 | 08:37:24 | | 6570 | f9d960be
File Copy: E:\Program Files\vtk40\include\vtk\vtkImageToPolyDataFilter.h | 10-11-2001 | 08:37:24 | | 11320 | f3418503
File Copy: E:\Program Files\vtk40\include\vtk\vtkImplicitModeller.h | 10-11-2001 | 08:37:24 | | 10831 | 8341e0c7
File Copy: E:\Program Files\vtk40\include\vtk\vtkIterativeClosestPointTransform.h | 10-11-2001 | 09:17:28 | | 8148 | a6c8884
File Copy: E:\Program Files\vtk40\include\vtk\vtkLandmarkTransform.h | 10-11-2001 | 08:37:26 | | 5537 | da324ffb
File Copy: E:\Program Files\vtk40\include\vtk\vtkLegendBoxActor.h | 10-11-2001 | 08:37:26 | | 9166 | 763d1161
File Copy: E:\Program Files\vtk40\include\vtk\vtkMILVideoSource.h | 10-15-2001 | 23:21:26 | | 8893 | bb8f4b70
File Copy: E:\Program Files\vtk40\include\vtk\vtkPolyDataToImageStencil.h | 10-11-2001 | 08:37:26 | | 3639 | 7bc3e7b2
File Copy: E:\Program Files\vtk40\include\vtk\vtkRIBExporter.h | 10-11-2001 | 08:37:26 | | 6978 | 84cc3243
File Copy: E:\Program Files\vtk40\include\vtk\vtkRIBLight.h | 10-11-2001 | 08:37:26 | | 2966 | 8c73432a
File Copy: E:\Program Files\vtk40\include\vtk\vtkRIBProperty.h | 10-11-2001 | 08:37:26 | | 3915 | 66eae455
File Copy: E:\Program Files\vtk40\include\vtk\vtkRenderLargeImage.h | 10-11-2001 | 08:37:26 | | 3327 | 19fdf012
File Copy: E:\Program Files\vtk40\include\vtk\vtkThinPlateSplineTransform.h | 10-11-2001 | 08:37:26 | | 6500 | 4b672d20
File Copy: E:\Program Files\vtk40\include\vtk\vtkTransformToGrid.h | 10-11-2001 | 08:37:26 | | 5262 | e441d03b
File Copy: E:\Program Files\vtk40\include\vtk\vtkVRMLImporter.h | 10-11-2001 | 08:37:26 | | 6847 | 39cebebf
File Copy: E:\Program Files\vtk40\include\vtk\vtkVectorText.h | 10-21-2001 | 08:59:20 | | 3521 | 137f09a4
File Copy: E:\Program Files\vtk40\include\vtk\vtkVideoSource.h | 10-15-2001 | 23:21:24 | | 12071 | 276160ef
File Copy: E:\Program Files\vtk40\include\vtk\vtkWeightedTransformFilter.h | 10-11-2001 | 08:37:28 | | 7833 | ac778d97
File Copy: E:\Program Files\vtk40\include\vtk\vtkWin32VideoSource.h | 10-15-2001 | 23:21:26 | | 4906 | e92ab291
File Copy: E:\Program Files\vtk40\include\vtk\vtkXYPlotActor.h | 11-27-2001 | 21:36:58 | | 23108 | 93579e58
File Copy: E:\Program Files\vtk40\include\vtk\vtkVRML.h | 12-11-2001 | 04:31:44 | | 23070 | bc10ca5b
File Copy: E:\Program Files\vtk40\include\vtk\vtkBooleanTexture.h | 10-11-2001 | 08:37:36 | | 6171 | 89191c2f
File Copy: E:\Program Files\vtk40\include\vtk\vtkExtractVOI.h | 10-11-2001 | 08:37:36 | | 4551 | 8cacde02
File Copy: E:\Program Files\vtk40\include\vtk\vtkGaussianSplatter.h | 10-11-2001 | 08:37:36 | | 10876 | 9ffcede4
File Copy: E:\Program Files\vtk40\include\vtk\vtkImplicitFunctionToImageStencil.h | 12-11-2001 | 04:31:58 | | 3754 | 7ddb82bd
File Copy: E:\Program Files\vtk40\include\vtk\vtkSimpleImageFilterExample.h | 12-11-2001 | 04:32:00 | | 3179 | 177e22db
File Copy: E:\Program Files\vtk40\include\vtk\vtkImageAppendComponents.h | 11-13-2001 | 09:32:30 | | 3765 | 4509a94a
File Copy: E:\Program Files\vtk40\include\vtk\vtkImageBlend.h | 11-27-2001 | 15:39:28 | | 6976 | 2aaf9edc
File Copy: E:\Program Files\vtk40\include\vtk\vtkImageChangeInformation.h | 10-11-2001 | 08:37:40 | | 5901 | 9b3b39e6
File Copy: E:\Program Files\vtk40\include\vtk\vtkImageCheckerboard.h | 11-13-2001 | 09:32:32 | | 3542 | 99da3b55
File Copy: E:\Program Files\vtk40\include\vtk\vtkImageCityBlockDistance.h | 10-11-2001 | 08:37:40 | | 3730 | 1cab2588
File Copy: E:\Program Files\vtk40\include\vtk\vtkImageClip.h | 11-13-2001 | 09:32:32 | | 4572 | bc7bb267
File Copy: E:\Program Files\vtk40\include\vtk\vtkImageConnector.h | 10-11-2001 | 08:37:40 | | 4475 | 1bf94477
File Copy: E:\Program Files\vtk40\include\vtk\vtkImageConstantPad.h | 11-13-2001 | 09:32:32 | | 3266 | c12fe668
File Copy: E:\Program Files\vtk40\include\vtk\vtkImageContinuousDilate3D.h | 11-13-2001 | 09:32:32 | | 3604 | 29f26abd
File Copy: E:\Program Files\vtk40\include\vtk\vtkImageContinuousErode3D.h | 11-13-2001 | 09:32:32 | | 3588 | 3f7cdb4f
File Copy: E:\Program Files\vtk40\include\vtk\vtkImageCorrelation.h | 11-13-2001 | 09:32:32 | | 3740 | cf716b96
File Copy: E:\Program Files\vtk40\include\vtk\vtkImageCursor3D.h | 10-11-2001 | 08:37:40 | | 3549 | 40febdd7
File Copy: E:\Program Files\vtk40\include\vtk\vtkImageDataStreamer.h | 10-11-2001 | 08:37:42 | | 3616 | cc949b
File Copy: E:\Program Files\vtk40\include\vtk\vtkImageDecomposeFilter.h | 11-13-2001 | 09:32:34 | | 4030 | 5c620d8
File Copy: E:\Program Files\vtk40\include\vtk\vtkImageDifference.h | 11-13-2001 | 09:32:34 | | 5340 | f19e936d
File Copy: E:\Program Files\vtk40\include\vtk\vtkImageDilateErode3D.h | 11-13-2001 | 09:32:34 | | 3977 | 62d3033f
File Copy: E:\Program Files\vtk40\include\vtk\vtkImageDivergence.h | 11-13-2001 | 09:32:34 | | 3320 | f8815c6b
File Copy: E:\Program Files\vtk40\include\vtk\vtkImageDotProduct.h | 11-13-2001 | 09:32:34 | | 3156 | 3358468c
File Copy: E:\Program Files\vtk40\include\vtk\vtkImageEllipsoidSource.h | 11-13-2001 | 09:32:34 | | 5139 | 4487d603
File Copy: E:\Program Files\vtk40\include\vtk\vtkImageEuclideanToPolar.h | 11-13-2001 | 09:32:34 | | 3428 | deedfae6
File Copy: E:\Program Files\vtk40\include\vtk\vtkImageExport.h | 10-25-2001 | 15:29:28 | | 10502 | 560b6a71
File Copy: E:\Program Files\vtk40\include\vtk\vtkImageExtractComponents.h | 11-13-2001 | 09:32:34 | | 3771 | 3497faf3
File Copy: E:\Program Files\vtk40\include\vtk\vtkImageFlip.h | 11-13-2001 | 09:32:36 | | 4162 | 8ff5228a
File Copy: E:\Program Files\vtk40\include\vtk\vtkImageFourierFilter.h | 11-13-2001 | 09:32:36 | | 5647 | 8b18aad0
File Copy: E:\Program Files\vtk40\include\vtk\vtkImageGaussianSmooth.h | 11-13-2001 | 09:32:36 | | 5120 | b66d85c7
File Copy: E:\Program Files\vtk40\include\vtk\vtkImageGaussianSource.h | 11-13-2001 | 09:32:36 | | 3697 | 6c6d1182
File Copy: E:\Program Files\vtk40\include\vtk\vtkImageGradient.h | 11-13-2001 | 09:32:36 | | 3897 | d2e7d4f1
File Copy: E:\Program Files\vtk40\include\vtk\vtkImageGradientMagnitude.h | 11-13-2001 | 09:32:36 | | 4005 | 971a756a
File Copy: E:\Program Files\vtk40\include\vtk\vtkImageGridSource.h | 10-11-2001 | 08:37:46 | | 4962 | 993740a0
File Copy: E:\Program Files\vtk40\include\vtk\vtkImageHSVToRGB.h | 11-13-2001 | 09:32:36 | | 3425 | d9d47451
File Copy: E:\Program Files\vtk40\include\vtk\vtkImageHybridMedian2D.h | 11-13-2001 | 09:32:36 | | 3337 | e12f708
File Copy: E:\Program Files\vtk40\include\vtk\vtkImageImport.h | 10-25-2001 | 15:29:28 | | 13178 | 85c2df2d
File Copy: E:\Program Files\vtk40\include\vtk\vtkImageIslandRemoval2D.h | 10-11-2001 | 08:37:46 | | 4055 | 4228e4a8
File Copy: E:\Program Files\vtk40\include\vtk\vtkImageIterateFilter.h | 10-11-2001 | 08:37:46 | | 4833 | c98f3642
File Copy: E:\Program Files\vtk40\include\vtk\vtkImageLaplacian.h | 11-13-2001 | 09:32:38 | | 3541 | 8d32046f
File Copy: E:\Program Files\vtk40\include\vtk\vtkImageLogarithmicScale.h | 11-13-2001 | 09:32:38 | | 3297 | 857d3737
File Copy: E:\Program Files\vtk40\include\vtk\vtkImageLogic.h | 11-13-2001 | 09:32:38 | | 3950 | 52d637cf
File Copy: E:\Program Files\vtk40\include\vtk\vtkImageLuminance.h | 11-13-2001 | 09:32:38 | | 3001 | 7c3beef5
File Copy: E:\Program Files\vtk40\include\vtk\vtkImageMagnify.h | 11-13-2001 | 09:32:38 | | 3770 | 34fa8eae
File Copy: E:\Program Files\vtk40\include\vtk\vtkImageMagnitude.h | 11-13-2001 | 09:32:38 | | 3077 | 661dd77f
File Copy: E:\Program Files\vtk40\include\vtk\vtkImageMandelbrotSource.h | 11-13-2001 | 09:32:38 | | 5818 | c1edc452
File Copy: E:\Program Files\vtk40\include\vtk\vtkImageMapToColors.h | 11-13-2001 | 09:32:38 | | 4889 | 376a3f39
File Copy: E:\Program Files\vtk40\include\vtk\vtkImageMapToRGBA.h | 10-11-2001 | 08:37:48 | | 2900 | 9253e700
File Copy: E:\Program Files\vtk40\include\vtk\vtkImageMapToWindowLevelColors.h | 11-13-2001 | 09:32:38 | | 4376 | 1a7f2b64
File Copy: E:\Program Files\vtk40\include\vtk\vtkImageMask.h | 11-13-2001 | 09:32:38 | | 4801 | 36b42afb
File Copy: E:\Program Files\vtk40\include\vtk\vtkImageMaskBits.h | 11-13-2001 | 09:32:38 | | 4035 | b7251812
File Copy: E:\Program Files\vtk40\include\vtk\vtkImageMathematics.h | 11-13-2001 | 09:32:40 | | 5750 | 43487fb
File Copy: E:\Program Files\vtk40\include\vtk\vtkImageMedian3D.h | 11-13-2001 | 09:32:40 | | 3481 | e86776dc
File Copy: E:\Program Files\vtk40\include\vtk\vtkImageMirrorPad.h | 11-13-2001 | 09:32:40 | | 3040 | 3cbff161
File Copy: E:\Program Files\vtk40\include\vtk\vtkImageNoiseSource.h | 11-13-2001 | 09:32:40 | | 3720 | 6c39d69a
File Copy: E:\Program Files\vtk40\include\vtk\vtkImageNonMaximumSuppression.h | 11-13-2001 | 09:32:40 | | 4549 | 544baa
File Copy: E:\Program Files\vtk40\include\vtk\vtkImageNormalize.h | 11-13-2001 | 09:32:40 | | 3197 | 72753936
File Copy: E:\Program Files\vtk40\include\vtk\vtkImageOpenClose3D.h | 10-11-2001 | 08:37:50 | | 5185 | a78b1f62
File Copy: E:\Program Files\vtk40\include\vtk\vtkImagePadFilter.h | 11-13-2001 | 09:32:40 | | 3866 | 80ce6926
File Copy: E:\Program Files\vtk40\include\vtk\vtkImagePermute.h | 11-13-2001 | 09:32:40 | | 3499 | 734e3d1d
File Copy: E:\Program Files\vtk40\include\vtk\vtkImageQuantizeRGBToIndex.h | 10-11-2001 | 08:37:52 | | 4879 | ecd9b780
File Copy: E:\Program Files\vtk40\include\vtk\vtkImageRGBToHSV.h | 11-13-2001 | 09:32:42 | | 3367 | c5d5ef5a
File Copy: E:\Program Files\vtk40\include\vtk\vtkImageRange3D.h | 11-13-2001 | 09:32:40 | | 3504 | 64016e43
File Copy: E:\Program Files\vtk40\include\vtk\vtkImageResample.h | 11-13-2001 | 09:32:40 | | 4407 | 963e630
File Copy: E:\Program Files\vtk40\include\vtk\vtkImageReslice.h | 10-11-2001 | 08:37:52 | | 16074 | 90f9107d
File Copy: E:\Program Files\vtk40\include\vtk\vtkImageSeedConnectivity.h | 10-11-2001 | 08:37:52 | | 4862 | 8e6d2a21
File Copy: E:\Program Files\vtk40\include\vtk\vtkImageShiftScale.h | 11-13-2001 | 09:32:42 | | 5009 | acecc13f
File Copy: E:\Program Files\vtk40\include\vtk\vtkImageShrink3D.h | 11-13-2001 | 09:32:42 | | 4343 | 36f5393c
File Copy: E:\Program Files\vtk40\include\vtk\vtkImageSinusoidSource.h | 11-13-2001 | 09:32:42 | | 3949 | a3709374
File Copy: E:\Program Files\vtk40\include\vtk\vtkImageSkeleton2D.h | 11-13-2001 | 09:32:42 | | 3941 | 71257ae
File Copy: E:\Program Files\vtk40\include\vtk\vtkImageSobel2D.h | 11-13-2001 | 09:32:42 | | 3219 | c48769d1
File Copy: E:\Program Files\vtk40\include\vtk\vtkImageSobel3D.h | 11-13-2001 | 09:32:42 | | 3304 | 32bc1e9
File Copy: E:\Program Files\vtk40\include\vtk\vtkImageSpatialFilter.h | 10-11-2001 | 08:37:54 | | 3967 | c58cfde2
File Copy: E:\Program Files\vtk40\include\vtk\vtkImageStencil.h | 10-11-2001 | 08:37:54 | | 4547 | 4ae813e2
File Copy: E:\Program Files\vtk40\include\vtk\vtkImageStencilData.h | 10-11-2001 | 08:37:54 | | 7926 | 66f787eb
File Copy: E:\Program Files\vtk40\include\vtk\vtkImageStencilSource.h | 11-13-2001 | 09:32:42 | | 4173 | f9c338ad
File Copy: E:\Program Files\vtk40\include\vtk\vtkImageThreshold.h | 11-13-2001 | 09:32:42 | | 5573 | e9295200
File Copy: E:\Program Files\vtk40\include\vtk\vtkImageToImageStencil.h | 11-13-2001 | 09:32:42 | | 4017 | 321581cc
File Copy: E:\Program Files\vtk40\include\vtk\vtkImageTranslateExtent.h | 10-11-2001 | 08:37:56 | | 3384 | 41eb9c16
File Copy: E:\Program Files\vtk40\include\vtk\vtkImageVariance3D.h | 11-13-2001 | 09:32:44 | | 3755 | 5c4b5c28
File Copy: E:\Program Files\vtk40\include\vtk\vtkImageWrapPad.h | 11-13-2001 | 09:32:44 | | 3109 | 1d06ec22
File Copy: E:\Program Files\vtk40\include\vtk\vtkPointLoad.h | 10-11-2001 | 08:37:56 | | 4548 | de8f8090
File Copy: E:\Program Files\vtk40\include\vtk\vtkSampleFunction.h | 11-02-2001 | 11:42:56 | | 5234 | 15ce7d29
File Copy: E:\Program Files\vtk40\include\vtk\vtkShepardMethod.h | 10-11-2001 | 08:37:56 | | 5384 | d0798f35
File Copy: E:\Program Files\vtk40\include\vtk\vtkSurfaceReconstructionFilter.h | 10-11-2001 | 08:37:56 | | 4475 | c223525e
File Copy: E:\Program Files\vtk40\include\vtk\vtkTriangularTexture.h | 10-11-2001 | 08:37:58 | | 4138 | 777c15c3
File Copy: E:\Program Files\vtk40\include\vtk\vtkVoxelModeller.h | 10-11-2001 | 08:37:58 | | 4604 | a468d14a
File Copy: E:\Program Files\vtk40\include\vtk\vtkWindowToImageFilter.h | 10-11-2001 | 08:37:58 | | 3446 | f0e120d1
File Copy: E:\Program Files\vtk40\include\vtk\vtkImageConvolve.h | 11-30-2001 | 09:54:16 | | 4416 | 653f36b1
File Copy: E:\Program Files\vtk40\include\vtk\vtkImageAccumulate.h | 12-11-2001 | 04:31:52 | | 6313 | 47221ae7
File Copy: E:\Program Files\vtk40\include\vtk\vtkImageAnisotropicDiffusion2D.h | 12-11-2001 | 04:31:52 | | 6314 | 66c5ac90
File Copy: E:\Program Files\vtk40\include\vtk\vtkImageAnisotropicDiffusion3D.h | 12-11-2001 | 04:31:52 | | 6233 | c347a2e1
File Copy: E:\Program Files\vtk40\include\vtk\vtkImageAppend.h | 12-11-2001 | 04:31:52 | | 4703 | 2f25bf1d
File Copy: E:\Program Files\vtk40\include\vtk\vtkImageButterworthHighPass.h | 12-11-2001 | 04:31:54 | | 4211 | a8432799
File Copy: E:\Program Files\vtk40\include\vtk\vtkImageButterworthLowPass.h | 12-11-2001 | 04:31:54 | | 4219 | da79d295
File Copy: E:\Program Files\vtk40\include\vtk\vtkImageCacheFilter.h | 12-11-2001 | 04:31:54 | | 3500 | 5371b185
File Copy: E:\Program Files\vtk40\include\vtk\vtkImageCanvasSource2D.h | 12-11-2001 | 04:31:54 | | 6110 | 3a905602
File Copy: E:\Program Files\vtk40\include\vtk\vtkImageCast.h | 12-11-2001 | 04:31:54 | | 4716 | b0004e59
File Copy: E:\Program Files\vtk40\include\vtk\vtkImageEuclideanDistance.h | 12-11-2001 | 04:31:56 | | 6519 | 5c86232c
File Copy: E:\Program Files\vtk40\include\vtk\vtkImageFFT.h | 12-11-2001 | 04:31:56 | | 4240 | 7a24efe3
File Copy: E:\Program Files\vtk40\include\vtk\vtkImageFourierCenter.h | 12-11-2001 | 04:31:56 | | 3461 | 7849f58e
File Copy: E:\Program Files\vtk40\include\vtk\vtkImageIdealHighPass.h | 12-11-2001 | 04:31:56 | | 4097 | 61ecbb88
File Copy: E:\Program Files\vtk40\include\vtk\vtkImageIdealLowPass.h | 12-11-2001 | 04:31:56 | | 4051 | a99ed53
File Copy: E:\Program Files\vtk40\include\vtk\vtkImageRFFT.h | 12-11-2001 | 04:31:58 | | 4509 | 2d93c8b6
File Copy: E:\Program Files\vtk40\include\vtk\vtkAppendFilter.h | 10-11-2001 | 08:36:42 | | 4308 | 1bf44b34
File Copy: E:\Program Files\vtk40\include\vtk\vtkAppendPolyData.h | 10-11-2001 | 08:36:42 | | 6044 | 23b7407
File Copy: E:\Program Files\vtk40\include\vtk\vtkStructuredGridGeometryFilter.h | 10-11-2001 | 08:37:18 | | 4638 | 6e62e36c
File Copy: E:\Program Files\vtk40\include\vtk\vtkApproximatingSubdivisionFilter.h | 10-11-2001 | 08:36:42 | | 4190 | 1c3b241
File Copy: E:\Program Files\vtk40\include\vtk\vtkArrayCalculator.h | 11-27-2001 | 14:48:36 | | 6958 | 769a8583
File Copy: E:\Program Files\vtk40\include\vtk\vtkArrowSource.h | 10-31-2001 | 11:36:08 | | 4159 | 6fa5677f
File Copy: E:\Program Files\vtk40\include\vtk\vtkStructuredGridOutlineFilter.h | 10-31-2001 | 11:36:10 | | 3084 | d4ab9522
File Copy: E:\Program Files\vtk40\include\vtk\vtkAssignAttribute.h | 11-13-2001 | 09:13:48 | | 5316 | 7ab307b6
File Copy: E:\Program Files\vtk40\include\vtk\vtkAttributeDataToFieldDataFilter.h | 10-11-2001 | 08:36:44 | | 4322 | eca564d0
File Copy: E:\Program Files\vtk40\include\vtk\vtkSubdivideTetra.h | 10-11-2001 | 08:37:18 | | 2894 | 8bcd4f56
File Copy: E:\Program Files\vtk40\include\vtk\vtkAxes.h | 11-13-2001 | 09:13:48 | | 3813 | 89982bc2
File Copy: E:\Program Files\vtk40\include\vtk\vtkStructuredPointsGeometryFilter.h | 11-01-2001 | 13:02:50 | | 2800 | 88bcb64
File Copy: E:\Program Files\vtk40\include\vtk\vtkSubPixelPositionEdgels.h | 11-13-2001 | 09:13:50 | | 4585 | 5d711ed6
File Copy: E:\Program Files\vtk40\include\vtk\vtkBlankStructuredGrid.h | 10-11-2001 | 08:36:44 | | 4777 | 3b1161ee
File Copy: E:\Program Files\vtk40\include\vtk\vtkWarpLens.h | 11-13-2001 | 09:13:52 | | 4664 | e4ff53c5
File Copy: E:\Program Files\vtk40\include\vtk\vtkBlankStructuredGridWithImage.h | 10-11-2001 | 08:36:44 | | 3731 | d5d98d26
File Copy: E:\Program Files\vtk40\include\vtk\vtkBrownianPoints.h | 10-11-2001 | 08:36:46 | | 3356 | 79d1bdaf
File Copy: E:\Program Files\vtk40\include\vtk\vtkButterflySubdivisionFilter.h | 10-11-2001 | 08:36:46 | | 4797 | b175b5e3
File Copy: E:\Program Files\vtk40\include\vtk\vtkCellCenters.h | 10-11-2001 | 08:36:48 | | 3664 | bdc26f91
File Copy: E:\Program Files\vtk40\include\vtk\vtkSuperquadricSource.h | 10-11-2001 | 08:37:18 | | 6308 | d4bcf309
File Copy: E:\Program Files\vtk40\include\vtk\vtkTensorGlyph.h | 10-11-2001 | 08:37:18 | | 6767 | 56f235c6
File Copy: E:\Program Files\vtk40\include\vtk\vtkCellDataToPointData.h | 10-11-2001 | 08:36:48 | | 3865 | 2f3e2e7a
File Copy: E:\Program Files\vtk40\include\vtk\vtkCellDerivatives.h | 10-11-2001 | 08:36:48 | | 5862 | 751dca2c
File Copy: E:\Program Files\vtk40\include\vtk\vtkCleanPolyData.h | 10-11-2001 | 08:36:48 | | 8118 | b81e0448
File Copy: E:\Program Files\vtk40\include\vtk\vtkClipDataSet.h | 10-11-2001 | 08:36:50 | | 7556 | 68d71e77
File Copy: E:\Program Files\vtk40\include\vtk\vtkClipPolyData.h | 10-11-2001 | 08:36:50 | | 7503 | 3c567847
File Copy: E:\Program Files\vtk40\include\vtk\vtkClipVolume.h | 11-13-2001 | 09:13:48 | | 8295 | f99dcc00
File Copy: E:\Program Files\vtk40\include\vtk\vtkConeSource.h | 10-11-2001 | 08:36:50 | | 4198 | 4a52e999
File Copy: E:\Program Files\vtk40\include\vtk\vtkTextSource.h | 10-11-2001 | 08:37:20 | | 4240 | dd3acba
File Copy: E:\Program Files\vtk40\include\vtk\vtkConnectivityFilter.h | 10-11-2001 | 08:36:52 | | 9220 | 20b13804
File Copy: E:\Program Files\vtk40\include\vtk\vtkContourFilter.h | 10-11-2001 | 08:36:52 | | 8936 | 338f1b7e
File Copy: E:\Program Files\vtk40\include\vtk\vtkContourGrid.h | 10-11-2001 | 08:36:52 | | 9052 | 17f5abfd
File Copy: E:\Program Files\vtk40\include\vtk\vtkCubeSource.h | 11-13-2001 | 09:13:50 | | 3852 | 25deb46b
File Copy: E:\Program Files\vtk40\include\vtk\vtkTextureMapToCylinder.h | 10-11-2001 | 08:37:20 | | 5456 | e71af1b
File Copy: E:\Program Files\vtk40\include\vtk\vtkCursor3D.h | 11-13-2001 | 09:13:50 | | 5207 | 52c422b6
File Copy: E:\Program Files\vtk40\include\vtk\vtkTextureMapToPlane.h | 10-11-2001 | 08:37:20 | | 5609 | bcaaf895
File Copy: E:\Program Files\vtk40\include\vtk\vtkCutter.h | 10-11-2001 | 08:36:54 | | 8239 | 38664d24
File Copy: E:\Program Files\vtk40\include\vtk\vtkCylinderSource.h | 10-11-2001 | 08:36:54 | | 3865 | b1d158e8
File Copy: E:\Program Files\vtk40\include\vtk\vtkDashedStreamLine.h | 10-11-2001 | 08:36:54 | | 3974 | 69219f4
File Copy: E:\Program Files\vtk40\include\vtk\vtkDataObjectToDataSetFilter.h | 10-11-2001 | 08:36:54 | | 16693 | 4a80b12a
File Copy: E:\Program Files\vtk40\include\vtk\vtkDataSetSurfaceFilter.h | 11-13-2001 | 09:13:50 | | 4801 | d99a339b
File Copy: E:\Program Files\vtk40\include\vtk\vtkDataSetToDataObjectFilter.h | 10-11-2001 | 08:36:56 | | 5741 | 43b2cedc
File Copy: E:\Program Files\vtk40\include\vtk\vtkTextureMapToSphere.h | 10-11-2001 | 08:37:20 | | 5140 | deec7287
File Copy: E:\Program Files\vtk40\include\vtk\vtkDataSetTriangleFilter.h | 10-11-2001 | 08:36:56 | | 3569 | df98ca05
File Copy: E:\Program Files\vtk40\include\vtk\vtkDecimatePro.h | 11-13-2001 | 09:13:50 | | 17029 | 133d650c
File Copy: E:\Program Files\vtk40\include\vtk\vtkDelaunay3D.h | 10-11-2001 | 08:36:58 | | 11751 | 6eae3127
File Copy: E:\Program Files\vtk40\include\vtk\vtkTexturedSphereSource.h | 10-11-2001 | 08:37:20 | | 4166 | 3c24a97b
File Copy: E:\Program Files\vtk40\include\vtk\vtkDicer.h | 10-11-2001 | 08:36:58 | | 6473 | 3a72c3d2
File Copy: E:\Program Files\vtk40\include\vtk\vtkDiskSource.h | 10-11-2001 | 08:36:58 | | 3771 | e1060a85
File Copy: E:\Program Files\vtk40\include\vtk\vtkEdgePoints.h | 10-11-2001 | 08:36:58 | | 3525 | d2d7320c
File Copy: E:\Program Files\vtk40\include\vtk\vtkThreshold.h | 10-11-2001 | 08:37:20 | | 6060 | b183788b
File Copy: E:\Program Files\vtk40\include\vtk\vtkElevationFilter.h | 10-11-2001 | 08:37:00 | | 3751 | 45579203
File Copy: E:\Program Files\vtk40\include\vtk\vtkExtractEdges.h | 10-11-2001 | 08:37:00 | | 3382 | 89006212
File Copy: E:\Program Files\vtk40\include\vtk\vtkThresholdPoints.h | 10-11-2001 | 08:37:20 | | 4116 | 312cba4
File Copy: E:\Program Files\vtk40\include\vtk\vtkExtractGeometry.h | 10-11-2001 | 08:37:00 | | 4801 | dffd76b6
File Copy: E:\Program Files\vtk40\include\vtk\vtkExtractGrid.h | 10-11-2001 | 08:37:00 | | 5141 | 1ca4299d
File Copy: E:\Program Files\vtk40\include\vtk\vtkExtractPolyDataGeometry.h | 10-11-2001 | 08:37:02 | | 4858 | eb6bba6d
File Copy: E:\Program Files\vtk40\include\vtk\vtkExtractTensorComponents.h | 10-11-2001 | 08:37:02 | | 7611 | b71a4eae
File Copy: E:\Program Files\vtk40\include\vtk\vtkFieldDataToAttributeDataFilter.h | 11-30-2001 | 09:54:10 | | 16193 | b36d69b3
File Copy: E:\Program Files\vtk40\include\vtk\vtkExtractUnstructuredGrid.h | 11-13-2001 | 09:13:50 | | 6524 | 38e0fb0e
File Copy: E:\Program Files\vtk40\include\vtk\vtkExtractVectorComponents.h | 10-11-2001 | 08:37:02 | | 5475 | bcce98e4
File Copy: E:\Program Files\vtk40\include\vtk\vtkFeatureEdges.h | 10-11-2001 | 08:37:04 | | 5506 | 3bf64912
File Copy: E:\Program Files\vtk40\include\vtk\vtkGeometryFilter.h | 11-01-2001 | 13:02:50 | | 7094 | 4587eb5f
File Copy: E:\Program Files\vtk40\include\vtk\vtkGlyph2D.h | 10-11-2001 | 08:37:04 | | 3379 | c83bbd3a
File Copy: E:\Program Files\vtk40\include\vtk\vtkTransformFilter.h | 10-11-2001 | 08:37:20 | | 3854 | 2e70739a
File Copy: E:\Program Files\vtk40\include\vtk\vtkGlyph3D.h | 10-11-2001 | 08:37:04 | | 12701 | 9f8536b1
File Copy: E:\Program Files\vtk40\include\vtk\vtkGlyphSource2D.h | 10-11-2001 | 08:37:06 | | 8535 | 2b883702
File Copy: E:\Program Files\vtk40\include\vtk\vtkThresholdTextureCoords.h | 10-11-2001 | 08:37:20 | | 5514 | 99488bc2
File Copy: E:\Program Files\vtk40\include\vtk\vtkGraphLayoutFilter.h | 10-11-2001 | 08:37:06 | | 5588 | 3be75a88
File Copy: E:\Program Files\vtk40\include\vtk\vtkHedgeHog.h | 10-11-2001 | 08:37:06 | | 3938 | 4c65ebc3
File Copy: E:\Program Files\vtk40\include\vtk\vtkTriangleFilter.h | 10-11-2001 | 08:37:20 | | 3361 | bd8edcd9
File Copy: E:\Program Files\vtk40\include\vtk\vtkHull.h | 10-11-2001 | 08:37:06 | | 9035 | 46a46319
File Copy: E:\Program Files\vtk40\include\vtk\vtkTransformPolyDataFilter.h | 10-11-2001 | 08:37:20 | | 4095 | 96ca5ccf
File Copy: E:\Program Files\vtk40\include\vtk\vtkHyperStreamline.h | 10-11-2001 | 08:37:06 | | 10563 | 33d4c131
File Copy: E:\Program Files\vtk40\include\vtk\vtkTriangularTCoords.h | 10-11-2001 | 08:37:20 | | 3561 | 409c653c
File Copy: E:\Program Files\vtk40\include\vtk\vtkIdFilter.h | 10-11-2001 | 08:37:06 | | 4227 | 58d3aab4
File Copy: E:\Program Files\vtk40\include\vtk\vtkImageDataGeometryFilter.h | 11-01-2001 | 13:02:50 | | 4165 | de903ca
File Copy: E:\Program Files\vtk40\include\vtk\vtkDelaunay2D.h | 12-14-2001 | 04:33:44 | | 12745 | 10388efe
File Copy: E:\Program Files\vtk40\include\vtk\vtkImplicitTextureCoords.h | 10-11-2001 | 08:37:08 | | 5595 | 3f0135d7
File Copy: E:\Program Files\vtk40\include\vtk\vtkTransformTextureCoords.h | 10-11-2001 | 08:37:20 | | 5961 | 30a9617d
File Copy: E:\Program Files\vtk40\include\vtk\vtkInterpolateDataSetAttributes.h | 10-11-2001 | 08:37:08 | | 4514 | a9e8bd4d
File Copy: E:\Program Files\vtk40\include\vtk\vtkWarpTo.h | 10-11-2001 | 08:37:22 | | 3358 | e7843d48
File Copy: E:\Program Files\vtk40\include\vtk\vtkTubeFilter.h | 10-11-2001 | 08:37:22 | | 7303 | 63c56cb3
File Copy: E:\Program Files\vtk40\include\vtk\vtkInterpolatingSubdivisionFilter.h | 10-11-2001 | 08:37:08 | | 3977 | e73d2715
File Copy: E:\Program Files\vtk40\include\vtk\vtkLineSource.h | 10-11-2001 | 08:37:08 | | 3352 | 3e962e5b
File Copy: E:\Program Files\vtk40\include\vtk\vtkLinearExtrusionFilter.h | 11-13-2001 | 09:13:50 | | 6432 | 6cd834e8
File Copy: E:\Program Files\vtk40\include\vtk\vtkLinearSubdivisionFilter.h | 10-11-2001 | 08:37:08 | | 3476 | 6b718c59
File Copy: E:\Program Files\vtk40\include\vtk\vtkLinkEdgels.h | 11-13-2001 | 09:13:50 | | 5281 | 9d8f77ab
File Copy: E:\Program Files\vtk40\include\vtk\vtkVectorDot.h | 10-11-2001 | 08:37:22 | | 3347 | dfbf1b51
File Copy: E:\Program Files\vtk40\include\vtk\vtkLoopSubdivisionFilter.h | 10-11-2001 | 08:37:08 | | 4640 | 43083ab
File Copy: E:\Program Files\vtk40\include\vtk\vtkMaskPoints.h | 10-11-2001 | 08:37:08 | | 4521 | d2ad4d47
File Copy: E:\Program Files\vtk40\include\vtk\vtkMaskPolyData.h | 10-11-2001 | 08:37:08 | | 3277 | 745421c1
File Copy: E:\Program Files\vtk40\include\vtk\vtkMassProperties.h | 10-11-2001 | 08:37:08 | | 4975 | 9d995ecb
File Copy: E:\Program Files\vtk40\include\vtk\vtkMergeDataObjectFilter.h | 10-11-2001 | 08:37:10 | | 4864 | 50a97400
File Copy: E:\Program Files\vtk40\include\vtk\vtkMergeFields.h | 11-13-2001 | 09:13:50 | | 6376 | 3bc38be9
File Copy: E:\Program Files\vtk40\include\vtk\vtkMergeFilter.h | 10-11-2001 | 08:37:10 | | 4284 | c319616d
File Copy: E:\Program Files\vtk40\include\vtk\vtkVectorNorm.h | 10-11-2001 | 08:37:22 | | 4517 | 70b0a8d9
File Copy: E:\Program Files\vtk40\include\vtk\vtkOBBDicer.h | 10-11-2001 | 08:37:10 | | 3460 | 8e4c8845
File Copy: E:\Program Files\vtk40\include\vtk\vtkOBBTree.h | 10-11-2001 | 08:37:10 | | 10340 | d159cf86
File Copy: E:\Program Files\vtk40\include\vtk\vtkVoxelContoursToSurfaceFilter.h | 11-13-2001 | 09:13:50 | | 5104 | bf6c7640
File Copy: E:\Program Files\vtk40\include\vtk\vtkOutlineCornerFilter.h | 10-11-2001 | 08:37:10 | | 3511 | b03a5ced
File Copy: E:\Program Files\vtk40\include\vtk\vtkWarpScalar.h | 10-11-2001 | 08:37:22 | | 4909 | e815759c
File Copy: E:\Program Files\vtk40\include\vtk\vtkOutlineCornerSource.h | 10-11-2001 | 08:37:10 | | 3298 | 974977e7
File Copy: E:\Program Files\vtk40\include\vtk\vtkOutlineFilter.h | 10-11-2001 | 08:37:10 | | 2936 | 9bc06296
File Copy: E:\Program Files\vtk40\include\vtk\vtkOutlineSource.h | 10-11-2001 | 08:37:10 | | 2960 | c02bb796
File Copy: E:\Program Files\vtk40\include\vtk\vtkPlaneSource.h | 10-11-2001 | 08:37:10 | | 6567 | 368a016b
File Copy: E:\Program Files\vtk40\include\vtk\vtkWarpVector.h | 10-11-2001 | 08:37:22 | | 3093 | 5432d6a3
File Copy: E:\Program Files\vtk40\include\vtk\vtkPointDataToCellData.h | 10-11-2001 | 08:37:12 | | 3870 | 9b5567d2
File Copy: E:\Program Files\vtk40\include\vtk\vtkPointSource.h | 10-11-2001 | 08:37:12 | | 4057 | f962a5a2
File Copy: E:\Program Files\vtk40\include\vtk\vtkPolyDataConnectivityFilter.h | 10-11-2001 | 08:37:12 | | 8911 | 2e537b27
File Copy: E:\Program Files\vtk40\include\vtk\vtkPolyDataNormals.h | 10-11-2001 | 08:37:12 | | 6861 | ca9adbf
File Copy: E:\Program Files\vtk40\include\vtk\vtkWindowedSincPolyDataFilter.h | 10-11-2001 | 08:37:22 | | 11583 | cccdcdb4
File Copy: E:\Program Files\vtk40\include\vtk\vtkPolyDataStreamer.h | 10-11-2001 | 08:37:12 | | 4029 | 68ce45ed
File Copy: E:\Program Files\vtk40\include\vtk\vtkProbeFilter.h | 12-11-2001 | 04:31:38 | | 4399 | a71aee80
File Copy: E:\Program Files\vtk40\include\vtk\vtkProgrammableAttributeDataFilter.h | 10-11-2001 | 08:37:12 | | 7359 | 2edd5cff
File Copy: E:\Program Files\vtk40\include\vtk\vtkProgrammableDataObjectSource.h | 10-11-2001 | 08:37:12 | | 4403 | 8268e3dd
File Copy: E:\Program Files\vtk40\include\vtk\vtkProgrammableFilter.h | 10-11-2001 | 08:37:12 | | 4969 | c1e4a8b6
File Copy: E:\Program Files\vtk40\include\vtk\vtkProgrammableGlyphFilter.h | 10-11-2001 | 08:37:12 | | 7193 | 3769b5ce
File Copy: E:\Program Files\vtk40\include\vtk\vtkProgrammableSource.h | 10-11-2001 | 08:37:12 | | 5214 | e0341d56
File Copy: E:\Program Files\vtk40\include\vtk\vtkProjectedTexture.h | 10-11-2001 | 08:37:12 | | 5030 | 1c311ddb
File Copy: E:\Program Files\vtk40\include\vtk\vtkQuadricClustering.h | 11-13-2001 | 09:13:50 | | 13417 | 1790e3b2
File Copy: E:\Program Files\vtk40\include\vtk\vtkQuadricDecimation.h | 10-11-2001 | 08:37:14 | | 5252 | 1ab9d242
File Copy: E:\Program Files\vtk40\include\vtk\vtkQuantizePolyDataPoints.h | 10-11-2001 | 08:37:14 | | 4061 | 26acb1e7
File Copy: E:\Program Files\vtk40\include\vtk\vtkRearrangeFields.h | 11-13-2001 | 09:13:50 | | 10169 | d2dd8cd3
File Copy: E:\Program Files\vtk40\include\vtk\vtkRectilinearGridGeometryFilter.h | 10-11-2001 | 08:37:14 | | 4334 | e37e1bda
File Copy: E:\Program Files\vtk40\include\vtk\vtkRecursiveDividingCubes.h | 10-11-2001 | 08:37:14 | | 4567 | d2f8d070
File Copy: E:\Program Files\vtk40\include\vtk\vtkReverseSense.h | 10-11-2001 | 08:37:14 | | 3806 | fc04a20d
File Copy: E:\Program Files\vtk40\include\vtk\vtkRibbonFilter.h | 10-11-2001 | 08:37:14 | | 4885 | 2a0e3d5
File Copy: E:\Program Files\vtk40\include\vtk\vtkRotationalExtrusionFilter.h | 10-11-2001 | 08:37:14 | | 5769 | 1582552d
File Copy: E:\Program Files\vtk40\include\vtk\vtkRuledSurfaceFilter.h | 10-11-2001 | 08:37:14 | | 7922 | 453f9a1c
File Copy: E:\Program Files\vtk40\include\vtk\vtkSelectPolyData.h | 10-11-2001 | 08:37:14 | | 9388 | 8fda4bc
File Copy: E:\Program Files\vtk40\include\vtk\vtkShrinkFilter.h | 10-11-2001 | 08:37:14 | | 3487 | 9639f7bc
File Copy: E:\Program Files\vtk40\include\vtk\vtkShrinkPolyData.h | 10-11-2001 | 08:37:14 | | 3681 | c2a82169
File Copy: E:\Program Files\vtk40\include\vtk\vtkSimpleElevationFilter.h | 10-11-2001 | 08:37:16 | | 3340 | 54488690
File Copy: E:\Program Files\vtk40\include\vtk\vtkSmoothPolyDataFilter.h | 10-11-2001 | 08:37:16 | | 10050 | 58de47be
File Copy: E:\Program Files\vtk40\include\vtk\vtkSpatialRepresentationFilter.h | 10-11-2001 | 08:37:16 | | 5924 | 6da026a9
File Copy: E:\Program Files\vtk40\include\vtk\vtkSphereSource.h | 10-11-2001 | 08:37:16 | | 5876 | 7bb9aeb9
File Copy: E:\Program Files\vtk40\include\vtk\vtkSplitField.h | 11-13-2001 | 09:13:50 | | 6762 | b737038f
File Copy: E:\Program Files\vtk40\include\vtk\vtkStreamLine.h | 10-11-2001 | 08:37:16 | | 4846 | a020aef0
File Copy: E:\Program Files\vtk40\include\vtk\vtkStreamPoints.h | 10-11-2001 | 08:37:18 | | 3390 | b25f37ae
File Copy: E:\Program Files\vtk40\include\vtk\vtkStreamer.h | 10-11-2001 | 08:37:18 | | 13441 | 86550786
File Copy: E:\Program Files\vtk40\include\vtk\vtkStripper.h | 10-11-2001 | 08:37:18 | | 3836 | a23ad822
File Copy: E:\Program Files\vtk40\include\vtk\vtk3DS.h | 10-12-2001 | 08:24:32 | | 5432 | 104c21b
File Copy: E:\Program Files\vtk40\include\vtk\vtkBMPReader.h | 10-11-2001 | 08:37:28 | | 3803 | 4e0d79d3
File Copy: E:\Program Files\vtk40\include\vtk\vtkBMPWriter.h | 10-11-2001 | 08:37:28 | | 2841 | 42a0a282
File Copy: E:\Program Files\vtk40\include\vtk\vtkBYUReader.h | 11-13-2001 | 09:30:28 | | 4742 | 4337c253
File Copy: E:\Program Files\vtk40\include\vtk\vtkBYUWriter.h | 10-11-2001 | 08:37:28 | | 4678 | fcfcf2fb
File Copy: E:\Program Files\vtk40\include\vtk\vtkCGMWriter.h | 10-11-2001 | 08:37:28 | | 6520 | 9411b72e
File Copy: E:\Program Files\vtk40\include\vtk\vtkDEMReader.h | 10-11-2001 | 08:37:28 | | 6332 | b95c3832
File Copy: E:\Program Files\vtk40\include\vtk\vtkDataObjectReader.h | 10-11-2001 | 08:37:30 | | 3529 | 9686696d
File Copy: E:\Program Files\vtk40\include\vtk\vtkDataObjectWriter.h | 10-11-2001 | 08:37:30 | | 4133 | f1d1aaa8
File Copy: E:\Program Files\vtk40\include\vtk\vtkDataSetReader.h | 10-11-2001 | 08:37:30 | | 4676 | 3685d3db
File Copy: E:\Program Files\vtk40\include\vtk\vtkDataSetWriter.h | 10-11-2001 | 08:37:30 | | 2996 | fba21b10
File Copy: E:\Program Files\vtk40\include\vtk\vtkDataWriter.h | 11-13-2001 | 09:30:28 | | 8287 | 2ede7628
File Copy: E:\Program Files\vtk40\include\vtk\vtkEnSight6BinaryReader.h | 11-13-2001 | 09:30:28 | | 7592 | b2249281
File Copy: E:\Program Files\vtk40\include\vtk\vtkEnSight6Reader.h | 11-13-2001 | 09:30:28 | | 6627 | efa8a843
File Copy: E:\Program Files\vtk40\include\vtk\vtkEnSightGoldBinaryReader.h | 11-13-2001 | 09:30:28 | | 7947 | 115aed7a
File Copy: E:\Program Files\vtk40\include\vtk\vtkEnSightGoldReader.h | 11-13-2001 | 09:30:28 | | 7301 | 101b73fd
File Copy: E:\Program Files\vtk40\include\vtk\vtkEnSightReader.h | 11-13-2001 | 09:30:28 | | 13659 | 832f5edc
File Copy: E:\Program Files\vtk40\include\vtk\vtkGESignaReader.h | 11-09-2001 | 16:49:02 | | 3241 | aea1ff41
File Copy: E:\Program Files\vtk40\include\vtk\vtkGenericEnSightReader.h | 10-11-2001 | 08:37:30 | | 7878 | aa988b08
File Copy: E:\Program Files\vtk40\include\vtk\vtkIVWriter.h | 10-11-2001 | 08:37:30 | | 2845 | 707d5be2
File Copy: E:\Program Files\vtk40\include\vtk\vtkImageReader.h | 11-13-2001 | 09:30:28 | | 10044 | 7f23e730
File Copy: E:\Program Files\vtk40\include\vtk\vtkImageWriter.h | 10-11-2001 | 08:37:32 | | 4893 | d0f5cfb6
File Copy: E:\Program Files\vtk40\include\vtk\vtkJPEGReader.h | 10-11-2001 | 08:37:32 | | 2817 | 89baba29
File Copy: E:\Program Files\vtk40\include\vtk\vtkJPEGWriter.h | 10-11-2001 | 08:37:32 | | 3414 | 82c2f6fe
File Copy: E:\Program Files\vtk40\include\vtk\vtkMCubesReader.h | 10-11-2001 | 08:37:32 | | 7135 | 647d9b84
File Copy: E:\Program Files\vtk40\include\vtk\vtkMCubesWriter.h | 10-11-2001 | 08:37:32 | | 3506 | 473e0c8d
File Copy: E:\Program Files\vtk40\include\vtk\vtkOBJReader.h | 10-11-2001 | 08:37:32 | | 2970 | 48ee71f3
File Copy: E:\Program Files\vtk40\include\vtk\vtkPLOT3DReader.h | 10-30-2001 | 16:46:04 | | 10758 | 8a7b5428
File Copy: E:\Program Files\vtk40\include\vtk\vtkPLY.h | 10-10-2001 | 14:01:58 | | 11319 | 7a99dfda
File Copy: E:\Program Files\vtk40\include\vtk\vtkPLYReader.h | 10-11-2001 | 08:37:32 | | 3660 | 8e1e2ce9
File Copy: E:\Program Files\vtk40\include\vtk\vtkPNGReader.h | 10-11-2001 | 08:37:32 | | 2800 | ab21262c
File Copy: E:\Program Files\vtk40\include\vtk\vtkPNGWriter.h | 10-11-2001 | 08:37:32 | | 2843 | 89697703
File Copy: E:\Program Files\vtk40\include\vtk\vtkPNMReader.h | 10-11-2001 | 08:37:32 | | 3334 | 504c9b82
File Copy: E:\Program Files\vtk40\include\vtk\vtkPNMWriter.h | 10-11-2001 | 08:37:32 | | 2884 | 69065200
File Copy: E:\Program Files\vtk40\include\vtk\vtkParticleReader.h | 10-11-2001 | 08:37:32 | | 4644 | f88b1faa
File Copy: E:\Program Files\vtk40\include\vtk\vtkPolyDataReader.h | 10-11-2001 | 08:37:32 | | 3914 | 882ff5d3
File Copy: E:\Program Files\vtk40\include\vtk\vtkPolyDataWriter.h | 10-11-2001 | 08:37:34 | | 3107 | c7a1811f
File Copy: E:\Program Files\vtk40\include\vtk\vtkPostScriptWriter.h | 10-11-2001 | 08:37:34 | | 3125 | a6ea04e9
File Copy: E:\Program Files\vtk40\include\vtk\vtkRectilinearGridReader.h | 10-11-2001 | 08:37:34 | | 3646 | 3186438d
File Copy: E:\Program Files\vtk40\include\vtk\vtkRectilinearGridWriter.h | 10-11-2001 | 08:37:34 | | 3240 | 176cd921
File Copy: E:\Program Files\vtk40\include\vtk\vtkSLCReader.h | 10-11-2001 | 08:37:34 | | 3566 | 718216ed
File Copy: E:\Program Files\vtk40\include\vtk\vtkSTLReader.h | 11-13-2001 | 09:30:28 | | 4800 | 2059fa97
File Copy: E:\Program Files\vtk40\include\vtk\vtkSTLWriter.h | 10-11-2001 | 08:37:34 | | 3230 | 1c7a1f48
File Copy: E:\Program Files\vtk40\include\vtk\vtkStructuredGridReader.h | 10-11-2001 | 08:37:34 | | 3619 | 2166a2f9
File Copy: E:\Program Files\vtk40\include\vtk\vtkStructuredGridWriter.h | 10-11-2001 | 08:37:34 | | 3281 | 5229231a
File Copy: E:\Program Files\vtk40\include\vtk\vtkStructuredPointsReader.h | 10-11-2001 | 08:37:34 | | 3794 | 59d7b659
File Copy: E:\Program Files\vtk40\include\vtk\vtkStructuredPointsWriter.h | 10-11-2001 | 08:37:34 | | 3235 | f023104e
File Copy: E:\Program Files\vtk40\include\vtk\vtkTIFFReader.h | 10-11-2001 | 08:37:34 | | 3900 | 5e9c2d93
File Copy: E:\Program Files\vtk40\include\vtk\vtkTIFFWriter.h | 11-13-2001 | 09:30:30 | | 2844 | fc5376db
File Copy: E:\Program Files\vtk40\include\vtk\vtkUGFacetReader.h | 10-11-2001 | 08:37:36 | | 4514 | efea14e3
File Copy: E:\Program Files\vtk40\include\vtk\vtkUnstructuredGridReader.h | 10-11-2001 | 08:37:36 | | 3845 | f5c2cb97
File Copy: E:\Program Files\vtk40\include\vtk\vtkUnstructuredGridWriter.h | 10-11-2001 | 08:37:36 | | 3223 | 393dda7b
File Copy: E:\Program Files\vtk40\include\vtk\vtkVolume16Reader.h | 11-13-2001 | 09:30:30 | | 7360 | 572aba1d
File Copy: E:\Program Files\vtk40\include\vtk\vtkVolumeReader.h | 10-11-2001 | 08:37:36 | | 4912 | b03ada4b
File Copy: E:\Program Files\vtk40\include\vtk\vtkWriter.h | 10-11-2001 | 08:37:36 | | 3800 | d44a329e
File Copy: E:\Program Files\vtk40\include\vtk\vtkDataReader.h | 11-30-2001 | 09:54:14 | | 11974 | e03df739
File Copy: E:\Program Files\vtk40\include\vtk\vtkPLYWriter.h | 12-11-2001 | 04:31:48 | | 6712 | 670d2019
File Copy: E:\Program Files\vtk40\include\vtk\vtkImageReader2.h | 01-10-2002 | 07:01:12 | | 7768 | 75212a9d
File Copy: E:\Program Files\vtk40\include\vtk\vtkCardinalSpline.h | 11-13-2001 | 09:12:54 | | 3304 | 60d5ad2d
File Copy: E:\Program Files\vtk40\include\vtk\vtkCastToConcrete.h | 10-11-2001 | 08:36:32 | | 3831 | 42acf45f
File Copy: E:\Program Files\vtk40\include\vtk\vtkCellLocator.h | 11-13-2001 | 09:12:56 | | 11567 | 1d2043be
File Copy: E:\Program Files\vtk40\include\vtk\vtkColorTransferFunction.h | 11-13-2001 | 09:12:56 | | 7483 | 988101f3
File Copy: E:\Program Files\vtk40\include\vtk\vtkCone.h | 10-11-2001 | 08:36:34 | | 3682 | 35101659
File Copy: E:\Program Files\vtk40\include\vtk\vtkCylinder.h | 10-11-2001 | 08:36:34 | | 3811 | cf756632
File Copy: E:\Program Files\vtk40\include\vtk\vtkDataObjectSource.h | 10-11-2001 | 08:36:34 | | 4789 | bc31e9e7
File Copy: E:\Program Files\vtk40\include\vtk\vtkDataSetSource.h | 10-11-2001 | 08:36:34 | | 2940 | 9728d949
File Copy: E:\Program Files\vtk40\include\vtk\vtkDataSetToDataSetFilter.h | 10-11-2001 | 08:36:34 | | 5168 | d05380ea
File Copy: E:\Program Files\vtk40\include\vtk\vtkDataSetToPolyDataFilter.h | 10-11-2001 | 08:36:34 | | 3427 | a6c8567b
File Copy: E:\Program Files\vtk40\include\vtk\vtkDataSetToStructuredGridFilter.h | 10-11-2001 | 08:36:34 | | 3070 | 2c419f39
File Copy: E:\Program Files\vtk40\include\vtk\vtkDataSetToStructuredPointsFilter.h | 10-11-2001 | 08:36:34 | | 3376 | 3ced6a05
File Copy: E:\Program Files\vtk40\include\vtk\vtkDataSetToUnstructuredGridFilter.h | 10-11-2001 | 08:36:34 | | 3258 | 90762a22
File Copy: E:\Program Files\vtk40\include\vtk\vtkImageInPlaceFilter.h | 10-11-2001 | 08:36:34 | | 3260 | 5fe13eeb
File Copy: E:\Program Files\vtk40\include\vtk\vtkImageMultipleInputFilter.h | 11-13-2001 | 09:12:56 | | 5592 | 9e0f9f23
File Copy: E:\Program Files\vtk40\include\vtk\vtkImageMultipleInputOutputFilter.h | 11-13-2001 | 09:12:56 | | 4482 | 98763332
File Copy: E:\Program Files\vtk40\include\vtk\vtkImageSource.h | 11-13-2001 | 09:12:56 | | 3566 | 2dee47b4
File Copy: E:\Program Files\vtk40\include\vtk\vtkImageToImageFilter.h | 11-13-2001 | 09:12:58 | | 5322 | 57fb0c81
File Copy: E:\Program Files\vtk40\include\vtk\vtkImageToStructuredPoints.h | 10-11-2001 | 08:36:34 | | 3951 | 8ff1c0e
File Copy: E:\Program Files\vtk40\include\vtk\vtkImageTwoInputFilter.h | 10-11-2001 | 08:36:36 | | 3676 | 9970f1e9
File Copy: E:\Program Files\vtk40\include\vtk\vtkImplicitBoolean.h | 10-11-2001 | 08:36:36 | | 5911 | 88027938
File Copy: E:\Program Files\vtk40\include\vtk\vtkImplicitDataSet.h | 10-11-2001 | 08:36:36 | | 5046 | b487b39f
File Copy: E:\Program Files\vtk40\include\vtk\vtkImplicitSelectionLoop.h | 10-11-2001 | 08:36:36 | | 5931 | ef1f563c
File Copy: E:\Program Files\vtk40\include\vtk\vtkImplicitVolume.h | 10-11-2001 | 08:36:36 | | 5119 | c43e8245
File Copy: E:\Program Files\vtk40\include\vtk\vtkImplicitWindowFunction.h | 10-11-2001 | 08:36:36 | | 4761 | c20c6401
File Copy: E:\Program Files\vtk40\include\vtk\vtkKochanekSpline.h | 11-13-2001 | 09:12:58 | | 4897 | 8ab16aed
File Copy: E:\Program Files\vtk40\include\vtk\vtkMergePoints.h | 10-11-2001 | 08:36:36 | | 3755 | 41a8f094
File Copy: E:\Program Files\vtk40\include\vtk\vtkMergePoints2D.h | 10-11-2001 | 08:36:36 | | 3151 | f34aea5a
File Copy: E:\Program Files\vtk40\include\vtk\vtkPiecewiseFunction.h | 11-13-2001 | 09:12:58 | | 7357 | da297ece
File Copy: E:\Program Files\vtk40\include\vtk\vtkPointSetSource.h | 10-11-2001 | 08:36:36 | | 2967 | 2c87f263
File Copy: E:\Program Files\vtk40\include\vtk\vtkPointSetToPointSetFilter.h | 10-11-2001 | 08:36:36 | | 4902 | fb8a97fb
File Copy: E:\Program Files\vtk40\include\vtk\vtkPolyDataCollection.h | 10-11-2001 | 08:36:36 | | 3338 | 65f72dd5
File Copy: E:\Program Files\vtk40\include\vtk\vtkPolyDataSource.h | 10-11-2001 | 08:36:36 | | 3764 | 976a8d8
File Copy: E:\Program Files\vtk40\include\vtk\vtkPolyDataToPolyDataFilter.h | 10-11-2001 | 08:36:36 | | 3376 | f5b04ddf
File Copy: E:\Program Files\vtk40\include\vtk\vtkRectilinearGridSource.h | 10-11-2001 | 08:36:38 | | 3170 | 5a3b5e5
File Copy: E:\Program Files\vtk40\include\vtk\vtkRectilinearGridToPolyDataFilter.h | 10-11-2001 | 08:36:38 | | 3229 | 2cd9e677
File Copy: E:\Program Files\vtk40\include\vtk\vtkScalarTree.h | 11-02-2001 | 11:41:34 | | 6366 | 96099d30
File Copy: E:\Program Files\vtk40\include\vtk\vtkSimpleImageToImageFilter.h | 10-11-2001 | 08:36:38 | | 4525 | 4aa22104
File Copy: E:\Program Files\vtk40\include\vtk\vtkSphere.h | 10-11-2001 | 08:36:38 | | 3473 | a8603fa7
File Copy: E:\Program Files\vtk40\include\vtk\vtkSpline.h | 10-11-2001 | 08:36:38 | | 5694 | 38265e41
File Copy: E:\Program Files\vtk40\include\vtk\vtkStructuredGridSource.h | 10-11-2001 | 08:36:38 | | 3167 | 2331caea
File Copy: E:\Program Files\vtk40\include\vtk\vtkStructuredGridToPolyDataFilter.h | 10-11-2001 | 08:36:38 | | 3218 | 5d5ec49a
File Copy: E:\Program Files\vtk40\include\vtk\vtkStructuredGridToStructuredGridFilter.h | 10-11-2001 | 08:36:38 | | 3243 | a5a3db21
File Copy: E:\Program Files\vtk40\include\vtk\vtkStructuredPointsCollection.h | 10-11-2001 | 08:36:38 | | 3549 | 794f439a
File Copy: E:\Program Files\vtk40\include\vtk\vtkStructuredPointsSource.h | 10-11-2001 | 08:36:40 | | 3371 | 442d04bb
File Copy: E:\Program Files\vtk40\include\vtk\vtkStructuredPointsToPolyDataFilter.h | 11-01-2001 | 13:02:48 | | 3379 | d86d049d
File Copy: E:\Program Files\vtk40\include\vtk\vtkStructuredPointsToStructuredPointsFilter.h | 10-11-2001 | 08:36:40 | | 3568 | d859a29c
File Copy: E:\Program Files\vtk40\include\vtk\vtkStructuredPointsToUnstructuredGridFilter.h | 10-11-2001 | 08:36:40 | | 3382 | 690939a
File Copy: E:\Program Files\vtk40\include\vtk\vtkSuperquadric.h | 10-11-2001 | 08:36:40 | | 5864 | f8bf307b
File Copy: E:\Program Files\vtk40\include\vtk\vtkUnstructuredGridSource.h | 10-11-2001 | 08:36:40 | | 3407 | d8cab8ad
File Copy: E:\Program Files\vtk40\include\vtk\vtkUnstructuredGridToPolyDataFilter.h | 10-11-2001 | 08:36:40 | | 3386 | b27fb401
File Copy: E:\Program Files\vtk40\include\vtk\vtkUnstructuredGridToUnstructuredGridFilter.h | 10-11-2001 | 08:36:42 | | 3120 | ca991353
File Copy: E:\Program Files\vtk40\include\vtk\vtkAbstractTransform.h | 11-30-2001 | 16:21:34 | | 17617 | a69b54dd
File Copy: E:\Program Files\vtk40\include\vtk\vtkAbstractMapper.h | 10-21-2001 | 09:05:06 | | 5459 | 5abb33c1
File Copy: E:\Program Files\vtk40\include\vtk\vtkTensor.h | 10-11-2001 | 08:36:26 | | 4584 | e907077f
File Copy: E:\Program Files\vtk40\include\vtk\vtkCommand.h | 01-24-2002 | 11:06:40 | | 3264 | b891d4b8
File Copy: E:\Program Files\vtk40\include\vtk\vtkGeneralTransform.h | 11-30-2001 | 16:21:34 | | 11758 | 8b33c0a1
File Copy: E:\Program Files\vtk40\include\vtk\vtkLinearTransform.h | 11-30-2001 | 16:21:34 | | 9582 | 1461d11f
File Copy: E:\Program Files\vtk40\include\vtk\vtkActor2D.h | 10-11-2001 | 08:36:00 | | 5931 | 4de81bab
File Copy: E:\Program Files\vtk40\include\vtk\vtkTetra.h | 11-02-2001 | 11:41:22 | | 7132 | 60269ce6
File Copy: E:\Program Files\vtk40\include\vtk\vtkTimeStamp.h | 10-02-2001 | 16:06:44 | | 3864 | bd456ef0
File Copy: E:\Program Files\vtk40\include\vtk\vtkActor2DCollection.h | 10-11-2001 | 08:36:00 | | 5136 | deee20ad
File Copy: E:\Program Files\vtk40\include\vtk\vtkAssemblyNode.h | 10-11-2001 | 08:36:00 | | 4766 | d0566721
File Copy: E:\Program Files\vtk40\include\vtk\vtkAssemblyPath.h | 10-11-2001 | 08:36:00 | | 5328 | a9c45a71
File Copy: E:\Program Files\vtk40\include\vtk\vtkAssemblyPaths.h | 10-11-2001 | 08:36:00 | | 4425 | ee11111a
File Copy: E:\Program Files\vtk40\include\vtk\vtkBitArray.h | 11-16-2001 | 08:02:00 | | 8992 | cbe4f0bf
File Copy: E:\Program Files\vtk40\include\vtk\vtkByteSwap.h | 11-15-2001 | 16:33:56 | | 10651 | e0946a66
File Copy: E:\Program Files\vtk40\include\vtk\vtkTimerLog.h | 11-13-2001 | 09:09:32 | | 6591 | 901a95c6
File Copy: E:\Program Files\vtk40\include\vtk\vtkCallbackCommand.h | 11-14-2001 | 15:52:32 | | 3084 | d291dd7a
File Copy: E:\Program Files\vtk40\include\vtk\vtkTransform.h | 10-11-2001 | 08:36:26 | | 15517 | b7aa806e
File Copy: E:\Program Files\vtk40\include\vtk\vtkCell.h | 11-02-2001 | 11:41:02 | | 13675 | f68f4c22
File Copy: E:\Program Files\vtk40\include\vtk\vtkTransformCollection.h | 10-11-2001 | 08:36:28 | | 3515 | a6dfac6a
File Copy: E:\Program Files\vtk40\include\vtk\vtkCell3D.h | 11-02-2001 | 11:41:02 | | 5016 | e48aa3cc
File Copy: E:\Program Files\vtk40\include\vtk\vtkCellArray.h | 11-12-2001 | 07:47:42 | | 12990 | 61842e70
File Copy: E:\Program Files\vtk40\include\vtk\vtkCellData.h | 10-11-2001 | 08:36:04 | | 3052 | 3c950499
File Copy: E:\Program Files\vtk40\include\vtk\vtkCellLinks.h | 11-13-2001 | 09:09:24 | | 8422 | 83bf81fc
File Copy: E:\Program Files\vtk40\include\vtk\vtkTriangleStrip.h | 11-02-2001 | 11:41:24 | | 5126 | c9478e3b
File Copy: E:\Program Files\vtk40\include\vtk\vtkCellType.h | 12-10-2000 | 15:08:08 | | 3354 | 891f4685
File Copy: E:\Program Files\vtk40\include\vtk\vtkCellTypes.h | 10-11-2001 | 08:36:04 | | 6168 | 9b29671f
File Copy: E:\Program Files\vtk40\include\vtk\vtkCharArray.h | 10-11-2001 | 08:36:04 | | 9244 | 94f04049
File Copy: E:\Program Files\vtk40\include\vtk\vtkCollection.h | 10-11-2001 | 08:36:06 | | 5552 | 2d0f414f
File Copy: E:\Program Files\vtk40\include\vtk\vtkContourValues.h | 10-11-2001 | 08:36:06 | | 4519 | 379f0d99
File Copy: E:\Program Files\vtk40\include\vtk\vtkCoordinate.h | 11-13-2001 | 09:09:24 | | 7902 | b3e2a644
File Copy: E:\Program Files\vtk40\include\vtk\vtkUnsignedIntArray.h | 11-12-2001 | 11:07:46 | | 8763 | 7de81196
File Copy: E:\Program Files\vtk40\include\vtk\vtkCriticalSection.h | 11-13-2001 | 09:09:24 | | 5512 | 1d0b1d51
File Copy: E:\Program Files\vtk40\include\vtk\vtkDataArray.h | 11-13-2001 | 09:09:24 | | 16877 | 9ecb23a4
File Copy: E:\Program Files\vtk40\include\vtk\vtkDataObject.h | 11-13-2001 | 09:09:24 | | 18170 | f692c2e7
File Copy: E:\Program Files\vtk40\include\vtk\vtkUnsignedCharArray.h | 10-11-2001 | 08:36:28 | | 9170 | b1bdda4f
File Copy: E:\Program Files\vtk40\include\vtk\vtkDataObjectCollection.h | 10-11-2001 | 08:36:08 | | 3508 | 798beab3
File Copy: E:\Program Files\vtk40\include\vtk\vtkDataSet.h | 11-13-2001 | 09:09:24 | | 14398 | 3ff50ce5
File Copy: E:\Program Files\vtk40\include\vtk\vtkUnstructuredGrid.h | 11-13-2001 | 09:09:32 | | 8799 | a668f813
File Copy: E:\Program Files\vtk40\include\vtk\vtkDataSetAttributes.h | 11-13-2001 | 09:09:24 | | 18058 | c5b5f30c
File Copy: E:\Program Files\vtk40\include\vtk\vtkUnsignedLongArray.h | 11-12-2001 | 11:07:46 | | 8799 | 56a8f3f3
File Copy: E:\Program Files\vtk40\include\vtk\vtkDataSetCollection.h | 10-11-2001 | 08:36:10 | | 3439 | 88a4b795
File Copy: E:\Program Files\vtk40\include\vtk\vtkDebugLeaks.h | 10-11-2001 | 08:36:10 | | 3838 | b0a079ff
File Copy: E:\Program Files\vtk40\include\vtk\vtkDirectory.h | 11-13-2001 | 09:09:26 | | 3858 | afa75e59
File Copy: E:\Program Files\vtk40\include\vtk\vtkDoubleArray.h | 11-12-2001 | 11:07:44 | | 8309 | b176de0c
File Copy: E:\Program Files\vtk40\include\vtk\vtkDynamicLoader.h | 10-11-2001 | 08:36:10 | | 4055 | 579ad7b5
File Copy: E:\Program Files\vtk40\include\vtk\vtkEdgeTable.h | 10-11-2001 | 08:36:10 | | 6765 | 68d8a7ed
File Copy: E:\Program Files\vtk40\include\vtk\vtkEmptyCell.h | 11-02-2001 | 11:41:06 | | 4310 | ef9435c1
File Copy: E:\Program Files\vtk40\include\vtk\vtkUnsignedShortArray.h | 10-11-2001 | 08:36:28 | | 9421 | 57712d3b
File Copy: E:\Program Files\vtk40\include\vtk\vtkExtentTranslator.h | 11-06-2001 | 09:11:38 | | 5520 | 72c9f89b
File Copy: E:\Program Files\vtk40\include\vtk\vtkFieldData.h | 11-13-2001 | 09:09:26 | | 18261 | 6fdcba56
File Copy: E:\Program Files\vtk40\include\vtk\vtkWin32Header.h | 11-30-2001 | 16:51:50 | | 4906 | dd6a1b0
File Copy: E:\Program Files\vtk40\include\vtk\vtkFileOutputWindow.h | 11-13-2001 | 09:09:26 | | 3723 | 2adc8840
File Copy: E:\Program Files\vtk40\include\vtk\vtkFloatArray.h | 10-11-2001 | 08:36:14 | | 8730 | 80551a06
File Copy: E:\Program Files\vtk40\include\vtk\vtkFunctionParser.h | 11-13-2001 | 09:09:26 | | 8666 | 61c36ece
File Copy: E:\Program Files\vtk40\include\vtk\vtkFunctionSet.h | 10-11-2001 | 08:36:14 | | 3808 | 529631ec
File Copy: E:\Program Files\vtk40\include\vtk\vtkIdentityTransform.h | 11-30-2001 | 16:21:34 | | 5670 | 98f2acb1
File Copy: E:\Program Files\vtk40\include\vtk\vtkGenericCell.h | 11-13-2001 | 09:09:26 | | 6063 | 686b7db4
File Copy: E:\Program Files\vtk40\include\vtk\vtkHeap.h | 01-03-2002 | 07:01:18 | | 4014 | cf83675d
File Copy: E:\Program Files\vtk40\include\vtk\vtkHexahedron.h | 11-02-2001 | 11:41:06 | | 4791 | 6137834d
File Copy: E:\Program Files\vtk40\include\vtk\vtkWarpTransform.h | 11-30-2001 | 16:21:34 | | 7835 | 94c5c886
File Copy: E:\Program Files\vtk40\include\vtk\vtkPythonUtil.h | 12-11-2001 | 04:31:06 | | 7545 | 66dd625c
File Copy: E:\Program Files\vtk40\include\vtk\vtkIdList.h | 10-11-2001 | 08:36:16 | | 5835 | 1787418e
File Copy: E:\Program Files\vtk40\include\vtk\vtkIdTypeArray.h | 10-11-2001 | 08:36:16 | | 8094 | a8ec7819
File Copy: E:\Program Files\vtk40\include\vtk\vtkVertex.h | 11-02-2001 | 11:41:24 | | 5504 | 6f505a7b
File Copy: E:\Program Files\vtk40\include\vtk\vtkViewport.h | 10-11-2001 | 08:36:30 | | 12006 | b2149c83
File Copy: E:\Program Files\vtk40\include\vtk\vtkScalarsToColors.h | 12-11-2001 | 04:31:06 | | 7237 | db3f2d75
File Copy: E:\Program Files\vtk40\include\vtk\vtkImageData.h | 11-13-2001 | 09:09:26 | | 14642 | b858ad84
File Copy: E:\Program Files\vtk40\include\vtk\vtkImageIterator.h | 10-26-2001 | 14:59:18 | | 3525 | c7f65119
File Copy: E:\Program Files\vtk40\include\vtk\vtkVoidArray.h | 10-11-2001 | 08:36:30 | | 7315 | 698eede6
File Copy: E:\Program Files\vtk40\include\vtk\vtkImageProgressIterator.h | 10-26-2001 | 14:59:18 | | 3378 | 60c3946b
File Copy: E:\Program Files\vtk40\include\vtk\vtkImplicitFunction.h | 10-11-2001 | 08:36:16 | | 5979 | 61318397
File Copy: E:\Program Files\vtk40\include\vtk\vtkImplicitFunctionCollection.h | 10-11-2001 | 08:36:16 | | 3646 | 65cbbb42
File Copy: E:\Program Files\vtk40\include\vtk\vtkVoxel.h | 11-02-2001 | 11:41:24 | | 4682 | c9259f6f
File Copy: E:\Program Files\vtk40\include\vtk\vtkIndent.h | 10-02-2001 | 16:06:28 | | 2977 | d29defe6
File Copy: E:\Program Files\vtk40\include\vtk\vtkInitialValueProblemSolver.h | 11-13-2001 | 09:09:26 | | 4250 | d679ea5a
File Copy: E:\Program Files\vtk40\include\vtk\vtkIntArray.h | 10-11-2001 | 08:36:16 | | 8204 | 597be3f0
File Copy: E:\Program Files\vtk40\include\vtk\vtkInterpolatedVelocityField.h | 10-11-2001 | 08:36:16 | | 5494 | c45f41c9
File Copy: E:\Program Files\vtk40\include\vtk\vtkJavaUtil.h | 11-14-2001 | 16:00:20 | | 4273 | 1dc9efc4
File Copy: E:\Program Files\vtk40\include\vtk\vtkLargeInteger.h | 10-02-2001 | 16:06:30 | | 5328 | e5e6a720
File Copy: E:\Program Files\vtk40\include\vtk\vtkWedge.h | 11-02-2001 | 11:41:26 | | 4986 | 54d2d31e
File Copy: E:\Program Files\vtk40\include\vtk\vtkLine.h | 11-02-2001 | 11:41:10 | | 5551 | 7b9b5be0
File Copy: E:\Program Files\vtk40\include\vtk\vtkTriangle.h | 11-30-2001 | 16:21:34 | | 11459 | f0cd2dd
File Copy: E:\Program Files\vtk40\include\vtk\vtkWin32OutputWindow.h | 11-13-2001 | 09:09:32 | | 3691 | c2ea1fa2
File Copy: E:\Program Files\vtk40\include\vtk\vtkLocator.h | 10-11-2001 | 08:36:16 | | 7351 | d4f4ae30
File Copy: E:\Program Files\vtk40\include\vtk\vtkLogLookupTable.h | 10-11-2001 | 08:36:16 | | 2845 | 6bb9eb53
File Copy: E:\Program Files\vtk40\include\vtk\vtkLongArray.h | 11-12-2001 | 11:07:44 | | 8224 | 66cff4e3
File Copy: E:\Program Files\vtk40\include\vtk\vtkLookupTable.h | 11-13-2001 | 09:09:26 | | 9479 | bfd69578
File Copy: E:\Program Files\vtk40\include\vtk\vtkMapper2D.h | 10-11-2001 | 08:36:18 | | 3082 | d8d982c1
File Copy: E:\Program Files\vtk40\include\vtk\vtkWindow.h | 10-11-2001 | 08:36:30 | | 6278 | 5b64d098
File Copy: E:\Program Files\vtk40\include\vtk\vtkMarchingCubesCases.h | 10-02-2001 | 16:06:32 | | 2491 | dd1f0151
File Copy: E:\Program Files\vtk40\include\vtk\vtkWindowLevelLookupTable.h | 11-13-2001 | 09:09:34 | | 7001 | 45a69b64
File Copy: E:\Program Files\vtk40\include\vtk\vtkMarchingSquaresCases.h | 10-02-2001 | 16:06:34 | | 2326 | 6002a23c
File Copy: E:\Program Files\vtk40\include\vtk\vtkXMLFileOutputWindow.h | 10-11-2001 | 08:36:32 | | 3860 | ac947ff6
File Copy: E:\Program Files\vtk40\include\vtk\vtkJavaAwt.h | 12-11-2001 | 04:31:06 | | 6399 | 609023f9
File Copy: E:\Program Files\vtk40\include\vtk\vtkMatrix4x4.h | 11-13-2001 | 09:09:28 | | 8720 | 73dcb26
File Copy: E:\Program Files\vtk40\include\vtk\vtkMath.h | 11-30-2001 | 16:21:34 | | 23615 | 908fe367
File Copy: E:\Program Files\vtk40\include\vtk\vtkMatrixToHomogeneousTransform.h | 10-11-2001 | 08:36:18 | | 4203 | 34d0f797
File Copy: E:\Program Files\vtk40\include\vtk\vtkMatrixToLinearTransform.h | 10-11-2001 | 08:36:18 | | 4132 | f9748eeb
File Copy: E:\Program Files\vtk40\include\vtk\vtkMultiThreader.h | 10-11-2001 | 08:36:18 | | 9186 | 2a0d0d11
File Copy: E:\Program Files\vtk40\include\vtk\vtkMutexLock.h | 10-11-2001 | 08:36:18 | | 4191 | c471c2bb
File Copy: E:\Program Files\vtk40\include\vtk\vtkHomogeneousTransform.h | 11-30-2001 | 16:21:34 | | 5403 | 6a429749
File Copy: E:\Program Files\vtk40\include\vtk\vtkObject.h | 11-07-2001 | 17:26:32 | | 8996 | 7d6ade8b
File Copy: E:\Program Files\vtk40\include\vtk\vtkObjectFactory.h | 11-13-2001 | 09:09:28 | | 11851 | 61a676d7
File Copy: E:\Program Files\vtk40\include\vtk\vtkObjectFactoryCollection.h | 10-11-2001 | 08:36:18 | | 3715 | 4f342d7f
File Copy: E:\Program Files\vtk40\include\vtk\vtkOldStyleCallbackCommand.h | 11-14-2001 | 15:52:34 | | 2965 | eac4cb6f
File Copy: E:\Program Files\vtk40\include\vtk\vtkOrderedTriangulator.h | 10-11-2001 | 08:36:18 | | 9445 | c3a372bb
File Copy: E:\Program Files\vtk40\include\vtk\vtkOutputWindow.h | 10-11-2001 | 08:36:18 | | 4992 | 5a824177
File Copy: E:\Program Files\vtk40\include\vtk\vtkVersion.h | 12-11-2001 | 04:31:06 | | 3612 | cba203c8
File Copy: E:\Program Files\vtk40\include\vtk\vtkOverrideInformation.h | 10-11-2001 | 08:36:18 | | 4587 | a0d53b7f
File Copy: E:\Program Files\vtk40\include\vtk\vtkOverrideInformationCollection.h | 10-11-2001 | 08:36:20 | | 3705 | 691dd69a
File Copy: E:\Program Files\vtk40\include\vtk\vtkPerspectiveTransform.h | 11-13-2001 | 09:09:28 | | 16530 | f2125109
File Copy: E:\Program Files\vtk40\include\vtk\vtkPixel.h | 11-02-2001 | 11:41:12 | | 4579 | 60b38c30
File Copy: E:\Program Files\vtk40\include\vtk\vtkPlane.h | 11-13-2001 | 09:09:28 | | 5950 | 6be2e64d
File Copy: E:\Program Files\vtk40\include\vtk\vtkPlaneCollection.h | 10-11-2001 | 08:36:20 | | 3348 | ea78fe2b
File Copy: E:\Program Files\vtk40\include\vtk\vtkPlanes.h | 11-02-2001 | 11:41:14 | | 5395 | ae02fbec
File Copy: E:\Program Files\vtk40\include\vtk\vtkPointData.h | 10-11-2001 | 08:36:20 | | 2912 | 6d589235
File Copy: E:\Program Files\vtk40\include\vtk\vtkPointLocator.h | 11-13-2001 | 09:09:28 | | 11873 | 1fd0814b
File Copy: E:\Program Files\vtk40\include\vtk\vtkPointLocator2D.h | 11-13-2001 | 09:09:28 | | 7058 | 44e9bcda
File Copy: E:\Program Files\vtk40\include\vtk\vtkPointSet.h | 11-13-2001 | 09:09:28 | | 5485 | 93633222
File Copy: E:\Program Files\vtk40\include\vtk\vtkPoints.h | 11-02-2001 | 11:41:16 | | 9253 | 3691b694
File Copy: E:\Program Files\vtk40\include\vtk\vtkPolyData.h | 11-13-2001 | 09:09:28 | | 21420 | 9cb36811
File Copy: E:\Program Files\vtk40\include\vtk\vtkPolyLine.h | 11-02-2001 | 11:41:16 | | 4882 | 1db38afe
File Copy: E:\Program Files\vtk40\include\vtk\vtkPolyVertex.h | 11-02-2001 | 11:41:16 | | 4465 | 4e46f5ac
File Copy: E:\Program Files\vtk40\include\vtk\vtkPolygon.h | 11-13-2001 | 09:09:28 | | 7631 | 70e6bc14
File Copy: E:\Program Files\vtk40\include\vtk\vtkPriorityQueue.h | 11-05-2001 | 07:16:16 | | 6805 | 5b7e8106
File Copy: E:\Program Files\vtk40\include\vtk\vtkProcessObject.h | 10-11-2001 | 08:36:22 | | 7767 | f63d6592
File Copy: E:\Program Files\vtk40\include\vtk\vtkProcessStatistics.h | 10-11-2001 | 08:36:22 | | 2862 | fdb390be
File Copy: E:\Program Files\vtk40\include\vtk\vtkProp.h | 10-11-2001 | 08:36:22 | | 12707 | cfc8470
File Copy: E:\Program Files\vtk40\include\vtk\vtkPropAssembly.h | 10-11-2001 | 08:36:22 | | 6329 | da3b7a4c
File Copy: E:\Program Files\vtk40\include\vtk\vtkPropCollection.h | 10-11-2001 | 08:36:22 | | 3979 | ae4ec3dc
File Copy: E:\Program Files\vtk40\include\vtk\vtkProperty2D.h | 10-11-2001 | 08:36:22 | | 5598 | 7ce1146f
File Copy: E:\Program Files\vtk40\include\vtk\vtkPyramid.h | 11-02-2001 | 11:41:18 | | 5088 | 4e7ce43d
File Copy: E:\Program Files\vtk40\include\vtk\vtkQuad.h | 11-02-2001 | 11:41:18 | | 4550 | ff8f9c1f
File Copy: E:\Program Files\vtk40\include\vtk\vtkQuadric.h | 10-11-2001 | 08:36:24 | | 3571 | 2df19361
File Copy: E:\Program Files\vtk40\include\vtk\vtkRayCastStructures.h | 12-10-2000 | 15:08:18 | | 4083 | 637b95ee
File Copy: E:\Program Files\vtk40\include\vtk\vtkRectilinearGrid.h | 11-15-2001 | 09:20:16 | | 10795 | 13144ae4
File Copy: E:\Program Files\vtk40\include\vtk\vtkReferenceCount.h | 10-11-2001 | 08:36:24 | | 2771 | a380cdae
File Copy: E:\Program Files\vtk40\include\vtk\vtkRungeKutta2.h | 11-13-2001 | 09:09:30 | | 3829 | 6e66ed30
File Copy: E:\Program Files\vtk40\include\vtk\vtkRungeKutta4.h | 11-13-2001 | 09:09:30 | | 3948 | bc240201
File Copy: E:\Program Files\vtk40\include\vtk\vtkSetGet.h | 10-02-2001 | 16:06:42 | | 32759 | 247bd753
File Copy: E:\Program Files\vtk40\include\vtk\vtkShortArray.h | 10-11-2001 | 08:36:24 | | 8863 | 9ad8e00b
File Copy: E:\Program Files\vtk40\include\vtk\vtkSource.h | 10-11-2001 | 08:36:26 | | 7801 | ebadca5c
File Copy: E:\Program Files\vtk40\include\vtk\vtkStructuredData.h | 11-15-2001 | 09:20:16 | | 4996 | ca208337
File Copy: E:\Program Files\vtk40\include\vtk\vtkStructuredGrid.h | 11-15-2001 | 09:20:16 | | 9689 | f1658472
File Copy: E:\Program Files\vtk40\include\vtk\vtkStructuredPoints.h | 10-11-2001 | 08:36:26 | | 3429 | e4378597
File Copy: E:\Program Files\vtk40\include\vtk\vtkSystemIncludes.h | 11-02-2001 | 11:41:22 | | 4018 | 815b6a5f
File Copy: E:\Program Files\vtk40\include\vtk\vtkTclUtil.h | 11-14-2001 | 16:00:20 | | 4825 | a0af754e
