01, 12, 2004 (11:43:44): Opening rpy file C:\Rhapsody42-2\Share/Properties\PredefinedTypes.sbs
01, 12, 2004 (11:43:44): 
 Started loading C:\Rhapsody42-2\Share/Properties\PredefinedTypes.sbs on Monday, January 12, 2004 (11:43:44).-

01, 12, 2004 (11:43:44): 

Starting inUnit resolution phase


01, 12, 2004 (11:43:44): 

Finished inUnit resolution phase


01, 12, 2004 (11:43:44): 
 Finished loading C:\Rhapsody42-2\Share/Properties\PredefinedTypes.sbs on Monday, January 12, 2004 (11:43:44).-

01, 12, 2004 (11:43:44): Opening rpy file C:\Rhapsody42-2\Share/Properties\PredefinedTypesC++.sbs
01, 12, 2004 (11:43:44): 
 Started loading C:\Rhapsody42-2\Share/Properties\PredefinedTypesC++.sbs on Monday, January 12, 2004 (11:43:44).-

01, 12, 2004 (11:43:44): 

Starting inUnit resolution phase


01, 12, 2004 (11:43:44): 

Finished inUnit resolution phase


01, 12, 2004 (11:43:44): 
 Finished loading C:\Rhapsody42-2\Share/Properties\PredefinedTypesC++.sbs on Monday, January 12, 2004 (11:43:44).-

01, 12, 2004 (11:43:44): Opening rpy file C:\ARTIST\CD\Nov1703\Avionics_6_New\Avionics_6.rpy
01, 12, 2004 (11:43:44): 
 Started loading C:\ARTIST\CD\Nov1703\Avionics_6_New\Avionics_6.rpy on Monday, January 12, 2004 (11:43:44).-

01, 12, 2004 (11:43:44): Opening rpy file Prototype.sbs
01, 12, 2004 (11:43:44): 
 Started loading Prototype.sbs on Monday, January 12, 2004 (11:43:44).-

01, 12, 2004 (11:43:44): 
 Finished loading Prototype.sbs on Monday, January 12, 2004 (11:43:44).-

01, 12, 2004 (11:43:44): Opening rpy file C:\ARTIST\CD\Nov1703\Avionics_6_New\Avionics_6_rpy\Prototype.sbs
01, 12, 2004 (11:43:44): 
 Started loading C:\ARTIST\CD\Nov1703\Avionics_6_New\Avionics_6_rpy\Prototype.sbs on Monday, January 12, 2004 (11:43:44).-

01, 12, 2004 (11:43:44): 

Starting inUnit resolution phase


01, 12, 2004 (11:43:44): 

Finished inUnit resolution phase


01, 12, 2004 (11:43:44): 
 Finished loading C:\ARTIST\CD\Nov1703\Avionics_6_New\Avionics_6_rpy\Prototype.sbs on Monday, January 12, 2004 (11:43:44).-

01, 12, 2004 (11:43:44): Opening rpy file AirframePkg.sbs
01, 12, 2004 (11:43:44): 
 Started loading AirframePkg.sbs on Monday, January 12, 2004 (11:43:44).-

01, 12, 2004 (11:43:44): 
 Finished loading AirframePkg.sbs on Monday, January 12, 2004 (11:43:44).-

01, 12, 2004 (11:43:44): Opening rpy file C:\ARTIST\CD\Nov1703\Avionics_6_New\Avionics_6_rpy\AirframePkg.sbs
01, 12, 2004 (11:43:44): 
 Started loading C:\ARTIST\CD\Nov1703\Avionics_6_New\Avionics_6_rpy\AirframePkg.sbs on Monday, January 12, 2004 (11:43:44).-

01, 12, 2004 (11:43:45): 

Starting inUnit resolution phase


01, 12, 2004 (11:43:45): 

Finished inUnit resolution phase


01, 12, 2004 (11:43:45): 
 Finished loading C:\ARTIST\CD\Nov1703\Avionics_6_New\Avionics_6_rpy\AirframePkg.sbs on Monday, January 12, 2004 (11:43:45).-

01, 12, 2004 (11:43:45): Opening rpy file AutopilotPkg.sbs
01, 12, 2004 (11:43:45): 
 Started loading AutopilotPkg.sbs on Monday, January 12, 2004 (11:43:45).-

01, 12, 2004 (11:43:45): 
 Finished loading AutopilotPkg.sbs on Monday, January 12, 2004 (11:43:45).-

01, 12, 2004 (11:43:45): Opening rpy file C:\ARTIST\CD\Nov1703\Avionics_6_New\Avionics_6_rpy\AutopilotPkg.sbs
01, 12, 2004 (11:43:45): 
 Started loading C:\ARTIST\CD\Nov1703\Avionics_6_New\Avionics_6_rpy\AutopilotPkg.sbs on Monday, January 12, 2004 (11:43:45).-

01, 12, 2004 (11:43:45): 

Starting inUnit resolution phase


01, 12, 2004 (11:43:45): 

Finished inUnit resolution phase


01, 12, 2004 (11:43:45): 
 Finished loading C:\ARTIST\CD\Nov1703\Avionics_6_New\Avionics_6_rpy\AutopilotPkg.sbs on Monday, January 12, 2004 (11:43:45).-

01, 12, 2004 (11:43:45): Opening rpy file DisplayPkg.sbs
01, 12, 2004 (11:43:45): 
 Started loading DisplayPkg.sbs on Monday, January 12, 2004 (11:43:45).-

01, 12, 2004 (11:43:45): 
 Finished loading DisplayPkg.sbs on Monday, January 12, 2004 (11:43:45).-

01, 12, 2004 (11:43:45): Opening rpy file C:\ARTIST\CD\Nov1703\Avionics_6_New\Avionics_6_rpy\DisplayPkg.sbs
01, 12, 2004 (11:43:45): 
 Started loading C:\ARTIST\CD\Nov1703\Avionics_6_New\Avionics_6_rpy\DisplayPkg.sbs on Monday, January 12, 2004 (11:43:45).-

01, 12, 2004 (11:43:45): 

Starting inUnit resolution phase


01, 12, 2004 (11:43:45): 

Finished inUnit resolution phase


01, 12, 2004 (11:43:45): 
 Finished loading C:\ARTIST\CD\Nov1703\Avionics_6_New\Avionics_6_rpy\DisplayPkg.sbs on Monday, January 12, 2004 (11:43:45).-

01, 12, 2004 (11:43:45): Opening rpy file GuidancePkg.sbs
01, 12, 2004 (11:43:45): 
 Started loading GuidancePkg.sbs on Monday, January 12, 2004 (11:43:45).-

01, 12, 2004 (11:43:45): 
 Finished loading GuidancePkg.sbs on Monday, January 12, 2004 (11:43:45).-

01, 12, 2004 (11:43:45): Opening rpy file C:\ARTIST\CD\Nov1703\Avionics_6_New\Avionics_6_rpy\GuidancePkg.sbs
01, 12, 2004 (11:43:45): 
 Started loading C:\ARTIST\CD\Nov1703\Avionics_6_New\Avionics_6_rpy\GuidancePkg.sbs on Monday, January 12, 2004 (11:43:45).-

01, 12, 2004 (11:43:45): 

Starting inUnit resolution phase


01, 12, 2004 (11:43:45): 

Finished inUnit resolution phase


01, 12, 2004 (11:43:45): 
 Finished loading C:\ARTIST\CD\Nov1703\Avionics_6_New\Avionics_6_rpy\GuidancePkg.sbs on Monday, January 12, 2004 (11:43:45).-

01, 12, 2004 (11:43:45): Opening rpy file LibraryPkg.sbs
01, 12, 2004 (11:43:45): 
 Started loading LibraryPkg.sbs on Monday, January 12, 2004 (11:43:45).-

01, 12, 2004 (11:43:45): 
 Finished loading LibraryPkg.sbs on Monday, January 12, 2004 (11:43:45).-

01, 12, 2004 (11:43:45): Opening rpy file C:\ARTIST\CD\Nov1703\Avionics_6_New\Avionics_6_rpy\LibraryPkg.sbs
01, 12, 2004 (11:43:45): 
 Started loading C:\ARTIST\CD\Nov1703\Avionics_6_New\Avionics_6_rpy\LibraryPkg.sbs on Monday, January 12, 2004 (11:43:45).-

01, 12, 2004 (11:43:45): Opening rpy file AvionicsPkg.sbs
01, 12, 2004 (11:43:45): 
 Started loading AvionicsPkg.sbs on Monday, January 12, 2004 (11:43:45).-

01, 12, 2004 (11:43:45): 
 Finished loading AvionicsPkg.sbs on Monday, January 12, 2004 (11:43:45).-

01, 12, 2004 (11:43:45): Opening rpy file C:\ARTIST\CD\Nov1703\Avionics_6_New\Avionics_6_rpy\AvionicsPkg.sbs
01, 12, 2004 (11:43:45): 
 Started loading C:\ARTIST\CD\Nov1703\Avionics_6_New\Avionics_6_rpy\AvionicsPkg.sbs on Monday, January 12, 2004 (11:43:45).-

01, 12, 2004 (11:43:45): 

Starting inUnit resolution phase


01, 12, 2004 (11:43:45): 

Finished inUnit resolution phase


01, 12, 2004 (11:43:45): 
 Finished loading C:\ARTIST\CD\Nov1703\Avionics_6_New\Avionics_6_rpy\AvionicsPkg.sbs on Monday, January 12, 2004 (11:43:45).-

01, 12, 2004 (11:43:45): 

Starting inUnit resolution phase


01, 12, 2004 (11:43:45): 

Finished inUnit resolution phase


01, 12, 2004 (11:43:45): 
 Finished loading C:\ARTIST\CD\Nov1703\Avionics_6_New\Avionics_6_rpy\LibraryPkg.sbs on Monday, January 12, 2004 (11:43:45).-

01, 12, 2004 (11:43:45): Opening rpy file RequirementClasses.sbs
01, 12, 2004 (11:43:45): 
 Started loading RequirementClasses.sbs on Monday, January 12, 2004 (11:43:45).-

01, 12, 2004 (11:43:45): 
 Finished loading RequirementClasses.sbs on Monday, January 12, 2004 (11:43:45).-

01, 12, 2004 (11:43:45): Opening rpy file C:\ARTIST\CD\Nov1703\Avionics_6_New\Avionics_6_rpy\RequirementClasses.sbs
01, 12, 2004 (11:43:46): 
 Started loading C:\ARTIST\CD\Nov1703\Avionics_6_New\Avionics_6_rpy\RequirementClasses.sbs on Monday, January 12, 2004 (11:43:46).-

01, 12, 2004 (11:43:46): 

Starting inUnit resolution phase


01, 12, 2004 (11:43:46): 

Finished inUnit resolution phase


01, 12, 2004 (11:43:46): 
 Finished loading C:\ARTIST\CD\Nov1703\Avionics_6_New\Avionics_6_rpy\RequirementClasses.sbs on Monday, January 12, 2004 (11:43:46).-

01, 12, 2004 (11:43:46): Opening rpy file TargetPkg.sbs
01, 12, 2004 (11:43:46): 
 Started loading TargetPkg.sbs on Monday, January 12, 2004 (11:43:46).-

01, 12, 2004 (11:43:46): 
 Finished loading TargetPkg.sbs on Monday, January 12, 2004 (11:43:46).-

01, 12, 2004 (11:43:46): Opening rpy file C:\ARTIST\CD\Nov1703\Avionics_6_New\Avionics_6_rpy\TargetPkg.sbs
01, 12, 2004 (11:43:46): 
 Started loading C:\ARTIST\CD\Nov1703\Avionics_6_New\Avionics_6_rpy\TargetPkg.sbs on Monday, January 12, 2004 (11:43:46).-

01, 12, 2004 (11:43:46): 

Starting inUnit resolution phase


01, 12, 2004 (11:43:46): 

Finished inUnit resolution phase


01, 12, 2004 (11:43:46): 
 Finished loading C:\ARTIST\CD\Nov1703\Avionics_6_New\Avionics_6_rpy\TargetPkg.sbs on Monday, January 12, 2004 (11:43:46).-

01, 12, 2004 (11:43:46): Opening rpy file TrackingSubsystemPkg.sbs
01, 12, 2004 (11:43:46): 
 Started loading TrackingSubsystemPkg.sbs on Monday, January 12, 2004 (11:43:46).-

01, 12, 2004 (11:43:46): 
 Finished loading TrackingSubsystemPkg.sbs on Monday, January 12, 2004 (11:43:46).-

01, 12, 2004 (11:43:46): Opening rpy file C:\ARTIST\CD\Nov1703\Avionics_6_New\Avionics_6_rpy\TrackingSubsystemPkg.sbs
01, 12, 2004 (11:43:46): 
 Started loading C:\ARTIST\CD\Nov1703\Avionics_6_New\Avionics_6_rpy\TrackingSubsystemPkg.sbs on Monday, January 12, 2004 (11:43:46).-

01, 12, 2004 (11:43:46): 

Starting inUnit resolution phase


01, 12, 2004 (11:43:46): 

Finished inUnit resolution phase


01, 12, 2004 (11:43:46): 
 Finished loading C:\ARTIST\CD\Nov1703\Avionics_6_New\Avionics_6_rpy\TrackingSubsystemPkg.sbs on Monday, January 12, 2004 (11:43:46).-

01, 12, 2004 (11:43:46): Opening rpy file ReverseEngineering.sbs
01, 12, 2004 (11:43:46): 
 Started loading ReverseEngineering.sbs on Monday, January 12, 2004 (11:43:46).-

01, 12, 2004 (11:43:46): 
 Finished loading ReverseEngineering.sbs on Monday, January 12, 2004 (11:43:46).-

01, 12, 2004 (11:43:46): Opening rpy file C:\ARTIST\CD\Nov1703\Avionics_6_New\Avionics_6_rpy\ReverseEngineering.sbs
01, 12, 2004 (11:43:46): 
 Started loading C:\ARTIST\CD\Nov1703\Avionics_6_New\Avionics_6_rpy\ReverseEngineering.sbs on Monday, January 12, 2004 (11:43:46).-

01, 12, 2004 (11:43:46): 

Starting inUnit resolution phase


01, 12, 2004 (11:43:46): 

Finished inUnit resolution phase


01, 12, 2004 (11:43:46): 
 Finished loading C:\ARTIST\CD\Nov1703\Avionics_6_New\Avionics_6_rpy\ReverseEngineering.sbs on Monday, January 12, 2004 (11:43:46).-

01, 12, 2004 (11:43:46): Opening rpy file RT_Environment.sbs
01, 12, 2004 (11:43:46): 
 Started loading RT_Environment.sbs on Monday, January 12, 2004 (11:43:46).-

01, 12, 2004 (11:43:46): 
 Finished loading RT_Environment.sbs on Monday, January 12, 2004 (11:43:46).-

01, 12, 2004 (11:43:46): Opening rpy file C:\ARTIST\CD\Nov1703\Avionics_6_New\Avionics_6_rpy\RT_Environment.sbs
01, 12, 2004 (11:43:46): 
 Started loading C:\ARTIST\CD\Nov1703\Avionics_6_New\Avionics_6_rpy\RT_Environment.sbs on Monday, January 12, 2004 (11:43:46).-

01, 12, 2004 (11:43:46): 

Starting inUnit resolution phase


01, 12, 2004 (11:43:46): 

Finished inUnit resolution phase


01, 12, 2004 (11:43:46): 
 Finished loading C:\ARTIST\CD\Nov1703\Avionics_6_New\Avionics_6_rpy\RT_Environment.sbs on Monday, January 12, 2004 (11:43:46).-

01, 12, 2004 (11:43:46): Opening rpy file Control_Software.sbs
01, 12, 2004 (11:43:46): 
 Started loading Control_Software.sbs on Monday, January 12, 2004 (11:43:46).-

01, 12, 2004 (11:43:46): 
 Finished loading Control_Software.sbs on Monday, January 12, 2004 (11:43:46).-

01, 12, 2004 (11:43:46): Opening rpy file C:\ARTIST\CD\Nov1703\Avionics_6_New\Avionics_6_rpy\Control_Software.sbs
01, 12, 2004 (11:43:46): 
 Started loading C:\ARTIST\CD\Nov1703\Avionics_6_New\Avionics_6_rpy\Control_Software.sbs on Monday, January 12, 2004 (11:43:46).-

01, 12, 2004 (11:43:46): 

Starting inUnit resolution phase


01, 12, 2004 (11:43:46): 

Finished inUnit resolution phase


01, 12, 2004 (11:43:46): 
 Finished loading C:\ARTIST\CD\Nov1703\Avionics_6_New\Avionics_6_rpy\Control_Software.sbs on Monday, January 12, 2004 (11:43:46).-

01, 12, 2004 (11:43:46): Opening rpy file Device_Interfaces.sbs
01, 12, 2004 (11:43:46): 
 Started loading Device_Interfaces.sbs on Monday, January 12, 2004 (11:43:46).-

01, 12, 2004 (11:43:46): 
 Finished loading Device_Interfaces.sbs on Monday, January 12, 2004 (11:43:46).-

01, 12, 2004 (11:43:46): Opening rpy file C:\ARTIST\CD\Nov1703\Avionics_6_New\Avionics_6_rpy\Device_Interfaces.sbs
01, 12, 2004 (11:43:46): 
 Started loading C:\ARTIST\CD\Nov1703\Avionics_6_New\Avionics_6_rpy\Device_Interfaces.sbs on Monday, January 12, 2004 (11:43:46).-

01, 12, 2004 (11:43:46): 

Starting inUnit resolution phase


01, 12, 2004 (11:43:46): 

Finished inUnit resolution phase


01, 12, 2004 (11:43:46): 
 Finished loading C:\ARTIST\CD\Nov1703\Avionics_6_New\Avionics_6_rpy\Device_Interfaces.sbs on Monday, January 12, 2004 (11:43:46).-

01, 12, 2004 (11:43:46): Opening rpy file Physical_Environment.sbs
01, 12, 2004 (11:43:46): 
 Started loading Physical_Environment.sbs on Monday, January 12, 2004 (11:43:46).-

01, 12, 2004 (11:43:46): 
 Finished loading Physical_Environment.sbs on Monday, January 12, 2004 (11:43:46).-

01, 12, 2004 (11:43:46): Opening rpy file C:\ARTIST\CD\Nov1703\Avionics_6_New\Avionics_6_rpy\Physical_Environment.sbs
01, 12, 2004 (11:43:46): 
 Started loading C:\ARTIST\CD\Nov1703\Avionics_6_New\Avionics_6_rpy\Physical_Environment.sbs on Monday, January 12, 2004 (11:43:46).-

01, 12, 2004 (11:43:46): 

Starting inUnit resolution phase


01, 12, 2004 (11:43:46): 

Finished inUnit resolution phase


01, 12, 2004 (11:43:46): 
 Finished loading C:\ARTIST\CD\Nov1703\Avionics_6_New\Avionics_6_rpy\Physical_Environment.sbs on Monday, January 12, 2004 (11:43:46).-

01, 12, 2004 (11:43:46): Opening rpy file AutopilotModels.omd
01, 12, 2004 (11:43:46): 
 Started loading AutopilotModels.omd on Monday, January 12, 2004 (11:43:46).-

01, 12, 2004 (11:43:46): 
 Finished loading AutopilotModels.omd on Monday, January 12, 2004 (11:43:46).-

01, 12, 2004 (11:43:46): Opening rpy file C:\ARTIST\CD\Nov1703\Avionics_6_New\Avionics_6_rpy\AutopilotModels.omd
01, 12, 2004 (11:43:46): 
 Started loading C:\ARTIST\CD\Nov1703\Avionics_6_New\Avionics_6_rpy\AutopilotModels.omd on Monday, January 12, 2004 (11:43:46).-

01, 12, 2004 (11:43:46): 

Starting inUnit resolution phase


01, 12, 2004 (11:43:46): 

Finished inUnit resolution phase


01, 12, 2004 (11:43:46): 
 Finished loading C:\ARTIST\CD\Nov1703\Avionics_6_New\Avionics_6_rpy\AutopilotModels.omd on Monday, January 12, 2004 (11:43:46).-

01, 12, 2004 (11:43:46): Opening rpy file Dynamics.omd
01, 12, 2004 (11:43:46): 
 Started loading Dynamics.omd on Monday, January 12, 2004 (11:43:46).-

01, 12, 2004 (11:43:46): 
 Finished loading Dynamics.omd on Monday, January 12, 2004 (11:43:46).-

01, 12, 2004 (11:43:46): Opening rpy file C:\ARTIST\CD\Nov1703\Avionics_6_New\Avionics_6_rpy\Dynamics.omd
01, 12, 2004 (11:43:46): 
 Started loading C:\ARTIST\CD\Nov1703\Avionics_6_New\Avionics_6_rpy\Dynamics.omd on Monday, January 12, 2004 (11:43:46).-

01, 12, 2004 (11:43:46): 

Starting inUnit resolution phase


01, 12, 2004 (11:43:46): 

Finished inUnit resolution phase


01, 12, 2004 (11:43:46): 
 Finished loading C:\ARTIST\CD\Nov1703\Avionics_6_New\Avionics_6_rpy\Dynamics.omd on Monday, January 12, 2004 (11:43:46).-

01, 12, 2004 (11:43:46): Opening rpy file DefaultComponent.cmp
01, 12, 2004 (11:43:46): 
 Started loading DefaultComponent.cmp on Monday, January 12, 2004 (11:43:46).-

01, 12, 2004 (11:43:46): 
 Finished loading DefaultComponent.cmp on Monday, January 12, 2004 (11:43:46).-

01, 12, 2004 (11:43:46): Opening rpy file C:\ARTIST\CD\Nov1703\Avionics_6_New\Avionics_6_rpy\DefaultComponent.cmp
01, 12, 2004 (11:43:46): 
 Started loading C:\ARTIST\CD\Nov1703\Avionics_6_New\Avionics_6_rpy\DefaultComponent.cmp on Monday, January 12, 2004 (11:43:46).-

01, 12, 2004 (11:43:46): 

Starting inUnit resolution phase


01, 12, 2004 (11:43:46): 

Finished inUnit resolution phase


01, 12, 2004 (11:43:46): 
 Finished loading C:\ARTIST\CD\Nov1703\Avionics_6_New\Avionics_6_rpy\DefaultComponent.cmp on Monday, January 12, 2004 (11:43:46).-

01, 12, 2004 (11:43:46): 

Starting inUnit resolution phase


01, 12, 2004 (11:43:46): 

Finished inUnit resolution phase


01, 12, 2004 (11:43:46): 

Starting inUnit resolution phase


01, 12, 2004 (11:43:46): 

Finished inUnit resolution phase


01, 12, 2004 (11:43:46): 

Starting inUnit resolution phase


01, 12, 2004 (11:43:46): 

Finished inUnit resolution phase


01, 12, 2004 (11:43:46): 
 Finished loading C:\ARTIST\CD\Nov1703\Avionics_6_New\Avionics_6.rpy on Monday, January 12, 2004 (11:43:46).-

01, 12, 2004 (11:43:46): Opening rpy file C:\ARTIST\CD\Nov1703\Avionics_6_New\DefaultComponent\DefaultConfig\DefaultConfig.cg_info
01, 12, 2004 (11:43:46): 
 Started loading C:\ARTIST\CD\Nov1703\Avionics_6_New\DefaultComponent\DefaultConfig\DefaultConfig.cg_info on Monday, January 12, 2004 (11:43:46).-

01, 12, 2004 (11:43:46): 
 Finished loading C:\ARTIST\CD\Nov1703\Avionics_6_New\DefaultComponent\DefaultConfig\DefaultConfig.cg_info on Monday, January 12, 2004 (11:43:46).-

01, 12, 2004 (11:43:46): Starting checks of EventsBaseID conflicts
01, 12, 2004 (11:43:46): Finished checks of EventsBaseID conflicts
01, 12, 2004 (11:43:46): End Log
