12, 02, 2003 (21:07:40): Creating C:\ARTIST\CD\Nov1703\Avionics_6_New\Avionics_6.rpy
12, 02, 2003 (21:07:40): 
Started writing C:\ARTIST\CD\Nov1703\Avionics_6_New\Avionics_6.rpy on Tuesday, December 02, 2003 (21:07:40)

12, 02, 2003 (21:07:40): 
Started writing C:\ARTIST\CD\Nov1703\Avionics_6_New\Avionics_6_rpy\filesTable.dat on Tuesday, December 02, 2003 (21:07:40)

12, 02, 2003 (21:07:40): Finished writing C:\ARTIST\CD\Nov1703\Avionics_6_New\Avionics_6_rpy\filesTable.dat on Tuesday, December 02, 2003 (21:07:40)

12, 02, 2003 (21:07:40): Creating C:\ARTIST\CD\Nov1703\Avionics_6_New\Avionics_6_rpy\Prototype.sbs
12, 02, 2003 (21:07:40): 
Started writing C:\ARTIST\CD\Nov1703\Avionics_6_New\Avionics_6_rpy\Prototype.sbs on Tuesday, December 02, 2003 (21:07:40)

12, 02, 2003 (21:07:40): Finished writing C:\ARTIST\CD\Nov1703\Avionics_6_New\Avionics_6_rpy\Prototype.sbs on Tuesday, December 02, 2003 (21:07:40)

12, 02, 2003 (21:07:40): Creating C:\ARTIST\CD\Nov1703\Avionics_6_New\Avionics_6_rpy\AirframePkg.sbs
12, 02, 2003 (21:07:40): 
Started writing C:\ARTIST\CD\Nov1703\Avionics_6_New\Avionics_6_rpy\AirframePkg.sbs on Tuesday, December 02, 2003 (21:07:40)

12, 02, 2003 (21:07:41): Finished writing C:\ARTIST\CD\Nov1703\Avionics_6_New\Avionics_6_rpy\AirframePkg.sbs on Tuesday, December 02, 2003 (21:07:41)

12, 02, 2003 (21:07:41): Creating C:\ARTIST\CD\Nov1703\Avionics_6_New\Avionics_6_rpy\AutopilotPkg.sbs
12, 02, 2003 (21:07:41): 
Started writing C:\ARTIST\CD\Nov1703\Avionics_6_New\Avionics_6_rpy\AutopilotPkg.sbs on Tuesday, December 02, 2003 (21:07:41)

12, 02, 2003 (21:07:41): Finished writing C:\ARTIST\CD\Nov1703\Avionics_6_New\Avionics_6_rpy\AutopilotPkg.sbs on Tuesday, December 02, 2003 (21:07:41)

12, 02, 2003 (21:07:41): Creating C:\ARTIST\CD\Nov1703\Avionics_6_New\Avionics_6_rpy\DisplayPkg.sbs
12, 02, 2003 (21:07:41): 
Started writing C:\ARTIST\CD\Nov1703\Avionics_6_New\Avionics_6_rpy\DisplayPkg.sbs on Tuesday, December 02, 2003 (21:07:41)

12, 02, 2003 (21:07:41): Finished writing C:\ARTIST\CD\Nov1703\Avionics_6_New\Avionics_6_rpy\DisplayPkg.sbs on Tuesday, December 02, 2003 (21:07:41)

12, 02, 2003 (21:07:41): Creating C:\ARTIST\CD\Nov1703\Avionics_6_New\Avionics_6_rpy\GuidancePkg.sbs
12, 02, 2003 (21:07:41): 
Started writing C:\ARTIST\CD\Nov1703\Avionics_6_New\Avionics_6_rpy\GuidancePkg.sbs on Tuesday, December 02, 2003 (21:07:41)

12, 02, 2003 (21:07:41): Finished writing C:\ARTIST\CD\Nov1703\Avionics_6_New\Avionics_6_rpy\GuidancePkg.sbs on Tuesday, December 02, 2003 (21:07:41)

12, 02, 2003 (21:07:41): Creating C:\ARTIST\CD\Nov1703\Avionics_6_New\Avionics_6_rpy\LibraryPkg.sbs
12, 02, 2003 (21:07:41): 
Started writing C:\ARTIST\CD\Nov1703\Avionics_6_New\Avionics_6_rpy\LibraryPkg.sbs on Tuesday, December 02, 2003 (21:07:41)

12, 02, 2003 (21:07:41): Creating C:\ARTIST\CD\Nov1703\Avionics_6_New\Avionics_6_rpy\AvionicsPkg.sbs
12, 02, 2003 (21:07:41): 
Started writing C:\ARTIST\CD\Nov1703\Avionics_6_New\Avionics_6_rpy\AvionicsPkg.sbs on Tuesday, December 02, 2003 (21:07:41)

12, 02, 2003 (21:07:41): Finished writing C:\ARTIST\CD\Nov1703\Avionics_6_New\Avionics_6_rpy\AvionicsPkg.sbs on Tuesday, December 02, 2003 (21:07:41)

12, 02, 2003 (21:07:41): Finished writing C:\ARTIST\CD\Nov1703\Avionics_6_New\Avionics_6_rpy\LibraryPkg.sbs on Tuesday, December 02, 2003 (21:07:41)

12, 02, 2003 (21:07:41): Creating C:\ARTIST\CD\Nov1703\Avionics_6_New\Avionics_6_rpy\RequirementClasses.sbs
12, 02, 2003 (21:07:41): 
Started writing C:\ARTIST\CD\Nov1703\Avionics_6_New\Avionics_6_rpy\RequirementClasses.sbs on Tuesday, December 02, 2003 (21:07:41)

12, 02, 2003 (21:07:41): Finished writing C:\ARTIST\CD\Nov1703\Avionics_6_New\Avionics_6_rpy\RequirementClasses.sbs on Tuesday, December 02, 2003 (21:07:41)

12, 02, 2003 (21:07:41): Creating C:\ARTIST\CD\Nov1703\Avionics_6_New\Avionics_6_rpy\TargetPkg.sbs
12, 02, 2003 (21:07:41): 
Started writing C:\ARTIST\CD\Nov1703\Avionics_6_New\Avionics_6_rpy\TargetPkg.sbs on Tuesday, December 02, 2003 (21:07:41)

12, 02, 2003 (21:07:41): Finished writing C:\ARTIST\CD\Nov1703\Avionics_6_New\Avionics_6_rpy\TargetPkg.sbs on Tuesday, December 02, 2003 (21:07:41)

12, 02, 2003 (21:07:41): Creating C:\ARTIST\CD\Nov1703\Avionics_6_New\Avionics_6_rpy\TrackingSubsystemPkg.sbs
12, 02, 2003 (21:07:41): 
Started writing C:\ARTIST\CD\Nov1703\Avionics_6_New\Avionics_6_rpy\TrackingSubsystemPkg.sbs on Tuesday, December 02, 2003 (21:07:41)

12, 02, 2003 (21:07:41): Finished writing C:\ARTIST\CD\Nov1703\Avionics_6_New\Avionics_6_rpy\TrackingSubsystemPkg.sbs on Tuesday, December 02, 2003 (21:07:41)

12, 02, 2003 (21:07:41): Creating C:\ARTIST\CD\Nov1703\Avionics_6_New\Avionics_6_rpy\ReverseEngineering.sbs
12, 02, 2003 (21:07:41): 
Started writing C:\ARTIST\CD\Nov1703\Avionics_6_New\Avionics_6_rpy\ReverseEngineering.sbs on Tuesday, December 02, 2003 (21:07:41)

12, 02, 2003 (21:07:41): Finished writing C:\ARTIST\CD\Nov1703\Avionics_6_New\Avionics_6_rpy\ReverseEngineering.sbs on Tuesday, December 02, 2003 (21:07:41)

12, 02, 2003 (21:07:41): Creating C:\ARTIST\CD\Nov1703\Avionics_6_New\Avionics_6_rpy\RT_Environment.sbs
12, 02, 2003 (21:07:41): 
Started writing C:\ARTIST\CD\Nov1703\Avionics_6_New\Avionics_6_rpy\RT_Environment.sbs on Tuesday, December 02, 2003 (21:07:41)

12, 02, 2003 (21:07:41): Finished writing C:\ARTIST\CD\Nov1703\Avionics_6_New\Avionics_6_rpy\RT_Environment.sbs on Tuesday, December 02, 2003 (21:07:41)

12, 02, 2003 (21:07:41): Creating C:\ARTIST\CD\Nov1703\Avionics_6_New\Avionics_6_rpy\Control_Software.sbs
12, 02, 2003 (21:07:41): 
Started writing C:\ARTIST\CD\Nov1703\Avionics_6_New\Avionics_6_rpy\Control_Software.sbs on Tuesday, December 02, 2003 (21:07:41)

12, 02, 2003 (21:07:41): Finished writing C:\ARTIST\CD\Nov1703\Avionics_6_New\Avionics_6_rpy\Control_Software.sbs on Tuesday, December 02, 2003 (21:07:41)

12, 02, 2003 (21:07:41): Creating C:\ARTIST\CD\Nov1703\Avionics_6_New\Avionics_6_rpy\Device_Interfaces.sbs
12, 02, 2003 (21:07:41): 
Started writing C:\ARTIST\CD\Nov1703\Avionics_6_New\Avionics_6_rpy\Device_Interfaces.sbs on Tuesday, December 02, 2003 (21:07:41)

12, 02, 2003 (21:07:41): Finished writing C:\ARTIST\CD\Nov1703\Avionics_6_New\Avionics_6_rpy\Device_Interfaces.sbs on Tuesday, December 02, 2003 (21:07:41)

12, 02, 2003 (21:07:41): Creating C:\ARTIST\CD\Nov1703\Avionics_6_New\Avionics_6_rpy\Physical_Environment.sbs
12, 02, 2003 (21:07:41): 
Started writing C:\ARTIST\CD\Nov1703\Avionics_6_New\Avionics_6_rpy\Physical_Environment.sbs on Tuesday, December 02, 2003 (21:07:41)

12, 02, 2003 (21:07:41): Finished writing C:\ARTIST\CD\Nov1703\Avionics_6_New\Avionics_6_rpy\Physical_Environment.sbs on Tuesday, December 02, 2003 (21:07:41)

12, 02, 2003 (21:07:41): Creating C:\ARTIST\CD\Nov1703\Avionics_6_New\Avionics_6_rpy\AutopilotModels.omd
12, 02, 2003 (21:07:41): 
Started writing C:\ARTIST\CD\Nov1703\Avionics_6_New\Avionics_6_rpy\AutopilotModels.omd on Tuesday, December 02, 2003 (21:07:41)

12, 02, 2003 (21:07:41): Finished writing C:\ARTIST\CD\Nov1703\Avionics_6_New\Avionics_6_rpy\AutopilotModels.omd on Tuesday, December 02, 2003 (21:07:41)

12, 02, 2003 (21:07:41): Creating C:\ARTIST\CD\Nov1703\Avionics_6_New\Avionics_6_rpy\Dynamics.omd
12, 02, 2003 (21:07:41): 
Started writing C:\ARTIST\CD\Nov1703\Avionics_6_New\Avionics_6_rpy\Dynamics.omd on Tuesday, December 02, 2003 (21:07:41)

12, 02, 2003 (21:07:41): Finished writing C:\ARTIST\CD\Nov1703\Avionics_6_New\Avionics_6_rpy\Dynamics.omd on Tuesday, December 02, 2003 (21:07:41)

12, 02, 2003 (21:07:41): Creating C:\ARTIST\CD\Nov1703\Avionics_6_New\Avionics_6_rpy\DefaultComponent.cmp
12, 02, 2003 (21:07:41): 
Started writing C:\ARTIST\CD\Nov1703\Avionics_6_New\Avionics_6_rpy\DefaultComponent.cmp on Tuesday, December 02, 2003 (21:07:41)

12, 02, 2003 (21:07:41): Finished writing C:\ARTIST\CD\Nov1703\Avionics_6_New\Avionics_6_rpy\DefaultComponent.cmp on Tuesday, December 02, 2003 (21:07:41)

12, 02, 2003 (21:07:41): Finished writing C:\ARTIST\CD\Nov1703\Avionics_6_New\Avionics_6.rpy on Tuesday, December 02, 2003 (21:07:41)

12, 02, 2003 (21:07:41): End Log
