01, 28, 2003 (23:07:15): Opening rpy file C:\Rhapsody40\Share/Properties\PredefinedTypes.sbs
01, 28, 2003 (23:07:15): 
 Started loading C:\Rhapsody40\Share/Properties\PredefinedTypes.sbs on Tuesday, January 28, 2003 (23:07:15).-

01, 28, 2003 (23:07:15): 

Starting inUnit resolution phase


01, 28, 2003 (23:07:15): 

Finished inUnit resolution phase


01, 28, 2003 (23:07:15): 
 Finished loading C:\Rhapsody40\Share/Properties\PredefinedTypes.sbs on Tuesday, January 28, 2003 (23:07:15).-

01, 28, 2003 (23:07:15): Opening rpy file C:\Rhapsody40\Share/Properties\PredefinedTypesC++.sbs
01, 28, 2003 (23:07:15): 
 Started loading C:\Rhapsody40\Share/Properties\PredefinedTypesC++.sbs on Tuesday, January 28, 2003 (23:07:15).-

01, 28, 2003 (23:07:15): 

Starting inUnit resolution phase


01, 28, 2003 (23:07:15): 

Finished inUnit resolution phase


01, 28, 2003 (23:07:15): 
 Finished loading C:\Rhapsody40\Share/Properties\PredefinedTypesC++.sbs on Tuesday, January 28, 2003 (23:07:15).-

01, 28, 2003 (23:07:15): Opening rpy file C:\DistComponents\Reactor\Reactor.rpy
01, 28, 2003 (23:07:15): 
 Started loading C:\DistComponents\Reactor\Reactor.rpy on Tuesday, January 28, 2003 (23:07:15).-

01, 28, 2003 (23:07:15): Opening rpy file Default.sbs
01, 28, 2003 (23:07:15): 
 Started loading Default.sbs on Tuesday, January 28, 2003 (23:07:15).-

01, 28, 2003 (23:07:15): 
 Finished loading Default.sbs on Tuesday, January 28, 2003 (23:07:15).-

01, 28, 2003 (23:07:15): Opening rpy file C:\DistComponents\Reactor\Reactor_rpy\Default.sbs
01, 28, 2003 (23:07:15): 
 Started loading C:\DistComponents\Reactor\Reactor_rpy\Default.sbs on Tuesday, January 28, 2003 (23:07:15).-

01, 28, 2003 (23:07:15): 

Starting inUnit resolution phase


01, 28, 2003 (23:07:15): 

Finished inUnit resolution phase


01, 28, 2003 (23:07:15): 
 Finished loading C:\DistComponents\Reactor\Reactor_rpy\Default.sbs on Tuesday, January 28, 2003 (23:07:15).-

01, 28, 2003 (23:07:15): Opening rpy file ProcessModels.sbs
01, 28, 2003 (23:07:15): 
 Started loading ProcessModels.sbs on Tuesday, January 28, 2003 (23:07:15).-

01, 28, 2003 (23:07:15): 
 Finished loading ProcessModels.sbs on Tuesday, January 28, 2003 (23:07:15).-

01, 28, 2003 (23:07:15): Opening rpy file C:\DistComponents\Reactor\Reactor_rpy\ProcessModels.sbs
01, 28, 2003 (23:07:15): 
 Started loading C:\DistComponents\Reactor\Reactor_rpy\ProcessModels.sbs on Tuesday, January 28, 2003 (23:07:15).-

01, 28, 2003 (23:07:16): 

Starting inUnit resolution phase


01, 28, 2003 (23:07:16): 

Finished inUnit resolution phase


01, 28, 2003 (23:07:16): 
 Finished loading C:\DistComponents\Reactor\Reactor_rpy\ProcessModels.sbs on Tuesday, January 28, 2003 (23:07:16).-

01, 28, 2003 (23:07:16): Opening rpy file ReverseEngineering.sbs
01, 28, 2003 (23:07:16): 
 Started loading ReverseEngineering.sbs on Tuesday, January 28, 2003 (23:07:16).-

01, 28, 2003 (23:07:16): 
 Finished loading ReverseEngineering.sbs on Tuesday, January 28, 2003 (23:07:16).-

01, 28, 2003 (23:07:16): Opening rpy file C:\DistComponents\Reactor\Reactor_rpy\ReverseEngineering.sbs
01, 28, 2003 (23:07:16): 
 Started loading C:\DistComponents\Reactor\Reactor_rpy\ReverseEngineering.sbs on Tuesday, January 28, 2003 (23:07:16).-

01, 28, 2003 (23:07:16): 

Starting inUnit resolution phase


01, 28, 2003 (23:07:16): 

Finished inUnit resolution phase


01, 28, 2003 (23:07:16): 
 Finished loading C:\DistComponents\Reactor\Reactor_rpy\ReverseEngineering.sbs on Tuesday, January 28, 2003 (23:07:16).-

01, 28, 2003 (23:07:16): Opening rpy file BallDemo.sbs
01, 28, 2003 (23:07:16): 
 Started loading BallDemo.sbs on Tuesday, January 28, 2003 (23:07:16).-

01, 28, 2003 (23:07:16): 
 Finished loading BallDemo.sbs on Tuesday, January 28, 2003 (23:07:16).-

01, 28, 2003 (23:07:16): Opening rpy file C:\DistComponents\Reactor\Reactor_rpy\BallDemo.sbs
01, 28, 2003 (23:07:16): 
 Started loading C:\DistComponents\Reactor\Reactor_rpy\BallDemo.sbs on Tuesday, January 28, 2003 (23:07:16).-

01, 28, 2003 (23:07:16): 

Starting inUnit resolution phase


01, 28, 2003 (23:07:16): 

Finished inUnit resolution phase


01, 28, 2003 (23:07:16): 
 Finished loading C:\DistComponents\Reactor\Reactor_rpy\BallDemo.sbs on Tuesday, January 28, 2003 (23:07:16).-

01, 28, 2003 (23:07:16): Opening rpy file Reactor_Components.omd
01, 28, 2003 (23:07:16): 
 Started loading Reactor_Components.omd on Tuesday, January 28, 2003 (23:07:16).-

01, 28, 2003 (23:07:16): 
 Finished loading Reactor_Components.omd on Tuesday, January 28, 2003 (23:07:16).-

01, 28, 2003 (23:07:16): Opening rpy file C:\DistComponents\Reactor\Reactor_rpy\Reactor_Components.omd
01, 28, 2003 (23:07:16): 
 Started loading C:\DistComponents\Reactor\Reactor_rpy\Reactor_Components.omd on Tuesday, January 28, 2003 (23:07:16).-

01, 28, 2003 (23:07:16): 

Starting inUnit resolution phase


01, 28, 2003 (23:07:16): 

Finished inUnit resolution phase


01, 28, 2003 (23:07:16): 
 Finished loading C:\DistComponents\Reactor\Reactor_rpy\Reactor_Components.omd on Tuesday, January 28, 2003 (23:07:16).-

01, 28, 2003 (23:07:16): Opening rpy file BouncingBallDemo.omd
01, 28, 2003 (23:07:16): 
 Started loading BouncingBallDemo.omd on Tuesday, January 28, 2003 (23:07:16).-

01, 28, 2003 (23:07:16): 
 Finished loading BouncingBallDemo.omd on Tuesday, January 28, 2003 (23:07:16).-

01, 28, 2003 (23:07:16): Opening rpy file C:\DistComponents\Reactor\Reactor_rpy\BouncingBallDemo.omd
01, 28, 2003 (23:07:16): 
 Started loading C:\DistComponents\Reactor\Reactor_rpy\BouncingBallDemo.omd on Tuesday, January 28, 2003 (23:07:16).-

01, 28, 2003 (23:07:16): 

Starting inUnit resolution phase


01, 28, 2003 (23:07:16): 

Finished inUnit resolution phase


01, 28, 2003 (23:07:16): 
 Finished loading C:\DistComponents\Reactor\Reactor_rpy\BouncingBallDemo.omd on Tuesday, January 28, 2003 (23:07:16).-

01, 28, 2003 (23:07:16): Opening rpy file DefaultComponent.cmp
01, 28, 2003 (23:07:16): 
 Started loading DefaultComponent.cmp on Tuesday, January 28, 2003 (23:07:16).-

01, 28, 2003 (23:07:16): 
 Finished loading DefaultComponent.cmp on Tuesday, January 28, 2003 (23:07:16).-

01, 28, 2003 (23:07:16): Opening rpy file C:\DistComponents\Reactor\Reactor_rpy\DefaultComponent.cmp
01, 28, 2003 (23:07:16): 
 Started loading C:\DistComponents\Reactor\Reactor_rpy\DefaultComponent.cmp on Tuesday, January 28, 2003 (23:07:16).-

01, 28, 2003 (23:07:16): 

Starting inUnit resolution phase


01, 28, 2003 (23:07:16): 

Finished inUnit resolution phase


01, 28, 2003 (23:07:16): 
 Finished loading C:\DistComponents\Reactor\Reactor_rpy\DefaultComponent.cmp on Tuesday, January 28, 2003 (23:07:16).-

01, 28, 2003 (23:07:16): 

Starting inUnit resolution phase


01, 28, 2003 (23:07:16): 

Finished inUnit resolution phase


01, 28, 2003 (23:07:16): 

Starting inUnit resolution phase


01, 28, 2003 (23:07:16): 

Finished inUnit resolution phase


01, 28, 2003 (23:07:16): 

Starting inUnit resolution phase


01, 28, 2003 (23:07:16): 

Finished inUnit resolution phase


01, 28, 2003 (23:07:16): 
 Finished loading C:\DistComponents\Reactor\Reactor.rpy on Tuesday, January 28, 2003 (23:07:16).-

01, 28, 2003 (23:07:16): Opening rpy file C:\DistComponents\Reactor\DefaultComponent\DefaultConfig\DefaultConfig.cg_info
01, 28, 2003 (23:07:16): 
 Started loading C:\DistComponents\Reactor\DefaultComponent\DefaultConfig\DefaultConfig.cg_info on Tuesday, January 28, 2003 (23:07:16).-

01, 28, 2003 (23:07:16): 
 Finished loading C:\DistComponents\Reactor\DefaultComponent\DefaultConfig\DefaultConfig.cg_info on Tuesday, January 28, 2003 (23:07:16).-

01, 28, 2003 (23:07:16): Starting checks of EventsBaseID conflicts
01, 28, 2003 (23:07:16): Finished checks of EventsBaseID conflicts
01, 28, 2003 (23:07:16): End Log
