11, 22, 2002 (00:09:09): Creating C:\Rhapsody40\Reactor\Reactor.rpy
11, 22, 2002 (00:09:09): 
Started writing C:\Rhapsody40\Reactor\Reactor.rpy on Friday, November 22, 2002 (00:09:09)

11, 22, 2002 (00:09:09): 
Started writing C:\Rhapsody40\Reactor\Reactor_rpy\filesTable.dat on Friday, November 22, 2002 (00:09:09)

11, 22, 2002 (00:09:09): Finished writing C:\Rhapsody40\Reactor\Reactor_rpy\filesTable.dat on Friday, November 22, 2002 (00:09:09)

11, 22, 2002 (00:09:09): Creating C:\Rhapsody40\Reactor\Reactor_rpy\Default.sbs
11, 22, 2002 (00:09:09): 
Started writing C:\Rhapsody40\Reactor\Reactor_rpy\Default.sbs on Friday, November 22, 2002 (00:09:09)

11, 22, 2002 (00:09:09): Finished writing C:\Rhapsody40\Reactor\Reactor_rpy\Default.sbs on Friday, November 22, 2002 (00:09:09)

11, 22, 2002 (00:09:09): Creating C:\Rhapsody40\Reactor\Reactor_rpy\ProcessModels.sbs
11, 22, 2002 (00:09:09): 
Started writing C:\Rhapsody40\Reactor\Reactor_rpy\ProcessModels.sbs on Friday, November 22, 2002 (00:09:09)

11, 22, 2002 (00:09:09): Finished writing C:\Rhapsody40\Reactor\Reactor_rpy\ProcessModels.sbs on Friday, November 22, 2002 (00:09:09)

11, 22, 2002 (00:09:09): Creating C:\Rhapsody40\Reactor\Reactor_rpy\ReverseEngineering.sbs
11, 22, 2002 (00:09:09): 
Started writing C:\Rhapsody40\Reactor\Reactor_rpy\ReverseEngineering.sbs on Friday, November 22, 2002 (00:09:09)

11, 22, 2002 (00:09:09): Finished writing C:\Rhapsody40\Reactor\Reactor_rpy\ReverseEngineering.sbs on Friday, November 22, 2002 (00:09:09)

11, 22, 2002 (00:09:09): Creating C:\Rhapsody40\Reactor\Reactor_rpy\BallDemo.sbs
11, 22, 2002 (00:09:09): 
Started writing C:\Rhapsody40\Reactor\Reactor_rpy\BallDemo.sbs on Friday, November 22, 2002 (00:09:09)

11, 22, 2002 (00:09:09): Finished writing C:\Rhapsody40\Reactor\Reactor_rpy\BallDemo.sbs on Friday, November 22, 2002 (00:09:09)

11, 22, 2002 (00:09:09): Creating C:\Rhapsody40\Reactor\Reactor_rpy\Reactor_Components.omd
11, 22, 2002 (00:09:09): 
Started writing C:\Rhapsody40\Reactor\Reactor_rpy\Reactor_Components.omd on Friday, November 22, 2002 (00:09:09)

11, 22, 2002 (00:09:09): Finished writing C:\Rhapsody40\Reactor\Reactor_rpy\Reactor_Components.omd on Friday, November 22, 2002 (00:09:09)

11, 22, 2002 (00:09:09): Creating C:\Rhapsody40\Reactor\Reactor_rpy\BouncingBallDemo.omd
11, 22, 2002 (00:09:09): 
Started writing C:\Rhapsody40\Reactor\Reactor_rpy\BouncingBallDemo.omd on Friday, November 22, 2002 (00:09:09)

11, 22, 2002 (00:09:09): Finished writing C:\Rhapsody40\Reactor\Reactor_rpy\BouncingBallDemo.omd on Friday, November 22, 2002 (00:09:09)

11, 22, 2002 (00:09:09): Creating C:\Rhapsody40\Reactor\Reactor_rpy\DefaultComponent.cmp
11, 22, 2002 (00:09:09): 
Started writing C:\Rhapsody40\Reactor\Reactor_rpy\DefaultComponent.cmp on Friday, November 22, 2002 (00:09:09)

11, 22, 2002 (00:09:09): Finished writing C:\Rhapsody40\Reactor\Reactor_rpy\DefaultComponent.cmp on Friday, November 22, 2002 (00:09:09)

11, 22, 2002 (00:09:09): Finished writing C:\Rhapsody40\Reactor\Reactor.rpy on Friday, November 22, 2002 (00:09:09)

11, 22, 2002 (00:09:09): End Log
