LAPACK   = $(S_LAPACK) $(C_LAPACK) $(D_LAPACK) $(Z_LAPACK)

S_LAPACK = sgbbrd+ sgbcon+ sgbrfs+ sgbtrf+ sgbtrs+ sgebal+ sgebrd+ sgecon+ \
           sgehrd+ sgelqf+ sgeqpf+ sgerfs+ sgetrf+ sgetri+ sgetrs+ shseqr+ \
           spbcon+ spbrfs+ spbtrf+ spbtrs+ spocon+ sporfs+ spotrf+ spotri+ \
           spotrs+ sppcon+ spprfs+ spptrf+ spptri+ spptrs+ spteqr+ sspcon+ \
           ssprfs+ ssptrf+ ssptri+ ssptrs+ ssycon+ ssyrfs+ ssytrf+ ssytri+ \
           ssytrs+ stbcon+ stbrfs+ stbtrs+ stpcon+ stprfs+ stptri+ stptrs+ \
           strcon+ strexc+ strrfs+ strsen+ strsna+ strsyl+ strtri+ strtrs+ \
           sorgbr+ sorghr+ sorglq+ sorgqr+ sorgtr+ sormbr+ sormhr+ sormtr+ \
           sormqr+ sbdsqr+ sopgtr+ sopmtr+ ssbtrd+ sspgst+ ssptrd+ ssteqr+ \
           ssterf+ ssytrd+ ssygst+
  
C_LAPACK = cgbbrd+ cgbcon+ cgbrfs+ cgbtrf+ cgbtrs+ cgebal+ cgebrd+ cgecon+ \
           cgehrd+ cgelqf+ cgeqrf+ cgerfs+ cgetrf+ cgetri+ cgetrs+ chseqr+ \
           cpbcon+ cpbrfs+ cpbtrf+ cpbtrs+ cpocon+ cporfs+ cpotrf+ cpotri+ \
           cpotrs+ cppcon+ cpprfs+ cpptrf+ cpptri+ cpptrs+ cpteqr+ cspcon+ \
           csprfs+ csptrf+ csptri+ csptrs+ csycon+ csyrfs+ csytrf+ csytri+ \
           csytrs+ ctbcon+ ctbrfs+ ctbtrs+ ctpcon+ ctprfs+ ctptri+ ctptrs+ \
           ctrcon+ ctrexc+ ctrrfs+ ctrsen+ ctrsna+ ctrsyl+ ctrtri+ ctrtrs+ \
           cungbr+ cunghr+ cunglq+ cungqr+ cungtr+ cunmbr+ cunmhr+ cupmtr+ \
           cgeqpf+ chbtrd+ checon+ chegst+ cherfs+ chetrd+ chetrf+ chetri+ \
           chetrs+ chpcon+ chpgst+ chprfs+ chptrd+ chptrf+ chptri+ chptrs+ \
           cupgtr+ cunmtr+
  
D_LAPACK = dgbbrd+ dgbcon+ dgbrfs+ dgbtrf+ dgbtrs+ dgebal+ dgebrd+ dgecon+ \
           dgehrd+ dgelqf+ dgeqpf+ dgerfs+ dgetrf+ dgetri+ dgetrs+ dhseqr+ \
           dpbcon+ dpbrfs+ dpbtrf+ dpbtrs+ dpocon+ dporfs+ dpotrf+ dpotri+ \
           dpotrs+ dppcon+ dpprfs+ dpptrf+ dpptri+ dpptrs+ dpteqr+ dspcon+ \
           dsprfs+ dsptrf+ dsptri+ dsptrs+ dsycon+ dsyrfs+ dsytrf+ dsytri+ \
           dsytrs+ dtbcon+ dtbrfs+ dtbtrs+ dtpcon+ dtprfs+ dtptri+ dtptrs+ \
           dtrcon+ dtrexc+ dtrrfs+ dtrsen+ dtrsna+ dtrsyl+ dtrtri+ dtrtrs+ \
           dorgbr+ dorghr+ dorglq+ dorgqr+ dorgtr+ dormbr+ dormhr+ dormtr+ \
           dormqr+ dbdsqr+ dopgtr+ dopmtr+ dsbtrd+ dspgst+ dsptrd+ dsteqr+ \
           dsterf+ dsytrd+ dsygst+
  
Z_LAPACK = zgbbrd+ zgbcon+ zgbrfs+ zgbtrf+ zgbtrs+ zgebal+ zgebrd+ zgecon+ \
           zgehrd+ zgelqf+ zgeqrf+ zgerfs+ zgetrf+ zgetri+ zgetrs+ zhseqr+ \
           zpbcon+ zpbrfs+ zpbtrf+ zpbtrs+ zpocon+ zporfs+ zpotrf+ zpotri+ \
           zpotrs+ zppcon+ zpprfs+ zpptrf+ zpptri+ zpptrs+ zpteqr+ zspcon+ \
           zsprfs+ zsptrf+ zsptri+ zsptrs+ zsycon+ zsyrfs+ zsytrf+ zsytri+ \
           zsytrs+ ztbcon+ ztbrfs+ ztbtrs+ ztpcon+ ztprfs+ ztptri+ ztptrs+ \
           ztrcon+ ztrexc+ ztrrfs+ ztrsen+ ztrsna+ ztrsyl+ ztrtri+ ztrtrs+ \
           zungbr+ zunghr+ zunglq+ zungqr+ zungtr+ zunmbr+ zunmhr+ zupmtr+ \
           zgeqpf+ zhbtrd+ zhecon+ zhegst+ zherfs+ zhetrd+ zhetrf+ zhetri+ \
           zhetrs+ zhpcon+ zhpgst+ zhprfs+ zhptrd+ zhptrf+ zhptri+ zhptrs+ \
           zupgtr+ zunmtr+
