01, 23, 2003 (14:05:58): Opening rpy file C:\Rhapsody40\Share/Properties\PredefinedTypes.sbs
01, 23, 2003 (14:05:58): 
 Started loading C:\Rhapsody40\Share/Properties\PredefinedTypes.sbs on Thursday, January 23, 2003 (14:05:58).-

01, 23, 2003 (14:05:58): 

Starting inUnit resolution phase


01, 23, 2003 (14:05:58): 

Finished inUnit resolution phase


01, 23, 2003 (14:05:58): 
 Finished loading C:\Rhapsody40\Share/Properties\PredefinedTypes.sbs on Thursday, January 23, 2003 (14:05:58).-

01, 23, 2003 (14:05:58): Opening rpy file C:\Rhapsody40\Share/Properties\PredefinedTypesC++.sbs
01, 23, 2003 (14:05:58): 
 Started loading C:\Rhapsody40\Share/Properties\PredefinedTypesC++.sbs on Thursday, January 23, 2003 (14:05:58).-

01, 23, 2003 (14:05:58): 

Starting inUnit resolution phase


01, 23, 2003 (14:05:58): 

Finished inUnit resolution phase


01, 23, 2003 (14:05:58): 
 Finished loading C:\Rhapsody40\Share/Properties\PredefinedTypesC++.sbs on Thursday, January 23, 2003 (14:05:58).-

01, 23, 2003 (14:05:58): Opening rpy file C:\DistComponents\AvionicsLib_Sent\Shipping\MissileAppSent.rpy
01, 23, 2003 (14:05:58): 
 Started loading C:\DistComponents\AvionicsLib_Sent\Shipping\MissileAppSent.rpy on Thursday, January 23, 2003 (14:05:58).-

01, 23, 2003 (14:05:58): Opening rpy file Default.sbs
01, 23, 2003 (14:05:58): 
 Started loading Default.sbs on Thursday, January 23, 2003 (14:05:58).-

01, 23, 2003 (14:05:58): 
 Finished loading Default.sbs on Thursday, January 23, 2003 (14:05:58).-

01, 23, 2003 (14:05:58): Opening rpy file C:\DistComponents\AvionicsLib_Sent\Shipping\MissileAppSent_rpy\Default.sbs
01, 23, 2003 (14:05:58): 
 Started loading C:\DistComponents\AvionicsLib_Sent\Shipping\MissileAppSent_rpy\Default.sbs on Thursday, January 23, 2003 (14:05:58).-

01, 23, 2003 (14:05:58): 

Starting inUnit resolution phase


01, 23, 2003 (14:05:58): 

Finished inUnit resolution phase


01, 23, 2003 (14:05:58): 
 Finished loading C:\DistComponents\AvionicsLib_Sent\Shipping\MissileAppSent_rpy\Default.sbs on Thursday, January 23, 2003 (14:05:58).-

01, 23, 2003 (14:05:58): Opening rpy file AirframePkg.sbs
01, 23, 2003 (14:05:58): 
 Started loading AirframePkg.sbs on Thursday, January 23, 2003 (14:05:58).-

01, 23, 2003 (14:05:58): 
 Finished loading AirframePkg.sbs on Thursday, January 23, 2003 (14:05:58).-

01, 23, 2003 (14:05:58): Opening rpy file C:\DistComponents\AvionicsLib_Sent\Shipping\MissileAppSent_rpy\AirframePkg.sbs
01, 23, 2003 (14:05:58): 
 Started loading C:\DistComponents\AvionicsLib_Sent\Shipping\MissileAppSent_rpy\AirframePkg.sbs on Thursday, January 23, 2003 (14:05:58).-

01, 23, 2003 (14:05:59): 

Starting inUnit resolution phase


01, 23, 2003 (14:05:59): 

Finished inUnit resolution phase


01, 23, 2003 (14:05:59): 
 Finished loading C:\DistComponents\AvionicsLib_Sent\Shipping\MissileAppSent_rpy\AirframePkg.sbs on Thursday, January 23, 2003 (14:05:59).-

01, 23, 2003 (14:05:59): Opening rpy file GuidancePkg.sbs
01, 23, 2003 (14:05:59): 
 Started loading GuidancePkg.sbs on Thursday, January 23, 2003 (14:05:59).-

01, 23, 2003 (14:05:59): 
 Finished loading GuidancePkg.sbs on Thursday, January 23, 2003 (14:05:59).-

01, 23, 2003 (14:05:59): Opening rpy file C:\DistComponents\AvionicsLib_Sent\Shipping\MissileAppSent_rpy\GuidancePkg.sbs
01, 23, 2003 (14:05:59): 
 Started loading C:\DistComponents\AvionicsLib_Sent\Shipping\MissileAppSent_rpy\GuidancePkg.sbs on Thursday, January 23, 2003 (14:05:59).-

01, 23, 2003 (14:05:59): 

Starting inUnit resolution phase


01, 23, 2003 (14:05:59): 

Finished inUnit resolution phase


01, 23, 2003 (14:05:59): 
 Finished loading C:\DistComponents\AvionicsLib_Sent\Shipping\MissileAppSent_rpy\GuidancePkg.sbs on Thursday, January 23, 2003 (14:05:59).-

01, 23, 2003 (14:05:59): Opening rpy file AutopilotPkg.sbs
01, 23, 2003 (14:05:59): 
 Started loading AutopilotPkg.sbs on Thursday, January 23, 2003 (14:05:59).-

01, 23, 2003 (14:05:59): 
 Finished loading AutopilotPkg.sbs on Thursday, January 23, 2003 (14:05:59).-

01, 23, 2003 (14:05:59): Opening rpy file C:\DistComponents\AvionicsLib_Sent\Shipping\MissileAppSent_rpy\AutopilotPkg.sbs
01, 23, 2003 (14:05:59): 
 Started loading C:\DistComponents\AvionicsLib_Sent\Shipping\MissileAppSent_rpy\AutopilotPkg.sbs on Thursday, January 23, 2003 (14:05:59).-

01, 23, 2003 (14:05:59): 

Starting inUnit resolution phase


01, 23, 2003 (14:05:59): 

Finished inUnit resolution phase


01, 23, 2003 (14:05:59): 
 Finished loading C:\DistComponents\AvionicsLib_Sent\Shipping\MissileAppSent_rpy\AutopilotPkg.sbs on Thursday, January 23, 2003 (14:05:59).-

01, 23, 2003 (14:05:59): Opening rpy file Application.sbs
01, 23, 2003 (14:05:59): 
 Started loading Application.sbs on Thursday, January 23, 2003 (14:05:59).-

01, 23, 2003 (14:05:59): 
 Finished loading Application.sbs on Thursday, January 23, 2003 (14:05:59).-

01, 23, 2003 (14:05:59): Opening rpy file C:\DistComponents\AvionicsLib_Sent\Shipping\MissileAppSent_rpy\Application.sbs
01, 23, 2003 (14:05:59): 
 Started loading C:\DistComponents\AvionicsLib_Sent\Shipping\MissileAppSent_rpy\Application.sbs on Thursday, January 23, 2003 (14:05:59).-

01, 23, 2003 (14:05:59): 

Starting inUnit resolution phase


01, 23, 2003 (14:05:59): 

Finished inUnit resolution phase


01, 23, 2003 (14:05:59): 
 Finished loading C:\DistComponents\AvionicsLib_Sent\Shipping\MissileAppSent_rpy\Application.sbs on Thursday, January 23, 2003 (14:05:59).-

01, 23, 2003 (14:05:59): Opening rpy file SeekerSubsystemPkg.sbs
01, 23, 2003 (14:05:59): 
 Started loading SeekerSubsystemPkg.sbs on Thursday, January 23, 2003 (14:05:59).-

01, 23, 2003 (14:05:59): 
 Finished loading SeekerSubsystemPkg.sbs on Thursday, January 23, 2003 (14:05:59).-

01, 23, 2003 (14:05:59): Opening rpy file C:\DistComponents\AvionicsLib_Sent\Shipping\MissileAppSent_rpy\SeekerSubsystemPkg.sbs
01, 23, 2003 (14:05:59): 
 Started loading C:\DistComponents\AvionicsLib_Sent\Shipping\MissileAppSent_rpy\SeekerSubsystemPkg.sbs on Thursday, January 23, 2003 (14:05:59).-

01, 23, 2003 (14:05:59): 

Starting inUnit resolution phase


01, 23, 2003 (14:05:59): 

Finished inUnit resolution phase


01, 23, 2003 (14:05:59): 
 Finished loading C:\DistComponents\AvionicsLib_Sent\Shipping\MissileAppSent_rpy\SeekerSubsystemPkg.sbs on Thursday, January 23, 2003 (14:05:59).-

01, 23, 2003 (14:05:59): Opening rpy file TargetPkg.sbs
01, 23, 2003 (14:05:59): 
 Started loading TargetPkg.sbs on Thursday, January 23, 2003 (14:05:59).-

01, 23, 2003 (14:05:59): 
 Finished loading TargetPkg.sbs on Thursday, January 23, 2003 (14:05:59).-

01, 23, 2003 (14:05:59): Opening rpy file C:\DistComponents\AvionicsLib_Sent\Shipping\MissileAppSent_rpy\TargetPkg.sbs
01, 23, 2003 (14:05:59): 
 Started loading C:\DistComponents\AvionicsLib_Sent\Shipping\MissileAppSent_rpy\TargetPkg.sbs on Thursday, January 23, 2003 (14:05:59).-

01, 23, 2003 (14:05:59): 

Starting inUnit resolution phase


01, 23, 2003 (14:05:59): 

Finished inUnit resolution phase


01, 23, 2003 (14:05:59): 
 Finished loading C:\DistComponents\AvionicsLib_Sent\Shipping\MissileAppSent_rpy\TargetPkg.sbs on Thursday, January 23, 2003 (14:05:59).-

01, 23, 2003 (14:05:59): Opening rpy file DisplayPkg.sbs
01, 23, 2003 (14:05:59): 
 Started loading DisplayPkg.sbs on Thursday, January 23, 2003 (14:05:59).-

01, 23, 2003 (14:05:59): 
 Finished loading DisplayPkg.sbs on Thursday, January 23, 2003 (14:05:59).-

01, 23, 2003 (14:05:59): Opening rpy file C:\DistComponents\AvionicsLib_Sent\Shipping\MissileAppSent_rpy\DisplayPkg.sbs
01, 23, 2003 (14:05:59): 
 Started loading C:\DistComponents\AvionicsLib_Sent\Shipping\MissileAppSent_rpy\DisplayPkg.sbs on Thursday, January 23, 2003 (14:05:59).-

01, 23, 2003 (14:06:00): 

Starting inUnit resolution phase


01, 23, 2003 (14:06:00): 

Finished inUnit resolution phase


01, 23, 2003 (14:06:00): 
 Finished loading C:\DistComponents\AvionicsLib_Sent\Shipping\MissileAppSent_rpy\DisplayPkg.sbs on Thursday, January 23, 2003 (14:06:00).-

01, 23, 2003 (14:06:00): Opening rpy file LibraryPkg.sbs
01, 23, 2003 (14:06:00): 
 Started loading LibraryPkg.sbs on Thursday, January 23, 2003 (14:06:00).-

01, 23, 2003 (14:06:00): 
 Finished loading LibraryPkg.sbs on Thursday, January 23, 2003 (14:06:00).-

01, 23, 2003 (14:06:00): Opening rpy file C:\DistComponents\AvionicsLib_Sent\Shipping\MissileAppSent_rpy\LibraryPkg.sbs
01, 23, 2003 (14:06:00): 
 Started loading C:\DistComponents\AvionicsLib_Sent\Shipping\MissileAppSent_rpy\LibraryPkg.sbs on Thursday, January 23, 2003 (14:06:00).-

01, 23, 2003 (14:06:00): Opening rpy file AvionicsPkg.sbs
01, 23, 2003 (14:06:00): 
 Started loading AvionicsPkg.sbs on Thursday, January 23, 2003 (14:06:00).-

01, 23, 2003 (14:06:00): 
 Finished loading AvionicsPkg.sbs on Thursday, January 23, 2003 (14:06:00).-

01, 23, 2003 (14:06:00): Opening rpy file C:\DistComponents\AvionicsLib_Sent\Shipping\MissileAppSent_rpy\AvionicsPkg.sbs
01, 23, 2003 (14:06:00): 
 Started loading C:\DistComponents\AvionicsLib_Sent\Shipping\MissileAppSent_rpy\AvionicsPkg.sbs on Thursday, January 23, 2003 (14:06:00).-

01, 23, 2003 (14:06:00): 

Starting inUnit resolution phase


01, 23, 2003 (14:06:00): 

Finished inUnit resolution phase


01, 23, 2003 (14:06:00): 
 Finished loading C:\DistComponents\AvionicsLib_Sent\Shipping\MissileAppSent_rpy\AvionicsPkg.sbs on Thursday, January 23, 2003 (14:06:00).-

01, 23, 2003 (14:06:00): 

Starting inUnit resolution phase


01, 23, 2003 (14:06:00): 

Finished inUnit resolution phase


01, 23, 2003 (14:06:00): 
 Finished loading C:\DistComponents\AvionicsLib_Sent\Shipping\MissileAppSent_rpy\LibraryPkg.sbs on Thursday, January 23, 2003 (14:06:00).-

01, 23, 2003 (14:06:00): Opening rpy file AutopilotModels.omd
01, 23, 2003 (14:06:00): 
 Started loading AutopilotModels.omd on Thursday, January 23, 2003 (14:06:00).-

01, 23, 2003 (14:06:00): 
 Finished loading AutopilotModels.omd on Thursday, January 23, 2003 (14:06:00).-

01, 23, 2003 (14:06:00): Opening rpy file C:\DistComponents\AvionicsLib_Sent\Shipping\MissileAppSent_rpy\AutopilotModels.omd
01, 23, 2003 (14:06:00): 
 Started loading C:\DistComponents\AvionicsLib_Sent\Shipping\MissileAppSent_rpy\AutopilotModels.omd on Thursday, January 23, 2003 (14:06:00).-

01, 23, 2003 (14:06:00): 

Starting inUnit resolution phase


01, 23, 2003 (14:06:00): 

Finished inUnit resolution phase


01, 23, 2003 (14:06:00): 
 Finished loading C:\DistComponents\AvionicsLib_Sent\Shipping\MissileAppSent_rpy\AutopilotModels.omd on Thursday, January 23, 2003 (14:06:00).-

01, 23, 2003 (14:06:00): Opening rpy file SeekerSubsystemModels.omd
01, 23, 2003 (14:06:00): 
 Started loading SeekerSubsystemModels.omd on Thursday, January 23, 2003 (14:06:00).-

01, 23, 2003 (14:06:00): 
 Finished loading SeekerSubsystemModels.omd on Thursday, January 23, 2003 (14:06:00).-

01, 23, 2003 (14:06:00): Opening rpy file C:\DistComponents\AvionicsLib_Sent\Shipping\MissileAppSent_rpy\SeekerSubsystemModels.omd
01, 23, 2003 (14:06:00): 
 Started loading C:\DistComponents\AvionicsLib_Sent\Shipping\MissileAppSent_rpy\SeekerSubsystemModels.omd on Thursday, January 23, 2003 (14:06:00).-

01, 23, 2003 (14:06:00): 

Starting inUnit resolution phase


01, 23, 2003 (14:06:00): 

Finished inUnit resolution phase


01, 23, 2003 (14:06:00): 
 Finished loading C:\DistComponents\AvionicsLib_Sent\Shipping\MissileAppSent_rpy\SeekerSubsystemModels.omd on Thursday, January 23, 2003 (14:06:00).-

01, 23, 2003 (14:06:00): Opening rpy file MissileGuidanceApplication.omd
01, 23, 2003 (14:06:00): 
 Started loading MissileGuidanceApplication.omd on Thursday, January 23, 2003 (14:06:00).-

01, 23, 2003 (14:06:00): 
 Finished loading MissileGuidanceApplication.omd on Thursday, January 23, 2003 (14:06:00).-

01, 23, 2003 (14:06:00): Opening rpy file C:\DistComponents\AvionicsLib_Sent\Shipping\MissileAppSent_rpy\MissileGuidanceApplication.omd
01, 23, 2003 (14:06:00): 
 Started loading C:\DistComponents\AvionicsLib_Sent\Shipping\MissileAppSent_rpy\MissileGuidanceApplication.omd on Thursday, January 23, 2003 (14:06:00).-

01, 23, 2003 (14:06:00): 

Starting inUnit resolution phase


01, 23, 2003 (14:06:00): 

Finished inUnit resolution phase


01, 23, 2003 (14:06:00): 
 Finished loading C:\DistComponents\AvionicsLib_Sent\Shipping\MissileAppSent_rpy\MissileGuidanceApplication.omd on Thursday, January 23, 2003 (14:06:00).-

01, 23, 2003 (14:06:00): Opening rpy file AnimationComponent.cmp
01, 23, 2003 (14:06:00): 
 Started loading AnimationComponent.cmp on Thursday, January 23, 2003 (14:06:00).-

01, 23, 2003 (14:06:00): 
 Finished loading AnimationComponent.cmp on Thursday, January 23, 2003 (14:06:00).-

01, 23, 2003 (14:06:00): Opening rpy file C:\DistComponents\AvionicsLib_Sent\Shipping\MissileAppSent_rpy\AnimationComponent.cmp
01, 23, 2003 (14:06:00): 
 Started loading C:\DistComponents\AvionicsLib_Sent\Shipping\MissileAppSent_rpy\AnimationComponent.cmp on Thursday, January 23, 2003 (14:06:00).-

01, 23, 2003 (14:06:00): 

Starting inUnit resolution phase


01, 23, 2003 (14:06:00): 

Finished inUnit resolution phase


01, 23, 2003 (14:06:00): 
 Finished loading C:\DistComponents\AvionicsLib_Sent\Shipping\MissileAppSent_rpy\AnimationComponent.cmp on Thursday, January 23, 2003 (14:06:00).-

01, 23, 2003 (14:06:00): Opening rpy file DefaultComponent.cmp
01, 23, 2003 (14:06:00): 
 Started loading DefaultComponent.cmp on Thursday, January 23, 2003 (14:06:00).-

01, 23, 2003 (14:06:00): 
 Finished loading DefaultComponent.cmp on Thursday, January 23, 2003 (14:06:00).-

01, 23, 2003 (14:06:00): Opening rpy file C:\DistComponents\AvionicsLib_Sent\Shipping\MissileAppSent_rpy\DefaultComponent.cmp
01, 23, 2003 (14:06:00): 
 Started loading C:\DistComponents\AvionicsLib_Sent\Shipping\MissileAppSent_rpy\DefaultComponent.cmp on Thursday, January 23, 2003 (14:06:00).-

01, 23, 2003 (14:06:00): 

Starting inUnit resolution phase


01, 23, 2003 (14:06:00): 

Finished inUnit resolution phase


01, 23, 2003 (14:06:00): 
 Finished loading C:\DistComponents\AvionicsLib_Sent\Shipping\MissileAppSent_rpy\DefaultComponent.cmp on Thursday, January 23, 2003 (14:06:00).-

01, 23, 2003 (14:06:00): Opening rpy file AnimationComComponent.cmp
01, 23, 2003 (14:06:00): 
 Started loading AnimationComComponent.cmp on Thursday, January 23, 2003 (14:06:00).-

01, 23, 2003 (14:06:00): 
 Finished loading AnimationComComponent.cmp on Thursday, January 23, 2003 (14:06:00).-

01, 23, 2003 (14:06:00): Opening rpy file C:\DistComponents\AvionicsLib_Sent\Shipping\MissileAppSent_rpy\AnimationComComponent.cmp
01, 23, 2003 (14:06:00): 
 Started loading C:\DistComponents\AvionicsLib_Sent\Shipping\MissileAppSent_rpy\AnimationComComponent.cmp on Thursday, January 23, 2003 (14:06:00).-

01, 23, 2003 (14:06:00): 

Starting inUnit resolution phase


01, 23, 2003 (14:06:00): 

Finished inUnit resolution phase


01, 23, 2003 (14:06:00): 
 Finished loading C:\DistComponents\AvionicsLib_Sent\Shipping\MissileAppSent_rpy\AnimationComComponent.cmp on Thursday, January 23, 2003 (14:06:00).-

01, 23, 2003 (14:06:00): 

Starting inUnit resolution phase


01, 23, 2003 (14:06:00): 

Finished inUnit resolution phase


01, 23, 2003 (14:06:00): 

Starting inUnit resolution phase


01, 23, 2003 (14:06:00): 

Finished inUnit resolution phase


01, 23, 2003 (14:06:00): 

Starting inUnit resolution phase


01, 23, 2003 (14:06:00): 

Finished inUnit resolution phase


01, 23, 2003 (14:06:00): 
 Finished loading C:\DistComponents\AvionicsLib_Sent\Shipping\MissileAppSent.rpy on Thursday, January 23, 2003 (14:06:00).-

01, 23, 2003 (14:06:00): Starting checks of EventsBaseID conflicts
01, 23, 2003 (14:06:00): Finished checks of EventsBaseID conflicts
01, 23, 2003 (14:06:00): End Log
