Creating E:\Shipping\MissileAppSent.rpy

Started writing E:\Shipping\MissileAppSent.rpy on Wednesday, January 22, 2003 (17:16:58)


Started writing E:\Shipping\MissileAppSent_rpy\filesTable.dat on Wednesday, January 22, 2003 (17:16:58)

Finished writing E:\Shipping\MissileAppSent_rpy\filesTable.dat on Wednesday, January 22, 2003 (17:16:58)

Creating E:\Shipping\MissileAppSent_rpy\Default.sbs

Started writing E:\Shipping\MissileAppSent_rpy\Default.sbs on Wednesday, January 22, 2003 (17:16:58)

Finished writing E:\Shipping\MissileAppSent_rpy\Default.sbs on Wednesday, January 22, 2003 (17:16:58)

Creating E:\Shipping\MissileAppSent_rpy\AirframePkg.sbs

Started writing E:\Shipping\MissileAppSent_rpy\AirframePkg.sbs on Wednesday, January 22, 2003 (17:16:58)

Finished writing E:\Shipping\MissileAppSent_rpy\AirframePkg.sbs on Wednesday, January 22, 2003 (17:16:58)

Creating E:\Shipping\MissileAppSent_rpy\GuidancePkg.sbs

Started writing E:\Shipping\MissileAppSent_rpy\GuidancePkg.sbs on Wednesday, January 22, 2003 (17:16:58)

Finished writing E:\Shipping\MissileAppSent_rpy\GuidancePkg.sbs on Wednesday, January 22, 2003 (17:16:58)

Creating E:\Shipping\MissileAppSent_rpy\AutopilotPkg.sbs

Started writing E:\Shipping\MissileAppSent_rpy\AutopilotPkg.sbs on Wednesday, January 22, 2003 (17:16:58)

Finished writing E:\Shipping\MissileAppSent_rpy\AutopilotPkg.sbs on Wednesday, January 22, 2003 (17:16:58)

Creating E:\Shipping\MissileAppSent_rpy\Application.sbs

Started writing E:\Shipping\MissileAppSent_rpy\Application.sbs on Wednesday, January 22, 2003 (17:16:58)

Finished writing E:\Shipping\MissileAppSent_rpy\Application.sbs on Wednesday, January 22, 2003 (17:16:59)

Creating E:\Shipping\MissileAppSent_rpy\SeekerSubsystemPkg.sbs

Started writing E:\Shipping\MissileAppSent_rpy\SeekerSubsystemPkg.sbs on Wednesday, January 22, 2003 (17:16:59)

Finished writing E:\Shipping\MissileAppSent_rpy\SeekerSubsystemPkg.sbs on Wednesday, January 22, 2003 (17:16:59)

Creating E:\Shipping\MissileAppSent_rpy\TargetPkg.sbs

Started writing E:\Shipping\MissileAppSent_rpy\TargetPkg.sbs on Wednesday, January 22, 2003 (17:16:59)

Finished writing E:\Shipping\MissileAppSent_rpy\TargetPkg.sbs on Wednesday, January 22, 2003 (17:16:59)

Creating E:\Shipping\MissileAppSent_rpy\DisplayPkg.sbs

Started writing E:\Shipping\MissileAppSent_rpy\DisplayPkg.sbs on Wednesday, January 22, 2003 (17:16:59)

Finished writing E:\Shipping\MissileAppSent_rpy\DisplayPkg.sbs on Wednesday, January 22, 2003 (17:16:59)

Creating E:\Shipping\MissileAppSent_rpy\LibraryPkg.sbs

Started writing E:\Shipping\MissileAppSent_rpy\LibraryPkg.sbs on Wednesday, January 22, 2003 (17:16:59)

Creating E:\Shipping\MissileAppSent_rpy\AvionicsPkg.sbs

Started writing E:\Shipping\MissileAppSent_rpy\AvionicsPkg.sbs on Wednesday, January 22, 2003 (17:16:59)

Finished writing E:\Shipping\MissileAppSent_rpy\AvionicsPkg.sbs on Wednesday, January 22, 2003 (17:16:59)

Finished writing E:\Shipping\MissileAppSent_rpy\LibraryPkg.sbs on Wednesday, January 22, 2003 (17:16:59)

Creating E:\Shipping\MissileAppSent_rpy\AutopilotModels.omd

Started writing E:\Shipping\MissileAppSent_rpy\AutopilotModels.omd on Wednesday, January 22, 2003 (17:16:59)

Finished writing E:\Shipping\MissileAppSent_rpy\AutopilotModels.omd on Wednesday, January 22, 2003 (17:16:59)

Creating E:\Shipping\MissileAppSent_rpy\SeekerSubsystemModels.omd

Started writing E:\Shipping\MissileAppSent_rpy\SeekerSubsystemModels.omd on Wednesday, January 22, 2003 (17:16:59)

Finished writing E:\Shipping\MissileAppSent_rpy\SeekerSubsystemModels.omd on Wednesday, January 22, 2003 (17:16:59)

Creating E:\Shipping\MissileAppSent_rpy\MissileGuidanceApplication.omd

Started writing E:\Shipping\MissileAppSent_rpy\MissileGuidanceApplication.omd on Wednesday, January 22, 2003 (17:16:59)

Finished writing E:\Shipping\MissileAppSent_rpy\MissileGuidanceApplication.omd on Wednesday, January 22, 2003 (17:17:00)

Creating E:\Shipping\MissileAppSent_rpy\AnimationComponent.cmp

Started writing E:\Shipping\MissileAppSent_rpy\AnimationComponent.cmp on Wednesday, January 22, 2003 (17:17:00)

Finished writing E:\Shipping\MissileAppSent_rpy\AnimationComponent.cmp on Wednesday, January 22, 2003 (17:17:00)

Creating E:\Shipping\MissileAppSent_rpy\DefaultComponent.cmp

Started writing E:\Shipping\MissileAppSent_rpy\DefaultComponent.cmp on Wednesday, January 22, 2003 (17:17:00)

Finished writing E:\Shipping\MissileAppSent_rpy\DefaultComponent.cmp on Wednesday, January 22, 2003 (17:17:00)

Creating E:\Shipping\MissileAppSent_rpy\AnimationComComponent.cmp

Started writing E:\Shipping\MissileAppSent_rpy\AnimationComComponent.cmp on Wednesday, January 22, 2003 (17:17:00)

Finished writing E:\Shipping\MissileAppSent_rpy\AnimationComComponent.cmp on Wednesday, January 22, 2003 (17:17:00)

Finished writing E:\Shipping\MissileAppSent.rpy on Wednesday, January 22, 2003 (17:17:00)

End Log
